2024-04-17 18:44:54,267 [INFO] Activator:176 - 


2024-04-17 18:44:54,274 [INFO] Activator:177 - !SESSION log4j initialized
2024-04-17 18:45:01,781 [INFO] LogOutputStream:77 - [STDOUT_REDIRECT] 
2024-04-17 18:45:04,352 [INFO] ApplicationProperties:184 - Using Application install path: /opt/st/stm32cubeide_1.13.2/plugins/com.st.stm32cube.common.mx_6.9.2.202309101412
2024-04-17 18:45:04,373 [INFO] DbMcusXml:78 - Set database path to: /opt/st/stm32cubeide_1.13.2/plugins/com.st.stm32cube.common.mx_6.9.2.202309101412//db//mcu/
2024-04-17 18:45:04,374 [INFO] ApiDb:274 - Set plugin database path to: /opt/st/stm32cubeide_1.13.2/plugins/com.st.stm32cube.common.mx_6.9.2.202309101412//db//plugins/boardmanager/
2024-04-17 18:45:04,374 [WARN] ApiDb:259 - Overriding images path with different value:  => /opt/st/stm32cubeide_1.13.2/plugins/com.st.stm32cube.common.mx_6.9.2.202309101412//db//plugins/mcufinder/images/
2024-04-17 18:45:04,387 [INFO] ApiDb:250 - Set database path to: /home/leandro/.stmcufinder/plugins/mcufinder//mcu/
2024-04-17 18:45:04,389 [INFO] DbMcusAds:125 - Set database path to: /home/leandro/.stmcufinder/plugins/mcufinder//mcu/
2024-04-17 18:45:04,392 [INFO] CrossReferenceDbSqlite:203 - Set database path to: /home/leandro/.stmcufinder/plugins/mcufinder//mcu/cs/
2024-04-17 18:45:04,527 [INFO] RulesReader:64 - Compatibility file has been processed (293 Rules)
2024-04-17 18:45:04,614 [INFO] DbMcusXml:78 - Set database path to: /opt/st/stm32cubeide_1.13.2/plugins/com.st.stm32cube.common.mx_6.9.2.202309101412//db//mcu/
2024-04-17 18:45:04,614 [INFO] ApiDb:274 - Set plugin database path to: /opt/st/stm32cubeide_1.13.2/plugins/com.st.stm32cube.common.mx_6.9.2.202309101412//db//plugins/boardmanager/
2024-04-17 18:45:04,615 [INFO] ApiDb:261 - Set plugin images path to: /opt/st/stm32cubeide_1.13.2/plugins/com.st.stm32cube.common.mx_6.9.2.202309101412//db//plugins/mcufinder/images/
2024-04-17 18:45:04,615 [WARN] DbFile:41 - Overriding database path with different value: /home/leandro/.stmcufinder/plugins/mcufinder/ => /home/leandro/.stmcufinder/plugins/mcufinder
2024-04-17 18:45:04,615 [INFO] ApiDb:250 - Set database path to: /home/leandro/.stmcufinder/plugins/mcufinder//mcu/
2024-04-17 18:45:04,615 [WARN] DbFile:41 - Overriding database path with different value: /home/leandro/.stmcufinder/plugins/mcufinder/ => /home/leandro/.stmcufinder/plugins/mcufinder
2024-04-17 18:45:04,615 [INFO] DbMcusAds:125 - Set database path to: /home/leandro/.stmcufinder/plugins/mcufinder//mcu/
2024-04-17 18:45:04,616 [WARN] DbFile:41 - Overriding database path with different value: /home/leandro/.stmcufinder/plugins/mcufinder/ => /home/leandro/.stmcufinder/plugins/mcufinder
2024-04-17 18:45:04,616 [WARN] DbFile:41 - Overriding database path with different value: /home/leandro/.stmcufinder/plugins/mcufinder/ => /home/leandro/.stmcufinder/plugins/mcufinder
2024-04-17 18:45:04,616 [INFO] CrossReferenceDbSqlite:203 - Set database path to: /home/leandro/.stmcufinder/plugins/mcufinder//mcu/cs/
2024-04-17 18:45:04,688 [INFO] MainPanel:262 - HeapMemory: 268435456
2024-04-17 18:45:04,777 [INFO] DbMcusXml:78 - Set database path to: /opt/st/stm32cubeide_1.13.2/plugins/com.st.stm32cube.common.mx_6.9.2.202309101412//db//mcu/
2024-04-17 18:45:04,777 [INFO] ApiDb:274 - Set plugin database path to: /opt/st/stm32cubeide_1.13.2/plugins/com.st.stm32cube.common.mx_6.9.2.202309101412//db//plugins/boardmanager/
2024-04-17 18:45:04,777 [INFO] ApiDb:261 - Set plugin images path to: /opt/st/stm32cubeide_1.13.2/plugins/com.st.stm32cube.common.mx_6.9.2.202309101412//db//plugins/mcufinder/images/
2024-04-17 18:45:04,778 [WARN] DbFile:41 - Overriding database path with different value: /home/leandro/.stmcufinder/plugins/mcufinder/ => /home/leandro/.stmcufinder/plugins/mcufinder
2024-04-17 18:45:04,778 [INFO] ApiDb:250 - Set database path to: /home/leandro/.stmcufinder/plugins/mcufinder//mcu/
2024-04-17 18:45:04,778 [WARN] DbFile:41 - Overriding database path with different value: /home/leandro/.stmcufinder/plugins/mcufinder/ => /home/leandro/.stmcufinder/plugins/mcufinder
2024-04-17 18:45:04,778 [INFO] DbMcusAds:125 - Set database path to: /home/leandro/.stmcufinder/plugins/mcufinder//mcu/
2024-04-17 18:45:04,779 [WARN] DbFile:41 - Overriding database path with different value: /home/leandro/.stmcufinder/plugins/mcufinder/ => /home/leandro/.stmcufinder/plugins/mcufinder
2024-04-17 18:45:04,779 [WARN] DbFile:41 - Overriding database path with different value: /home/leandro/.stmcufinder/plugins/mcufinder/ => /home/leandro/.stmcufinder/plugins/mcufinder
2024-04-17 18:45:04,779 [INFO] CrossReferenceDbSqlite:203 - Set database path to: /home/leandro/.stmcufinder/plugins/mcufinder//mcu/cs/
2024-04-17 18:45:04,796 [INFO] ApplicationProperties:184 - Using Application install path: /opt/st/stm32cubeide_1.13.2/plugins/com.st.stm32cube.common.mx_6.9.2.202309101412
2024-04-17 18:45:04,798 [INFO] PluginManage:196 - Search for loadable plugins [exclusion list=, ]
2024-04-17 18:45:04,800 [INFO] PluginManage:310 - Check plugin analytics
2024-04-17 18:45:05,028 [INFO] AnalyticsPlugin:253 - Accepted Software Licenses: STM32CubeMX.6.8.1
2024-04-17 18:45:05,029 [INFO] AnalyticsPlugin:255 - Accepted CMSIS Pack Licenses: 
2024-04-17 18:45:05,029 [INFO] AnalyticsPlugin:257 - Accepted Firmware Licenses: FW.H7.1.11.0,FW.F4.1.27.0
2024-04-17 18:45:05,032 [INFO] PluginManage:359 - Loaded plugin analytics (category:tool,tabindex:-1)
2024-04-17 18:45:05,033 [INFO] PluginManage:310 - Check plugin cadmodel
2024-04-17 18:45:05,068 [INFO] CADModel:105 - Init CAD model plugin
2024-04-17 18:45:05,068 [INFO] PluginManage:359 - Loaded plugin cadmodel (category:power,tabindex:5)
2024-04-17 18:45:05,069 [INFO] PluginManage:310 - Check plugin clock
2024-04-17 18:45:05,097 [INFO] PluginManage:359 - Loaded plugin clock (category:base,tabindex:2)
2024-04-17 18:45:05,097 [INFO] PluginManage:310 - Check plugin ddr
2024-04-17 18:45:05,100 [INFO] PluginManage:359 - Loaded plugin ddr (category:tool,tabindex:6)
2024-04-17 18:45:05,100 [INFO] PluginManage:310 - Check plugin filemanager
2024-04-17 18:45:05,288 [INFO] PluginManage:359 - Loaded plugin filemanager (category:base,tabindex:10)
2024-04-17 18:45:05,288 [INFO] PluginManage:310 - Check plugin ipmanager
2024-04-17 18:45:05,297 [INFO] PluginManage:359 - Loaded plugin ipmanager (category:base,tabindex:5)
2024-04-17 18:45:05,297 [INFO] PluginManage:310 - Check plugin lpbam
2024-04-17 18:45:05,312 [INFO] PluginManage:359 - Loaded plugin lpbam (category:base,tabindex:0)
2024-04-17 18:45:05,313 [INFO] PluginManage:310 - Check plugin memorymap
2024-04-17 18:45:05,325 [INFO] PluginManage:359 - Loaded plugin memorymap (category:base,tabindex:4)
2024-04-17 18:45:05,326 [INFO] PluginManage:310 - Check plugin pinoutandconfiguration
2024-04-17 18:45:05,334 [INFO] PluginManage:359 - Loaded plugin pinoutandconfiguration (category:base,tabindex:1)
2024-04-17 18:45:05,334 [INFO] PluginManage:310 - Check plugin pinoutconfig
2024-04-17 18:45:05,451 [WARN] SupportedApi:132 - Cannot load RTOS API schema: s4s-elt-must-match.1: The content of 'definitions' must match (annotation?, (simpleType | complexType)?, (unique | key | keyref)*)). A problem was found starting at: attribute.
2024-04-17 18:45:05,631 [INFO] PluginManage:359 - Loaded plugin pinoutconfig (category:base,tabindex:0)
2024-04-17 18:45:05,632 [INFO] PluginManage:310 - Check plugin power
2024-04-17 18:45:05,644 [INFO] PluginManage:359 - Loaded plugin power (category:power,tabindex:4)
2024-04-17 18:45:05,644 [INFO] PluginManage:310 - Check plugin projectmanager
2024-04-17 18:45:05,666 [INFO] PluginManage:359 - Loaded plugin projectmanager (category:projectmanager,tabindex:3)
2024-04-17 18:45:05,667 [INFO] PluginManage:310 - Check plugin thirdparty
2024-04-17 18:45:05,830 [INFO] PluginManage:359 - Loaded plugin thirdparty (category:base,tabindex:-1)
2024-04-17 18:45:05,831 [INFO] PluginManage:310 - Check plugin tools
2024-04-17 18:45:05,833 [WARN] IntegrityCheckThread:84 - waiting for thirdparty lock release [integrity check]
2024-04-17 18:45:05,834 [INFO] PluginManage:359 - Loaded plugin tools (category:base,tabindex:7)
2024-04-17 18:45:05,834 [INFO] PluginManage:310 - Check plugin tutovideos
2024-04-17 18:45:05,835 [INFO] IntegrityCheckThread:86 - entering critical section [integrity check]
2024-04-17 18:45:05,836 [INFO] ThirdPartyUpdaterWithRetryManager:70 - Updater plugin not ready yet. [1/15]
2024-04-17 18:45:06,029 [INFO] PluginManage:359 - Loaded plugin tutovideos (category:base,tabindex:-1)
2024-04-17 18:45:06,029 [INFO] PluginManage:310 - Check plugin updater
2024-04-17 18:45:06,049 [INFO] PluginManage:359 - Loaded plugin updater (category:base,tabindex:12)
2024-04-17 18:45:06,049 [INFO] PluginManage:310 - Check plugin userauth
2024-04-17 18:45:06,054 [INFO] UserAuth:113 - Init User Auth plugin
2024-04-17 18:45:06,055 [INFO] PluginManage:359 - Loaded plugin userauth (category:base,tabindex:14)
2024-04-17 18:45:06,056 [INFO] PluginManage:283 - PluginManage : Loaded plugins [17]
2024-04-17 18:45:06,292 [INFO] PinOutPanel:1499 - setPackage(No Configuration,No Configuration)
2024-04-17 18:45:06,413 [INFO] CADModel:165 - CPN selected for project level
2024-04-17 18:45:06,413 [INFO] CADModel:114 - Register for checkConnection events
2024-04-17 18:45:06,425 [INFO] IPUIPlugin:80 - create IPUIPlugin
2024-04-17 18:45:06,426 [INFO] PluginManager:220 - loadIPPluginJar : add i2s
2024-04-17 18:45:06,428 [INFO] IPUIPlugin:80 - create IPUIPlugin
2024-04-17 18:45:06,428 [INFO] PluginManager:220 - loadIPPluginJar : add dfsdm
2024-04-17 18:45:06,431 [INFO] IPUIPlugin:80 - create IPUIPlugin
2024-04-17 18:45:06,432 [INFO] PluginManager:220 - loadIPPluginJar : add dma3
2024-04-17 18:45:06,433 [INFO] IPUIPlugin:80 - create IPUIPlugin
2024-04-17 18:45:06,433 [INFO] PluginManager:220 - loadIPPluginJar : add comp
2024-04-17 18:45:06,436 [INFO] IPUIPlugin:80 - create IPUIPlugin
2024-04-17 18:45:06,436 [INFO] PluginManager:220 - loadIPPluginJar : add pdm2pcm
2024-04-17 18:45:06,441 [INFO] IPUIPlugin:80 - create IPUIPlugin
2024-04-17 18:45:06,442 [INFO] PluginManager:220 - loadIPPluginJar : add fmc
2024-04-17 18:45:06,444 [INFO] IPUIPlugin:80 - create IPUIPlugin
2024-04-17 18:45:06,444 [INFO] PluginManager:220 - loadIPPluginJar : add touchsensing
2024-04-17 18:45:06,446 [INFO] IPUIPlugin:80 - create IPUIPlugin
2024-04-17 18:45:06,447 [INFO] PluginManager:220 - loadIPPluginJar : add cryp
2024-04-17 18:45:06,449 [INFO] IPUIPlugin:80 - create IPUIPlugin
2024-04-17 18:45:06,449 [INFO] PluginManager:220 - loadIPPluginJar : add hash
2024-04-17 18:45:06,451 [INFO] IPUIPlugin:80 - create IPUIPlugin
2024-04-17 18:45:06,451 [INFO] PluginManager:220 - loadIPPluginJar : add ts
2024-04-17 18:45:06,453 [INFO] IPUIPlugin:80 - create IPUIPlugin
2024-04-17 18:45:06,453 [INFO] PluginManager:220 - loadIPPluginJar : add gfxmmu
2024-04-17 18:45:06,455 [INFO] IPUIPlugin:80 - create IPUIPlugin
2024-04-17 18:45:06,456 [INFO] PluginManager:220 - loadIPPluginJar : add spi
2024-04-17 18:45:06,461 [INFO] IPUIPlugin:80 - create IPUIPlugin
2024-04-17 18:45:06,464 [INFO] PluginManager:220 - loadIPPluginJar : add plateformsettings
2024-04-17 18:45:06,466 [INFO] IPUIPlugin:80 - create IPUIPlugin
2024-04-17 18:45:06,467 [INFO] PluginManager:220 - loadIPPluginJar : add sai
2024-04-17 18:45:06,470 [INFO] IPUIPlugin:80 - create IPUIPlugin
2024-04-17 18:45:06,470 [INFO] PluginManager:220 - loadIPPluginJar : add opamp
2024-04-17 18:45:06,476 [INFO] IPUIPlugin:80 - create IPUIPlugin
2024-04-17 18:45:06,476 [INFO] PluginManager:220 - loadIPPluginJar : add adc
2024-04-17 18:45:06,480 [INFO] IPUIPlugin:80 - create IPUIPlugin
2024-04-17 18:45:06,480 [INFO] PluginManager:220 - loadIPPluginJar : add stm32_wpan
2024-04-17 18:45:06,482 [INFO] IPUIPlugin:80 - create IPUIPlugin
2024-04-17 18:45:06,483 [INFO] PluginManager:220 - loadIPPluginJar : add aes
2024-04-17 18:45:06,484 [INFO] IPUIPlugin:80 - create IPUIPlugin
2024-04-17 18:45:06,484 [INFO] PluginManager:220 - loadIPPluginJar : add tim
2024-04-17 18:45:06,487 [INFO] IPUIPlugin:80 - create IPUIPlugin
2024-04-17 18:45:06,487 [INFO] PluginManager:220 - loadIPPluginJar : add i2c
2024-04-17 18:45:06,491 [INFO] IPUIPlugin:80 - create IPUIPlugin
2024-04-17 18:45:06,492 [INFO] PluginManager:220 - loadIPPluginJar : add gic
2024-04-17 18:45:06,493 [INFO] IPUIPlugin:80 - create IPUIPlugin
2024-04-17 18:45:06,494 [INFO] PluginManager:220 - loadIPPluginJar : add tracer_emb
2024-04-17 18:45:06,495 [INFO] IPUIPlugin:80 - create IPUIPlugin
2024-04-17 18:45:06,496 [INFO] PluginManager:220 - loadIPPluginJar : add genericplugin
2024-04-17 18:45:06,497 [INFO] IPUIPlugin:80 - create IPUIPlugin
2024-04-17 18:45:06,497 [INFO] PluginManager:220 - loadIPPluginJar : add tsc
2024-04-17 18:45:06,500 [INFO] IPUIPlugin:80 - create IPUIPlugin
2024-04-17 18:45:06,500 [INFO] PluginManager:220 - loadIPPluginJar : add gtzc
2024-04-17 18:45:06,503 [INFO] IPUIPlugin:80 - create IPUIPlugin
2024-04-17 18:45:06,504 [INFO] PluginManager:220 - loadIPPluginJar : add ipddr
2024-04-17 18:45:06,506 [INFO] IPUIPlugin:80 - create IPUIPlugin
2024-04-17 18:45:06,507 [INFO] PluginManager:220 - loadIPPluginJar : add resmgrutility
2024-04-17 18:45:06,510 [INFO] IPUIPlugin:80 - create IPUIPlugin
2024-04-17 18:45:06,510 [INFO] PluginManager:220 - loadIPPluginJar : add nvic
2024-04-17 18:45:06,515 [INFO] IPUIPlugin:80 - create IPUIPlugin
2024-04-17 18:45:06,515 [INFO] PluginManager:220 - loadIPPluginJar : add mdma
2024-04-17 18:45:06,517 [INFO] IPUIPlugin:80 - create IPUIPlugin
2024-04-17 18:45:06,517 [INFO] PluginManager:220 - loadIPPluginJar : add ucpd
2024-04-17 18:45:06,523 [INFO] IPUIPlugin:80 - create IPUIPlugin
2024-04-17 18:45:06,524 [INFO] PluginManager:220 - loadIPPluginJar : add linkedlist
2024-04-17 18:45:06,526 [INFO] IPUIPlugin:80 - create IPUIPlugin
2024-04-17 18:45:06,526 [INFO] PluginManager:220 - loadIPPluginJar : add usart
2024-04-17 18:45:06,527 [INFO] IPUIPlugin:80 - create IPUIPlugin
2024-04-17 18:45:06,527 [INFO] PluginManager:220 - loadIPPluginJar : add ltdc
2024-04-17 18:45:06,530 [INFO] IPUIPlugin:80 - create IPUIPlugin
2024-04-17 18:45:06,530 [INFO] PluginManager:220 - loadIPPluginJar : add can
2024-04-17 18:45:06,531 [INFO] IPUIPlugin:80 - create IPUIPlugin
2024-04-17 18:45:06,531 [INFO] PluginManager:220 - loadIPPluginJar : add fatfs
2024-04-17 18:45:06,534 [INFO] IPUIPlugin:80 - create IPUIPlugin
2024-04-17 18:45:06,534 [INFO] PluginManager:220 - loadIPPluginJar : add usbx
2024-04-17 18:45:06,539 [INFO] IPUIPlugin:80 - create IPUIPlugin
2024-04-17 18:45:06,540 [INFO] PluginManager:220 - loadIPPluginJar : add dma
2024-04-17 18:45:06,541 [INFO] IPUIPlugin:80 - create IPUIPlugin
2024-04-17 18:45:06,541 [INFO] PluginManager:220 - loadIPPluginJar : add quadspi
2024-04-17 18:45:06,546 [INFO] IPUIPlugin:80 - create IPUIPlugin
2024-04-17 18:45:06,547 [INFO] PluginManager:220 - loadIPPluginJar : add freertos
2024-04-17 18:45:06,549 [INFO] IPUIPlugin:80 - create IPUIPlugin
2024-04-17 18:45:06,549 [INFO] PluginManager:220 - loadIPPluginJar : add lorawan
2024-04-17 18:45:06,551 [INFO] IPUIPlugin:80 - create IPUIPlugin
2024-04-17 18:45:06,551 [INFO] PluginManager:220 - loadIPPluginJar : add i3c
2024-04-17 18:45:06,555 [INFO] IPUIPlugin:80 - create IPUIPlugin
2024-04-17 18:45:06,555 [INFO] PluginManager:220 - loadIPPluginJar : add gpio
2024-04-17 18:45:06,557 [INFO] IPUIPlugin:80 - create IPUIPlugin
2024-04-17 18:45:06,558 [INFO] PluginManager:220 - loadIPPluginJar : add openamp
2024-04-17 18:45:06,662 [INFO] CADModel:165 - CPN selected for project level
2024-04-17 18:45:06,662 [INFO] CADModel:114 - Register for checkConnection events
2024-04-17 18:45:06,662 [FATAL] Updater:308 - Updater called before beeing initialized
2024-04-17 18:45:06,663 [ERROR] CADModel:125 - Updater not yet initialized, retry later 
2024-04-17 18:45:06,800 [INFO] CADModel:165 - CPN selected for project level
2024-04-17 18:45:06,801 [INFO] CADModel:114 - Register for checkConnection events
2024-04-17 18:45:06,801 [FATAL] Updater:308 - Updater called before beeing initialized
2024-04-17 18:45:06,801 [ERROR] CADModel:125 - Updater not yet initialized, retry later 
2024-04-17 18:45:06,804 [FATAL] Updater:308 - Updater called before beeing initialized
2024-04-17 18:45:06,913 [FATAL] Updater:308 - Updater called before beeing initialized
2024-04-17 18:45:06,921 [INFO] DbMcusAds:53 - JSON generation date=Wed Nov 29 07:52:27 BRT 2023 (1701255147349)
2024-04-17 18:45:06,921 [FATAL] Updater:308 - Updater called before beeing initialized
2024-04-17 18:45:06,968 [WARN] DetailPanel:346 - Failed to get advertising image, set to default
2024-04-17 18:45:07,075 [FATAL] Updater:308 - Updater called before beeing initialized
2024-04-17 18:45:07,076 [FATAL] Updater:308 - Updater called before beeing initialized
2024-04-17 18:45:07,077 [FATAL] Updater:308 - Updater called before beeing initialized
2024-04-17 18:45:07,077 [WARN] DetailPanel:346 - Failed to get advertising image, set to default
2024-04-17 18:45:07,078 [FATAL] Updater:308 - Updater called before beeing initialized
2024-04-17 18:45:07,121 [ERROR] Updater:1120 - MainUpdater not yet initialized. External WinMGr cannot be set.
2024-04-17 18:45:07,124 [INFO] Updater:1056 - Updater Version found : 6.9.2
2024-04-17 18:45:07,150 [INFO] ApplicationProperties:184 - Using Application install path: /opt/st/stm32cubeide_1.13.2/plugins/com.st.stm32cube.common.mx_6.9.2.202309101412
2024-04-17 18:45:07,716 [INFO] MainUpdater:2868 - connection check result : 10
2024-04-17 18:45:07,717 [INFO] MainUpdater:285 - Updater Check For Update Now.
2024-04-17 18:45:07,717 [INFO] MicroXplorer:498 - Change Database Version : DB.6.0.92
2024-04-17 18:45:07,724 [INFO] McuFinderGlobals:63 - Set McuFinder mode to 2 (CubeIDE integrated)
2024-04-17 18:45:07,953 [INFO] CheckServerUpdateThread:120 - End of CheckServer Thread
2024-04-17 18:45:08,989 [WARN] PackLoader:240 - Cannot read IP mode file for STMicroelectronics.X-CUBE-SMBUS.2.1.0
2024-04-17 18:45:08,998 [WARN] PackLoader:240 - Cannot read IP mode file for STMicroelectronics.X-CUBE-TOUCHGFX.4.23.0
2024-04-17 18:45:09,002 [WARN] PackLoader:240 - Cannot read IP mode file for STMicroelectronics.X-CUBE-TOUCHGFX.4.23.2
2024-04-17 18:45:09,053 [WARN] PackLoader:240 - Cannot read IP mode file for STMicroelectronics.X-CUBE-AZRTOS-F7.1.1.0
2024-04-17 18:45:09,070 [WARN] PackLoader:240 - Cannot read IP mode file for STMicroelectronics.FP-SNS-MOTENV1.4.3.2
2024-04-17 18:45:09,080 [WARN] PackLoader:240 - Cannot read IP mode file for STMicroelectronics.FP-SNS-FLIGHT1.5.0.1
2024-04-17 18:45:09,090 [WARN] PackLoader:240 - Cannot read IP mode file for STMicroelectronics.X-CUBE-BLE1.6.2.4
2024-04-17 18:45:09,097 [WARN] PackLoader:240 - Cannot read IP mode file for STMicroelectronics.FP-SNS-FLIGHT1.5.0.2
2024-04-17 18:45:09,109 [WARN] PackLoader:240 - Cannot read IP mode file for STMicroelectronics.X-CUBE-DISPLAY.3.0.0
2024-04-17 18:45:09,124 [WARN] PackLoader:240 - Cannot read IP mode file for STMicroelectronics.X-CUBE-BLE1.7.0.0
2024-04-17 18:45:09,132 [WARN] PackLoader:240 - Cannot read IP mode file for emotas.I-CUBE-CANOPEN.1.3.0
2024-04-17 18:45:09,136 [WARN] PackLoader:240 - Cannot read IP mode file for STMicroelectronics.X-CUBE-TOUCHGFX.4.22.0
2024-04-17 18:45:09,139 [WARN] PackLoader:240 - Cannot read IP mode file for STMicroelectronics.X-CUBE-TOUCHGFX.4.22.1
2024-04-17 18:45:09,158 [WARN] PackLoader:240 - Cannot read IP mode file for STMicroelectronics.X-CUBE-BLEMGR.3.1.0
2024-04-17 18:45:09,170 [WARN] PackLoader:240 - Cannot read IP mode file for STMicroelectronics.FP-SNS-SMARTAG2.1.2.0
2024-04-17 18:45:09,191 [INFO] LogOutputStream:77 - [STDOUT_REDIRECT] 1 : Invalid condition id : UX_CORESTACK_Condition cause : null
2024-04-17 18:45:09,192 [INFO] LogOutputStream:77 - [STDOUT_REDIRECT] 1 : Invalid condition id : UX_CORESTACK_Condition cause : null
2024-04-17 18:45:09,192 [INFO] LogOutputStream:77 - [STDOUT_REDIRECT] 1 : Invalid condition id : UX_CORESTACK_Condition cause : null
2024-04-17 18:45:09,193 [INFO] LogOutputStream:77 - [STDOUT_REDIRECT] 1 : Invalid condition id : UX_CORESTACK_Condition cause : null
2024-04-17 18:45:09,193 [INFO] LogOutputStream:77 - [STDOUT_REDIRECT] 1 : Invalid condition id : UX_CORESTACK_Condition cause : null
2024-04-17 18:45:09,201 [WARN] PackLoader:240 - Cannot read IP mode file for STMicroelectronics.X-CUBE-AZRTOS-WL.2.0.0
2024-04-17 18:45:09,209 [WARN] PackLoader:240 - Cannot read IP mode file for STMicroelectronics.FP-SNS-MOTENV1.5.0.0
2024-04-17 18:45:09,222 [WARN] PackLoader:240 - Cannot read IP mode file for WES.I-CUBE-Cesium.1.3.0
2024-04-17 18:45:09,228 [WARN] PackLoader:240 - Cannot read IP mode file for STMicroelectronics.X-CUBE-BLE2.3.3.0
2024-04-17 18:45:09,237 [WARN] PackLoader:240 - Cannot read IP mode file for STMicroelectronics.X-CUBE-TCPP.4.1.0
2024-04-17 18:45:09,248 [WARN] PackLoader:240 - Cannot read IP mode file for STMicroelectronics.X-CUBE-ALGOBUILD.1.3.0
2024-04-17 18:45:09,280 [WARN] PackLoader:240 - Cannot read IP mode file for STMicroelectronics.X-CUBE-AZRTOS-G0.1.1.0
2024-04-17 18:45:09,292 [WARN] PackLoader:240 - Cannot read IP mode file for STMicroelectronics.X-CUBE-SAFEA1.1.2.2
2024-04-17 18:45:09,299 [WARN] PackLoader:240 - Cannot read IP mode file for STMicroelectronics.X-CUBE-NFC4.3.0.0
2024-04-17 18:45:09,305 [WARN] PackLoader:240 - Cannot read IP mode file for STMicroelectronics.FP-ATR-SIGFOX1.3.2.0
2024-04-17 18:45:09,313 [WARN] PackLoader:240 - Cannot read IP mode file for STMicroelectronics.X-CUBE-EEPRMA1.5.1.0
2024-04-17 18:45:09,367 [WARN] PackLoader:240 - Cannot read IP mode file for SEGGER.I-CUBE-embOS.1.3.1
2024-04-17 18:45:09,506 [WARN] PackLoader:240 - Cannot read IP mode file for STMicroelectronics.X-CUBE-GNSS1.6.0.0
2024-04-17 18:45:09,539 [WARN] PackLoader:240 - Cannot read IP mode file for STMicroelectronics.X-CUBE-AZRTOS-F4.1.1.0
2024-04-17 18:45:09,553 [WARN] PackLoader:240 - Cannot read IP mode file for wolfSSL.I-CUBE-wolfSSL.5.6.3
2024-04-17 18:45:09,583 [WARN] PackLoader:240 - Cannot read IP mode file for STMicroelectronics.X-CUBE-AZRTOS-L5.2.0.0
2024-04-17 18:45:09,662 [WARN] PackLoader:240 - Cannot read IP mode file for STMicroelectronics.X-CUBE-MEMS1.9.6.0
2024-04-17 18:45:09,970 [WARN] PackLoader:240 - Cannot read IP mode file for STMicroelectronics.X-CUBE-NFC6.3.1.0
2024-04-17 18:45:09,980 [WARN] PackLoader:240 - Cannot read IP mode file for ITTIA_DB.I-CUBE-ITTIADB.8.8.0
2024-04-17 18:45:09,989 [WARN] PackLoader:240 - Cannot read IP mode file for STMicroelectronics.X-CUBE-BLEMGR.2.0.0
2024-04-17 18:45:10,021 [WARN] ConditionMgr:438 - getConditionDescription Invalid condition id : UX DEVICE CLASS RTOS Condition cause : null
2024-04-17 18:45:10,021 [WARN] ConditionMgr:438 - getConditionDescription Invalid condition id : UX DEVICE CLASS RTOS Condition cause : null
2024-04-17 18:45:10,027 [WARN] PackLoader:240 - Cannot read IP mode file for STMicroelectronics.X-CUBE-AZRTOS-H7.3.1.0
2024-04-17 18:45:10,029 [WARN] ConditionMgr:1039 - genDependencies : Invalid condition id : UX DEVICE CLASS RTOS Condition cause : null
2024-04-17 18:45:10,029 [WARN] ConditionMgr:1039 - genDependencies : Invalid condition id : UX DEVICE CLASS RTOS Condition cause : null
2024-04-17 18:45:10,031 [WARN] ConditionMgr:1039 - genDependencies : Invalid condition id : UX DEVICE CLASS RTOS Condition cause : null
2024-04-17 18:45:10,032 [WARN] ConditionMgr:1039 - genDependencies : Invalid condition id : UX DEVICE CLASS RTOS Condition cause : null
2024-04-17 18:45:10,032 [WARN] ConditionMgr:1039 - genDependencies : Invalid condition id : UX DEVICE CLASS RTOS Condition cause : null
2024-04-17 18:45:10,040 [WARN] PackLoader:240 - Cannot read IP mode file for STMicroelectronics.X-CUBE-NFC7.1.0.1
2024-04-17 18:45:10,050 [WARN] PackLoader:240 - Cannot read IP mode file for STMicroelectronics.X-CUBE-NFC6.3.0.0
2024-04-17 18:45:10,060 [WARN] PackLoader:240 - Cannot read IP mode file for STMicroelectronics.X-CUBE-EEPRMA1.4.1.0
2024-04-17 18:45:10,066 [WARN] PackLoader:240 - Cannot read IP mode file for STMicroelectronics.X-CUBE-AI.8.1.0
2024-04-17 18:45:10,095 [WARN] ConditionMgr:438 - getConditionDescription Invalid condition id : LAN8742 Phy interface Condition cause : null
2024-04-17 18:45:10,096 [WARN] PackLoader:240 - Cannot read IP mode file for STMicroelectronics.X-CUBE-AZRTOS-L4.2.0.0
2024-04-17 18:45:10,098 [WARN] ConditionMgr:1039 - genDependencies : Invalid condition id : LAN8742 Phy interface Condition cause : null
2024-04-17 18:45:10,099 [WARN] ConditionMgr:1039 - genDependencies : Invalid condition id : LAN8742 Phy interface Condition cause : null
2024-04-17 18:45:10,100 [WARN] ConditionMgr:1039 - genDependencies : Invalid condition id : LAN8742 Phy interface Condition cause : null
2024-04-17 18:45:10,110 [WARN] PackLoader:240 - Cannot read IP mode file for STMicroelectronics.X-CUBE-SFXS2LP1.4.0.0
2024-04-17 18:45:10,116 [WARN] PackLoader:240 - Cannot read IP mode file for STMicroelectronics.X-CUBE-ISPU.1.1.0
2024-04-17 18:45:10,160 [WARN] ConditionMgr:438 - getConditionDescription Invalid condition id : UX DEVICE CLASS RTOS Condition cause : null
2024-04-17 18:45:10,161 [WARN] ConditionMgr:438 - getConditionDescription Invalid condition id : UX DEVICE CLASS RTOS Condition cause : null
2024-04-17 18:45:10,165 [WARN] PackLoader:240 - Cannot read IP mode file for STMicroelectronics.X-CUBE-AZRTOS-WB.2.0.0
2024-04-17 18:45:10,166 [WARN] ConditionMgr:1039 - genDependencies : Invalid condition id : UX DEVICE CLASS RTOS Condition cause : null
2024-04-17 18:45:10,167 [WARN] ConditionMgr:1039 - genDependencies : Invalid condition id : UX DEVICE CLASS RTOS Condition cause : null
2024-04-17 18:45:10,167 [WARN] ConditionMgr:1039 - genDependencies : Invalid condition id : UX DEVICE CLASS RTOS Condition cause : null
2024-04-17 18:45:10,168 [WARN] ConditionMgr:1039 - genDependencies : Invalid condition id : UX DEVICE CLASS RTOS Condition cause : null
2024-04-17 18:45:10,169 [WARN] ConditionMgr:1039 - genDependencies : Invalid condition id : UX DEVICE CLASS RTOS Condition cause : null
2024-04-17 18:45:10,176 [WARN] PackLoader:240 - Cannot read IP mode file for STMicroelectronics.X-CUBE-FREERTOS.1.0.1
2024-04-17 18:45:10,197 [WARN] PackLoader:240 - Cannot read IP mode file for STMicroelectronics.X-CUBE-AZRTOS-L5.1.1.0
2024-04-17 18:45:10,203 [WARN] PackLoader:240 - Cannot read IP mode file for STMicroelectronics.X-CUBE-AI.8.0.1
2024-04-17 18:45:10,217 [WARN] PackLoader:240 - Cannot read IP mode file for STMicroelectronics.X-CUBE-SUBG2.5.0.0
2024-04-17 18:45:10,239 [WARN] PackLoader:240 - Cannot read IP mode file for STMicroelectronics.X-CUBE-TOF1.3.3.1
2024-04-17 18:45:10,275 [WARN] PackLoader:240 - Cannot read IP mode file for STMicroelectronics.X-CUBE-AZRTOS-G4.2.0.0
2024-04-17 18:45:10,289 [WARN] PackLoader:240 - Cannot read IP mode file for STMicroelectronics.X-CUBE-TOF1.3.3.0
2024-04-17 18:45:10,319 [WARN] PackLoader:240 - Cannot read IP mode file for Infineon.AIROC-Wi-Fi-Bluetooth-STM32.1.5.1
2024-04-17 18:45:10,328 [WARN] PackLoader:240 - Cannot read IP mode file for STMicroelectronics.FP-SNS-MOTENVWB1.1.3.1
2024-04-17 18:45:10,333 [WARN] PackLoader:240 - Cannot read IP mode file for STMicroelectronics.X-CUBE-ISPU.2.0.0
2024-04-17 18:45:10,396 [WARN] PackLoader:240 - Cannot read IP mode file for STMicroelectronics.X-CUBE-MEMS1.10.0.0
2024-04-17 18:45:10,587 [WARN] PackLoader:240 - Cannot read IP mode file for STMicroelectronics.X-CUBE-FREERTOS.1.1.0
2024-04-17 18:45:10,594 [WARN] PackLoader:240 - Cannot read IP mode file for portGmbH.I-Cube-SoM-uGOAL.1.1.0
2024-04-17 18:45:10,598 [WARN] PackLoader:240 - Cannot read IP mode file for STMicroelectronics.X-CUBE-ALS.1.0.1
2024-04-17 18:45:10,618 [WARN] PackLoader:240 - Cannot read IP mode file for STMicroelectronics.X-CUBE-AZRTOS-WB.1.1.0
2024-04-17 18:45:10,623 [WARN] PackLoader:240 - Cannot read IP mode file for STMicroelectronics.FP-ATR-ASTRA1.2.0.0
2024-04-17 18:45:10,636 [WARN] PackLoader:240 - Cannot read IP mode file for STMicroelectronics.X-CUBE-TOF1.3.4.1
2024-04-17 18:45:10,668 [WARN] PackLoader:240 - Cannot read IP mode file for STMicroelectronics.X-CUBE-AZRTOS-H7.3.2.0
2024-04-17 18:45:10,674 [INFO] ThirdParty:978 - Integrity check success = true
2024-04-17 18:45:10,674 [INFO] IntegrityCheckThread:100 - exiting critical section [integrity check]
2024-04-17 18:45:10,674 [INFO] IntegrityCheckThread:103 - End integrity checks thread
2024-04-17 18:45:28,787 [ERROR] LogOutputStream:75 - [STDERR_REDIRECT] SLF4J: Failed to load class "org.slf4j.impl.StaticLoggerBinder".
2024-04-17 18:45:28,788 [ERROR] LogOutputStream:75 - [STDERR_REDIRECT] SLF4J: Defaulting to no-operation (NOP) logger implementation
2024-04-17 18:45:28,789 [ERROR] LogOutputStream:75 - [STDERR_REDIRECT] SLF4J: See http://www.slf4j.org/codes.html#StaticLoggerBinder for further details.
2024-04-17 19:37:05,971 [INFO] McuFinderGlobals:63 - Set McuFinder mode to 2 (CubeIDE integrated)
2024-04-17 19:37:05,976 [INFO] MainUpdater:2868 - connection check result : 10
2024-04-17 19:37:05,977 [INFO] MainUpdater:2868 - connection check result : 10
2024-04-17 19:37:06,084 [INFO] MicroXplorer:468 - Change Database Path : 
2024-04-17 19:37:06,084 [INFO] MicroXplorer:498 - Change Database Version : DB.6.0.92
2024-04-17 19:37:06,088 [WARN] ThirdParty:871 - waiting for thirdparty lock release [close project]
2024-04-17 19:37:06,088 [INFO] ThirdParty:873 - entering critical section [close project]
2024-04-17 19:37:06,091 [INFO] ThirdParty:883 - exiting critical section [close project]
2024-04-17 19:37:06,093 [INFO] PinOutPanel:1499 - setPackage(No Configuration,No Configuration)
2024-04-17 19:37:06,107 [INFO] UtilMem:75 - Begin LoadConfig() Used Memory: 183408104 Bytes (513802240)
2024-04-17 19:37:06,109 [INFO] MicroXplorer:468 - Change Database Path : 
2024-04-17 19:37:06,109 [INFO] MicroXplorer:498 - Change Database Version : DB.6.0.92
2024-04-17 19:37:06,109 [INFO] OpenFileManager:308 - Change cursor
2024-04-17 19:37:06,316 [INFO] Mcu:1946 - Initializing MCU STM32F407V(E-G)Tx STM32F407VETx STM32F407VET6
2024-04-17 19:37:09,750 [INFO] Context:659 - Trying to add GPIOservice into a context  which must be forbidden
2024-04-17 19:37:11,153 [INFO] RtosManager:555 - Registered RTOS mode: class=CMSIS, group=RTOS, mode=CMSIS_V1, owner=FREERTOS
2024-04-17 19:37:11,154 [INFO] RtosManager:555 - Registered RTOS mode: class=CMSIS, group=RTOS2, mode=CMSIS_V2, owner=FREERTOS
2024-04-17 19:37:11,154 [INFO] RtosManager:555 - Registered RTOS mode: class=RTOS, group=Core, mode=CMSIS_V1, owner=FREERTOS
2024-04-17 19:37:11,154 [INFO] RtosManager:555 - Registered RTOS mode: class=RTOS, group=Core, mode=CMSIS_V2, owner=FREERTOS
2024-04-17 19:37:11,154 [WARN] ModelIntegratedComponent:184 - Missing modes for component STMicroelectronics:FreeRTOS:0.0.1:STMicroelectronics:RTOS:FreeRTOS:Core:::10.2.0:
2024-04-17 19:37:11,198 [WARN] ModelIntegratedComponent:63 - No mode defined for component null
2024-04-17 19:37:11,200 [WARN] ModelIntegratedComponent:63 - No mode defined for component null
2024-04-17 19:37:11,200 [WARN] ModelIntegratedComponent:63 - No mode defined for component null
2024-04-17 19:37:11,200 [WARN] ModelIntegratedComponent:63 - No mode defined for component null
2024-04-17 19:37:11,200 [WARN] ModelIntegratedComponent:63 - No mode defined for component null
2024-04-17 19:37:11,200 [WARN] ModelIntegratedComponent:63 - No mode defined for component null
2024-04-17 19:37:11,200 [WARN] ModelIntegratedComponent:63 - No mode defined for component null
2024-04-17 19:37:11,200 [WARN] ModelIntegratedComponent:63 - No mode defined for component null
2024-04-17 19:37:11,201 [WARN] ModelIntegratedComponent:63 - No mode defined for component null
2024-04-17 19:37:11,201 [WARN] ModelIntegratedComponent:63 - No mode defined for component null
2024-04-17 19:37:11,201 [WARN] ModelIntegratedComponent:63 - No mode defined for component null
2024-04-17 19:37:11,201 [WARN] ModelIntegratedComponent:63 - No mode defined for component null
2024-04-17 19:37:11,201 [WARN] ModelIntegratedComponent:63 - No mode defined for component null
2024-04-17 19:37:11,201 [WARN] ModelIntegratedComponent:63 - No mode defined for component null
2024-04-17 19:37:11,201 [WARN] ModelIntegratedComponent:63 - No mode defined for component null
2024-04-17 19:37:11,201 [WARN] ModelIntegratedComponent:63 - No mode defined for component null
2024-04-17 19:37:11,201 [WARN] ModelIntegratedComponent:63 - No mode defined for component null
2024-04-17 19:37:11,201 [WARN] ModelIntegratedComponent:63 - No mode defined for component null
2024-04-17 19:37:11,201 [WARN] ModelIntegratedComponent:63 - No mode defined for component null
2024-04-17 19:37:11,201 [WARN] ModelIntegratedComponent:63 - No mode defined for component null
2024-04-17 19:37:11,202 [WARN] ModelIntegratedComponent:63 - No mode defined for component null
2024-04-17 19:37:11,202 [WARN] ModelIntegratedComponent:63 - No mode defined for component null
2024-04-17 19:37:11,202 [WARN] ModelIntegratedComponent:63 - No mode defined for component null
2024-04-17 19:37:11,202 [WARN] ModelIntegratedComponent:63 - No mode defined for component null
2024-04-17 19:37:11,202 [WARN] ModelIntegratedComponent:63 - No mode defined for component null
2024-04-17 19:37:11,202 [WARN] ModelIntegratedComponent:63 - No mode defined for component null
2024-04-17 19:37:11,202 [WARN] ModelIntegratedComponent:63 - No mode defined for component null
2024-04-17 19:37:11,202 [WARN] ModelIntegratedComponent:63 - No mode defined for component null
2024-04-17 19:37:11,202 [WARN] ModelIntegratedComponent:63 - No mode defined for component null
2024-04-17 19:37:11,202 [WARN] ModelIntegratedComponent:63 - No mode defined for component null
2024-04-17 19:37:11,202 [WARN] ModelIntegratedComponent:63 - No mode defined for component null
2024-04-17 19:37:11,202 [WARN] ModelIntegratedComponent:63 - No mode defined for component null
2024-04-17 19:37:11,203 [WARN] ModelIntegratedComponent:63 - No mode defined for component null
2024-04-17 19:37:11,374 [INFO] ThirdPartyModel:298 - Start build external matchings
2024-04-17 19:37:13,037 [INFO] ThirdPartyModel:316 - End build external matchings
2024-04-17 19:37:13,067 [INFO] ImportTextPane:194 - (OptionalMessage_ERROR) IP (RCC) : Parameter (RTCHSEDivFreq_Value) has invalid value (12500000)
2024-04-17 19:37:13,456 [INFO] UtilMem:75 - End LoadConfig() Used Memory: 225011048 Bytes (744488960)
2024-04-17 19:37:13,640 [INFO] ApiDb:581 - Connected to CubeFinder SQLite database (/home/leandro/.stmcufinder/plugins/mcufinder/mcu/cube-finder-db.db)
2024-04-17 19:37:13,873 [INFO] ApiDb:668 - CubeFinder database Data Model version=2.1
2024-04-17 19:37:13,873 [INFO] ApiDb:669 - CubeFinder database Configuration version=3.0.39
2024-04-17 19:37:13,875 [INFO] ApiDb:670 - CubeFinder database generation date=2024-03-25 (1711369621)
2024-04-17 19:37:13,875 [INFO] ApiDb:671 - CubeFinder database FW Pack versions=[FP-ATR-ASTRA1_V2.0.0, FP-SNS-FLIGHT1_V5.0.1, FP-SNS-FLIGHT1_V5.0.2, FP-SNS-MOTENV1_V4.3.1, FP-SNS-MOTENV1_V4.3.2, FP-SNS-MOTENVWB1_V1.3.1, FP-SNS-SMARTAG2_V1.2.0, STM32Cube_FW_C0_V1.1.0, STM32Cube_FW_F4_V1.28.0, STM32Cube_FW_F7_V1.17.0, STM32Cube_FW_G0_V1.6.2, STM32Cube_FW_G4_V1.5.2, STM32Cube_FW_H5_V0.5.1, STM32Cube_FW_H5_V1.1.1, STM32Cube_FW_H5_V1.2.0, STM32Cube_FW_H5_V1.2.0RC4, STM32Cube_FW_H7RS_V1.0.0, STM32Cube_FW_H7RS_V1.0.0RC4, STM32Cube_FW_H7_V1.11.0, STM32Cube_FW_L0_V1.12.2, STM32Cube_FW_L5_V1.5.1, STM32Cube_FW_U0_V1.0.0, STM32Cube_FW_U0_V1.0.0RC1, STM32Cube_FW_U5_V1.3.0RC4, STM32Cube_FW_U5_V1.5.0, STM32Cube_FW_U5_V1.5.0RC1, STM32Cube_FW_WBA_V1.0.0RC1, STM32Cube_FW_WBA_V1.2.0, STM32Cube_FW_WBA_V1.2.0RC2, STM32Cube_FW_WBA_V1.3.0, STM32Cube_FW_WBA_V1.3.0RC1, STM32Cube_FW_WB_V1.15.0RC1, STM32Cube_FW_WB_V1.16.0, STM32Cube_FW_WB_V1.16.0RC2, STM32Cube_FW_WB_V1.18.0, STM32Cube_FW_WB_V1.19.0, STM32Cube_FW_WL_V1.3.0, X-CUBE-ALGOBUILD_V1.3.0, X-CUBE-ALS_V1.0.1, X-CUBE-AZRTOS-F4_V1.1.0, X-CUBE-AZRTOS-F7_V1.1.0, X-CUBE-AZRTOS-G0_V1.1.0, X-CUBE-AZRTOS-G4_V2.0.0, X-CUBE-AZRTOS-H7_V3.2.0, X-CUBE-AZRTOS-L4_V1.0.0, X-CUBE-AZRTOS-L4_V2.0.0, X-CUBE-AZRTOS-L5_V1.1.0, X-CUBE-AZRTOS-WB_V2.0.0, X-CUBE-AZRTOS-WL_V2.0.0, X-CUBE-BLE1_V7.0.0, X-CUBE-BLE2_V3.3.0, X-CUBE-BLEMGR_V3.1.0, X-CUBE-EEPRMA1_V4.1.0, X-CUBE-EEPRMA1_V5.1.0, X-CUBE-FREERTOS_V1.1.0, X-CUBE-GNSS1_V6.0.0, X-CUBE-MEMS1_V10.0.0, X-CUBE-MEMS1_V9.1.0, X-CUBE-MEMS1_V9.4.0, X-CUBE-MEMS1_V9.6.0, X-CUBE-NFC4_V3.0.0, X-CUBE-NFC7_V1.0.1, X-CUBE-SFXS2LP1_V4.0.0, X-CUBE-SUBG2_V5.0.0, X-CUBE-TOF1_V3.4.0]
2024-04-17 19:37:19,025 [INFO] ApiDb:240 - Found 323 in-development CPN: [B-G473E-ZEST1S, B-WB1M-WPAN1, B-WL5M-SUBG1, NUCLEO-C031C6, NUCLEO-H503RB, NUCLEO-H563ZI, NUCLEO-U545RE-Q, NUCLEO-U5A5ZJ-Q, NUCLEO-WBA52CG, STEVAL-PROTEUS1, STEVAL-SMARTAG2, STEVAL-STWINBX1, STM320518-EVAL, STM32C0116-DK, STM32C011D6Y3TR, STM32C011D6Y6TR, STM32C011F4P3, STM32C011F4P6, STM32C011F4U3, STM32C011F4U6TR, STM32C011F6P3, STM32C011F6P6, STM32C011F6U3, STM32C011F6U6TR, STM32C011J4M3, STM32C011J4M6, STM32C011J6M3, STM32C011J6M6, STM32C0316-DK, STM32C031C4T3, STM32C031C4T6, STM32C031C4U3, STM32C031C4U6, STM32C031C6T3, STM32C031C6T6, STM32C031C6U3, STM32C031C6U6, STM32C031F4P3, STM32C031F4P6, STM32C031F6P3, STM32C031F6P6, STM32C031G4U3, STM32C031G4U6, STM32C031G6U3, STM32C031G6U6, STM32C031K4T3, STM32C031K4T6, STM32C031K4U3, STM32C031K4U6, STM32C031K6T3, STM32C031K6T6, STM32C031K6U3, STM32C031K6U6, STM32G071K8TXN, STM32G071K8UXN, STM32G081GBU6N, STM32G081KBT6N, STM32G081KBUXN, STM32G0B1CCT6N, STM32G0B1KCT6, STM32G0B1NEY6TR, STM32G0B1RCT6N, STM32G0C1CCT6, STM32G0C1CCT6N, STM32G0C1CCU6N, STM32G0C1CET6N, STM32G0C1CEU6N, STM32G0C1KCT6, STM32G0C1NEY6TR, STM32G0C1RCI6N, STM32G0C1RCT6N, STM32G0C1REI6N, STM32G0C1RET6N, STM32G0C1VCI6, STM32G0C1VEI6, STM32G471CCT6, STM32G471CCU6, STM32G471CET3, STM32G471CET6, STM32G471CEU3, STM32G471CEU6, STM32G471MCT6, STM32G471MET3, STM32G471MET6, STM32G471MEY6TR, STM32G471QCT6, STM32G471QET3, STM32G471RCT6, STM32G471RET3, STM32G471RET6, STM32G471VCH6, STM32G471VCI6, STM32G471VCT6, STM32G471VEH3, STM32G471VEH6, STM32G471VEI3, STM32G471VEI6, STM32G471VET3, STM32G471VET6, STM32G474CCT6, STM32H503CBT6, STM32H503CBU6, STM32H503EBY6TR, STM32H503KBU6, STM32H503RBT6, STM32H562AGI6, STM32H562AII6, STM32H562IGK6, STM32H562IGT6, STM32H562IIK6, STM32H562IIT6, STM32H562RGT6, STM32H562RGV6, STM32H562RIT6, STM32H562RIV6, STM32H562VGT6, STM32H562VIT6, STM32H562ZGT6, STM32H562ZIT6, STM32H563AGI6, STM32H563AII3Q, STM32H563AII6, STM32H563IGK6, STM32H563IGT6, STM32H563IIK3Q, STM32H563IIK6, STM32H563IIT3Q, STM32H563IIT6, STM32H563MIY3QTR, STM32H563RGT6, STM32H563RGV6, STM32H563RIT6, STM32H563RIV6, STM32H563VGT6, STM32H563VIT3Q, STM32H563VIT6, STM32H563ZGT6, STM32H563ZIT3Q, STM32H563ZIT6, STM32H573AII3Q, STM32H573AII6, STM32H573I-DK, STM32H573IIK3Q, STM32H573IIK6, STM32H573IIT3Q, STM32H573IIT6, STM32H573MIY3QTR, STM32H573RIT6, STM32H573RIV6, STM32H573VIT3Q, STM32H573VIT6, STM32H573ZIT3Q, STM32H573ZIT6, STM32L4R5QGI6STR, STM32MP131AAE3, STM32MP131AAF3, STM32MP131AAG3, STM32MP131CAE3, STM32MP131CAF3, STM32MP131CAG3, STM32MP131DAE7, STM32MP131DAF7, STM32MP131DAG7, STM32MP131FAE7, STM32MP131FAF7, STM32MP131FAG7, STM32MP133AAE3, STM32MP133AAF3, STM32MP133AAG3, STM32MP133CAE3, STM32MP133CAF3, STM32MP133CAG3, STM32MP133DAE7, STM32MP133DAF7, STM32MP133DAG7, STM32MP133FAE7, STM32MP133FAF7, STM32MP133FAG7, STM32MP135AAE3, STM32MP135AAF3, STM32MP135AAG3, STM32MP135CAE3, STM32MP135CAF3, STM32MP135CAG3, STM32MP135DAE7, STM32MP135DAF7, STM32MP135DAG7, STM32MP135F-DK, STM32MP135FAE7, STM32MP135FAF7, STM32MP135FAF7T, STM32MP135FAF7U, STM32MP135FAG7, STM32U535CBT6, STM32U535CBT6Q, STM32U535CBU6, STM32U535CBU6Q, STM32U535CCT6, STM32U535CCT6Q, STM32U535CCU6, STM32U535CCU6Q, STM32U535CET6, STM32U535CET6Q, STM32U535CEU6, STM32U535CEU6Q, STM32U535JEY6QTR, STM32U535NCY6QTR, STM32U535NEY6QTR, STM32U535RBI6, STM32U535RBI6Q, STM32U535RBT6, STM32U535RBT6Q, STM32U535RCI6, STM32U535RCI6Q, STM32U535RCT6, STM32U535RCT6Q, STM32U535REI6, STM32U535REI6Q, STM32U535RET6, STM32U535RET6Q, STM32U535VCI6, STM32U535VCI6Q, STM32U535VCT6, STM32U535VCT6Q, STM32U535VEI6, STM32U535VEI6Q, STM32U535VET6, STM32U535VET6Q, STM32U545CET6, STM32U545CET6Q, STM32U545CEU6, STM32U545CEU6Q, STM32U545JEY6QTR, STM32U545NEY6QTR, STM32U545REI6, STM32U545REI6Q, STM32U545RET6, STM32U545RET6Q, STM32U545VEI6, STM32U545VEI6Q, STM32U545VET6, STM32U545VET6Q, STM32U595AIH6, STM32U595AIH6Q, STM32U595AJH6, STM32U595AJH6Q, STM32U595QII6, STM32U595QII6Q, STM32U595QJI6, STM32U595QJI6Q, STM32U595RIT6, STM32U595RIT6Q, STM32U595RJT6, STM32U595RJT6Q, STM32U595VIT6, STM32U595VIT6Q, STM32U595VJT6, STM32U595VJT6Q, STM32U595ZIT6, STM32U595ZIT6Q, STM32U595ZIY6QTR, STM32U595ZJT6, STM32U595ZJT6Q, STM32U595ZJY6QTR, STM32U599BJY6QTR, STM32U599NIH6Q, STM32U599NJH6Q, STM32U599VIT6Q, STM32U599VJT6, STM32U599VJT6Q, STM32U599ZIT6Q, STM32U599ZIY6QTR, STM32U599ZJT6Q, STM32U599ZJY6QTR, STM32U5A5AJH6, STM32U5A5AJH6Q, STM32U5A5QJI6, STM32U5A5QJI6Q, STM32U5A5RJT6, STM32U5A5RJT6Q, STM32U5A5VJT6, STM32U5A5VJT6Q, STM32U5A5ZJT6, STM32U5A5ZJT6Q, STM32U5A5ZJY6QTR, STM32U5A9BJY6QTR, STM32U5A9J-DK, STM32U5A9NJH6Q, STM32U5A9VJT6Q, STM32U5A9ZJT6Q, STM32U5A9ZJY6QTR, STM32U5F7VIT6, STM32U5F7VIT6Q, STM32U5F7VJT6, STM32U5F7VJT6Q, STM32U5F9BJY6QTR, STM32U5F9NJH6Q, STM32U5F9VIT6Q, STM32U5F9VJT6Q, STM32U5F9ZIJ6QTR, STM32U5F9ZIT6Q, STM32U5F9ZJJ6QTR, STM32U5F9ZJT6Q, STM32U5G7VJT6, STM32U5G7VJT6Q, STM32U5G9BJY6QTR, STM32U5G9J-DK1, STM32U5G9J-DK2, STM32U5G9NJH6Q, STM32U5G9VJT6Q, STM32U5G9ZJJ6QTR, STM32U5G9ZJT6Q, STM32WB1MMCH6, STM32WBA52CEU6, STM32WBA52CEU6T, STM32WBA52CGU6, STM32WBA52CGU6T, STM32WBA52KEU6, STM32WBA52KEU6T, STM32WBA52KGU6, STM32WBA52KGU6T, STM32WL5MOCH6, STM32WL5MOCH6TR]
2024-04-17 19:37:19,030 [INFO] DbMcus:217 - Found 4050 MCUs, 4050 are supported
2024-04-17 19:37:19,102 [INFO] ApiDb:423 - Load user favorites file /home/leandro/.stm32cubeide/favorites.mcus.txt: 3 item(s)
2024-04-17 19:37:19,102 [INFO] ApiDb:427 - User favorites MCUs=[STM32F103C6T6A, STM32F407VET6, STM32H747XIH6]
2024-04-17 19:37:19,102 [INFO] DbMcus:223 - Set 3 / 3 favorites MCUs
2024-04-17 19:37:19,946 [WARN] ThirdParty:833 - waiting for thirdparty lock release [change project]
2024-04-17 19:37:19,947 [INFO] ThirdParty:835 - entering critical section [change project]
2024-04-17 19:37:19,947 [INFO] ThirdParty:1030 - CMSIS Pack Vendor :STMicroelectronics X-CUBE-ISPU 1.1.0
2024-04-17 19:37:19,947 [INFO] ThirdParty:1030 - CMSIS Pack Vendor :STMicroelectronics USBPD 4.1
2024-04-17 19:37:19,947 [INFO] ThirdParty:1030 - CMSIS Pack Vendor :STMicroelectronics X-CUBE-GNSS1 6.0.0
2024-04-17 19:37:19,947 [INFO] ThirdParty:1030 - CMSIS Pack Vendor :STMicroelectronics USB_HOST 2.0.0
2024-04-17 19:37:19,947 [INFO] ThirdParty:1030 - CMSIS Pack Vendor :STMicroelectronics X-CUBE-AZRTOS-F4 1.1.0
2024-04-17 19:37:19,947 [INFO] ThirdParty:1030 - CMSIS Pack Vendor :STMicroelectronics LIBJPEG 8.0.0
2024-04-17 19:37:19,947 [INFO] ThirdParty:1030 - CMSIS Pack Vendor :wolfSSL I-CUBE-wolfSSL 5.6.3
2024-04-17 19:37:19,947 [INFO] ThirdParty:1030 - CMSIS Pack Vendor :STMicroelectronics X-CUBE-SMBUS 2.1.0
2024-04-17 19:37:19,948 [INFO] ThirdParty:1030 - CMSIS Pack Vendor :STMicroelectronics USB_DEVICE 3.0.0
2024-04-17 19:37:19,948 [INFO] ThirdParty:1030 - CMSIS Pack Vendor :STMicroelectronics X-CUBE-TCPP 4.1.0
2024-04-17 19:37:19,948 [INFO] ThirdParty:1030 - CMSIS Pack Vendor :STMicroelectronics X-CUBE-AZRTOS-WB 2.0.0
2024-04-17 19:37:19,948 [INFO] ThirdParty:1030 - CMSIS Pack Vendor :STMicroelectronics X-CUBE-FREERTOS 1.0.1
2024-04-17 19:37:19,948 [INFO] ThirdParty:1030 - CMSIS Pack Vendor :STMicroelectronics X-CUBE-TOUCHGFX 4.23.0
2024-04-17 19:37:19,948 [INFO] ThirdParty:1030 - CMSIS Pack Vendor :STMicroelectronics X-CUBE-TOUCHGFX 4.23.2
2024-04-17 19:37:19,948 [INFO] ThirdParty:1030 - CMSIS Pack Vendor :STMicroelectronics X-CUBE-AZRTOS-F7 1.1.0
2024-04-17 19:37:19,948 [INFO] ThirdParty:1030 - CMSIS Pack Vendor :STMicroelectronics X-CUBE-AZRTOS-L5 2.0.0
2024-04-17 19:37:19,948 [INFO] ThirdParty:1030 - CMSIS Pack Vendor :STMicroelectronics USB_DEVICE 2.0.0
2024-04-17 19:37:19,948 [INFO] ThirdParty:1030 - CMSIS Pack Vendor :STMicroelectronics X-CUBE-MEMS1 9.6.0
2024-04-17 19:37:19,948 [INFO] ThirdParty:1030 - CMSIS Pack Vendor :STMicroelectronics X-CUBE-NFC6 3.1.0
2024-04-17 19:37:19,948 [INFO] ThirdParty:1030 - CMSIS Pack Vendor :ITTIA_DB I-CUBE-ITTIADB 8.8.0
2024-04-17 19:37:19,948 [INFO] ThirdParty:1030 - CMSIS Pack Vendor :STMicroelectronics FP-SNS-MOTENV1 4.3.2
2024-04-17 19:37:19,948 [INFO] ThirdParty:1030 - CMSIS Pack Vendor :STMicroelectronics FP-SNS-FLIGHT1 5.0.1
2024-04-17 19:37:19,948 [INFO] ThirdParty:1030 - CMSIS Pack Vendor :STMicroelectronics X-CUBE-ALGOBUILD 1.3.0
2024-04-17 19:37:19,949 [INFO] ThirdParty:1030 - CMSIS Pack Vendor :STMicroelectronics X-CUBE-BLE1 6.2.4
2024-04-17 19:37:19,949 [INFO] ThirdParty:1030 - CMSIS Pack Vendor :STMicroelectronics X-CUBE-AZRTOS-L5 1.1.0
2024-04-17 19:37:19,949 [INFO] ThirdParty:1030 - CMSIS Pack Vendor :STMicroelectronics FreeRTOS 0.0.1
2024-04-17 19:37:19,949 [INFO] ThirdParty:1030 - CMSIS Pack Vendor :STMicroelectronics X-CUBE-AZRTOS-G0 1.1.0
2024-04-17 19:37:19,949 [INFO] ThirdParty:1030 - CMSIS Pack Vendor :STMicroelectronics X-CUBE-BLEMGR 2.0.0
2024-04-17 19:37:19,949 [INFO] ThirdParty:1030 - CMSIS Pack Vendor :STMicroelectronics X-CUBE-AI 8.0.1
2024-04-17 19:37:19,949 [INFO] ThirdParty:1030 - CMSIS Pack Vendor :STMicroelectronics X-CUBE-SAFEA1 1.2.2
2024-04-17 19:37:19,949 [INFO] ThirdParty:1030 - CMSIS Pack Vendor :STMicroelectronics X-CUBE-NFC4 3.0.0
2024-04-17 19:37:19,949 [INFO] ThirdParty:1030 - CMSIS Pack Vendor :STMicroelectronics X-CUBE-SUBG2 5.0.0
2024-04-17 19:37:19,949 [INFO] ThirdParty:1030 - CMSIS Pack Vendor :STMicroelectronics STM32_WPAN 1.0.0
2024-04-17 19:37:19,949 [INFO] ThirdParty:1030 - CMSIS Pack Vendor :STMicroelectronics lwIP 2.0.3
2024-04-17 19:37:19,949 [INFO] ThirdParty:1030 - CMSIS Pack Vendor :STMicroelectronics FP-SNS-FLIGHT1 5.0.2
2024-04-17 19:37:19,949 [INFO] ThirdParty:1030 - CMSIS Pack Vendor :STMicroelectronics USB_HOST 1.0.0
2024-04-17 19:37:19,950 [INFO] ThirdParty:1030 - CMSIS Pack Vendor :STMicroelectronics X-CUBE-TOF1 3.3.1
2024-04-17 19:37:19,950 [INFO] ThirdParty:1030 - CMSIS Pack Vendor :STMicroelectronics X-CUBE-AZRTOS-G4 2.0.0
2024-04-17 19:37:19,950 [INFO] ThirdParty:1030 - CMSIS Pack Vendor :STMicroelectronics PDM2PCM 3.1.0
2024-04-17 19:37:19,950 [INFO] ThirdParty:1030 - CMSIS Pack Vendor :STMicroelectronics X-CUBE-AZRTOS-H7 3.1.0
2024-04-17 19:37:19,950 [INFO] ThirdParty:1030 - CMSIS Pack Vendor :STMicroelectronics X-CUBE-TOF1 3.3.0
2024-04-17 19:37:19,950 [INFO] ThirdParty:1030 - CMSIS Pack Vendor :Infineon AIROC-Wi-Fi-Bluetooth-STM32 1.5.1
2024-04-17 19:37:19,950 [INFO] ThirdParty:1030 - CMSIS Pack Vendor :STMicroelectronics PDM2PCM 3.3.0
2024-04-17 19:37:19,950 [INFO] ThirdParty:1030 - CMSIS Pack Vendor :STMicroelectronics X-CUBE-DISPLAY 3.0.0
2024-04-17 19:37:19,950 [INFO] ThirdParty:1030 - CMSIS Pack Vendor :STMicroelectronics FP-SNS-MOTENVWB1 1.3.1
2024-04-17 19:37:19,950 [INFO] ThirdParty:1030 - CMSIS Pack Vendor :STMicroelectronics X-CUBE-BLE1 7.0.0
2024-04-17 19:37:19,950 [INFO] ThirdParty:1030 - CMSIS Pack Vendor :STMicroelectronics FP-ATR-SIGFOX1 3.2.0
2024-04-17 19:37:19,950 [INFO] ThirdParty:1030 - CMSIS Pack Vendor :STMicroelectronics X-CUBE-ISPU 2.0.0
2024-04-17 19:37:19,950 [INFO] ThirdParty:1030 - CMSIS Pack Vendor :STMicroelectronics X-CUBE-EEPRMA1 5.1.0
2024-04-17 19:37:19,950 [INFO] ThirdParty:1030 - CMSIS Pack Vendor :STMicroelectronics HAL Drivers 0.0.0
2024-04-17 19:37:19,950 [INFO] ThirdParty:1030 - CMSIS Pack Vendor :STMicroelectronics MBEDTLS 2.16.2
2024-04-17 19:37:19,950 [INFO] ThirdParty:1030 - CMSIS Pack Vendor :emotas I-CUBE-CANOPEN 1.3.0
2024-04-17 19:37:19,950 [INFO] ThirdParty:1030 - CMSIS Pack Vendor :STMicroelectronics X-CUBE-MEMS1 10.0.0
2024-04-17 19:37:19,950 [INFO] ThirdParty:1030 - CMSIS Pack Vendor :STMicroelectronics X-CUBE-FREERTOS 1.1.0
2024-04-17 19:37:19,950 [INFO] ThirdParty:1030 - CMSIS Pack Vendor :STMicroelectronics X-CUBE-TOUCHGFX 4.22.0
2024-04-17 19:37:19,951 [INFO] ThirdParty:1030 - CMSIS Pack Vendor :STMicroelectronics X-CUBE-NFC7 1.0.1
2024-04-17 19:37:19,951 [INFO] ThirdParty:1030 - CMSIS Pack Vendor :STMicroelectronics MBEDTLS 2.14.1
2024-04-17 19:37:19,951 [INFO] ThirdParty:1030 - CMSIS Pack Vendor :STMicroelectronics X-CUBE-TOUCHGFX 4.22.1
2024-04-17 19:37:19,951 [INFO] ThirdParty:1030 - CMSIS Pack Vendor :STMicroelectronics X-CUBE-NFC6 3.0.0
2024-04-17 19:37:19,951 [INFO] ThirdParty:1030 - CMSIS Pack Vendor :STMicroelectronics X-CUBE-EEPRMA1 4.1.0
2024-04-17 19:37:19,951 [INFO] ThirdParty:1030 - CMSIS Pack Vendor :portGmbH I-Cube-SoM-uGOAL 1.1.0
2024-04-17 19:37:19,951 [INFO] ThirdParty:1030 - CMSIS Pack Vendor :STMicroelectronics X-CUBE-ALS 1.0.1
2024-04-17 19:37:19,951 [INFO] ThirdParty:1030 - CMSIS Pack Vendor :STMicroelectronics X-CUBE-BLEMGR 3.1.0
2024-04-17 19:37:19,951 [INFO] ThirdParty:1030 - CMSIS Pack Vendor :STMicroelectronics ThreadX 1.0.0
2024-04-17 19:37:19,951 [INFO] ThirdParty:1030 - CMSIS Pack Vendor :STMicroelectronics FP-SNS-SMARTAG2 1.2.0
2024-04-17 19:37:19,951 [INFO] ThirdParty:1030 - CMSIS Pack Vendor :STMicroelectronics X-CUBE-AZRTOS-WB 1.1.0
2024-04-17 19:37:19,951 [INFO] ThirdParty:1030 - CMSIS Pack Vendor :STMicroelectronics X-CUBE-AZRTOS-WL 2.0.0
2024-04-17 19:37:19,951 [INFO] ThirdParty:1030 - CMSIS Pack Vendor :SEGGER I-CUBE-embOS 1.3.1
2024-04-17 19:37:19,951 [INFO] ThirdParty:1030 - CMSIS Pack Vendor :STMicroelectronics FP-SNS-MOTENV1 5.0.0
2024-04-17 19:37:19,951 [INFO] ThirdParty:1030 - CMSIS Pack Vendor :STMicroelectronics USB_DEVICE 1.0.0
2024-04-17 19:37:19,951 [INFO] ThirdParty:1030 - CMSIS Pack Vendor :STMicroelectronics X-CUBE-AI 8.1.0
2024-04-17 19:37:19,951 [INFO] ThirdParty:1030 - CMSIS Pack Vendor :STMicroelectronics X-CUBE-AZRTOS-L4 2.0.0
2024-04-17 19:37:19,951 [INFO] ThirdParty:1030 - CMSIS Pack Vendor :STMicroelectronics ThreadX 0.0.2
2024-04-17 19:37:19,951 [INFO] ThirdParty:1030 - CMSIS Pack Vendor :WES I-CUBE-Cesium 1.3.0
2024-04-17 19:37:19,951 [INFO] ThirdParty:1030 - CMSIS Pack Vendor :STMicroelectronics FP-ATR-ASTRA1 2.0.0
2024-04-17 19:37:19,951 [INFO] ThirdParty:1030 - CMSIS Pack Vendor :STMicroelectronics lwIP 2.1.2
2024-04-17 19:37:19,952 [INFO] ThirdParty:1030 - CMSIS Pack Vendor :STMicroelectronics X-CUBE-SFXS2LP1 4.0.0
2024-04-17 19:37:19,952 [INFO] ThirdParty:1030 - CMSIS Pack Vendor :STMicroelectronics X-CUBE-BLE2 3.3.0
2024-04-17 19:37:19,952 [INFO] ThirdParty:1030 - CMSIS Pack Vendor :STMicroelectronics X-CUBE-TOF1 3.4.1
2024-04-17 19:37:19,952 [INFO] ThirdParty:1030 - CMSIS Pack Vendor :STMicroelectronics X-CUBE-AZRTOS-H7 3.2.0
2024-04-17 19:37:19,952 [INFO] ThirdParty:1030 - CMSIS Pack Vendor :STMicroelectronics PDM2PCM 3.2.0
2024-04-17 19:37:19,952 [INFO] ThirdParty:841 - exiting critical section [change project]
2024-04-17 19:37:20,971 [INFO] PinOutPanel:1499 - setPackage(No Configuration,No Configuration)
2024-04-17 19:37:20,972 [INFO] PinOutPanel:1499 - setPackage(STM32F407VETx,LQFP100)
2024-04-17 19:37:21,831 [INFO] UtilMem:75 - Before build in PCC Used Memory: 227631616 Bytes (744488960)
2024-04-17 19:37:24,677 [INFO] UtilMem:75 - After build in PCC Used Memory: 593058304 Bytes (744488960)
2024-04-17 19:37:24,807 [INFO] IPUIPlugin:80 - create IPUIPlugin
2024-04-17 19:37:24,808 [INFO] IPUIPlugin:80 - create IPUIPlugin
2024-04-17 19:37:24,808 [INFO] IPUIPlugin:80 - create IPUIPlugin
2024-04-17 19:37:24,808 [INFO] IPUIPlugin:80 - create IPUIPlugin
2024-04-17 19:37:24,809 [INFO] IPUIPlugin:80 - create IPUIPlugin
2024-04-17 19:37:24,809 [INFO] IPUIPlugin:80 - create IPUIPlugin
2024-04-17 19:37:24,809 [INFO] IPUIPlugin:80 - create IPUIPlugin
2024-04-17 19:37:24,810 [INFO] IPUIPlugin:80 - create IPUIPlugin
2024-04-17 19:37:24,810 [INFO] IPUIPlugin:80 - create IPUIPlugin
2024-04-17 19:37:24,810 [INFO] IPUIPlugin:80 - create IPUIPlugin
2024-04-17 19:37:24,811 [INFO] IPUIPlugin:80 - create IPUIPlugin
2024-04-17 19:37:24,811 [INFO] IPUIPlugin:80 - create IPUIPlugin
2024-04-17 19:37:24,811 [INFO] IPUIPlugin:80 - create IPUIPlugin
2024-04-17 19:37:24,812 [INFO] IPUIPlugin:80 - create IPUIPlugin
2024-04-17 19:37:24,812 [INFO] IPUIPlugin:80 - create IPUIPlugin
2024-04-17 19:37:24,813 [INFO] IPUIPlugin:80 - create IPUIPlugin
2024-04-17 19:37:24,813 [INFO] IPUIPlugin:80 - create IPUIPlugin
2024-04-17 19:37:24,813 [INFO] IPUIPlugin:80 - create IPUIPlugin
2024-04-17 19:37:24,813 [INFO] IPUIPlugin:80 - create IPUIPlugin
2024-04-17 19:37:24,814 [INFO] IPUIPlugin:80 - create IPUIPlugin
2024-04-17 19:37:24,814 [INFO] IPUIPlugin:80 - create IPUIPlugin
2024-04-17 19:37:24,815 [INFO] IPUIPlugin:80 - create IPUIPlugin
2024-04-17 19:37:24,816 [INFO] IPUIPlugin:80 - create IPUIPlugin
2024-04-17 19:37:24,816 [INFO] IPUIPlugin:80 - create IPUIPlugin
2024-04-17 19:37:24,816 [INFO] IPUIPlugin:80 - create IPUIPlugin
2024-04-17 19:37:24,817 [INFO] IPUIPlugin:80 - create IPUIPlugin
2024-04-17 19:37:24,818 [INFO] IPUIPlugin:80 - create IPUIPlugin
2024-04-17 19:37:24,818 [INFO] IPUIPlugin:80 - create IPUIPlugin
2024-04-17 19:37:24,856 [INFO] IPUIPlugin:80 - create IPUIPlugin
2024-04-17 19:37:24,856 [INFO] IPUIPlugin:80 - create IPUIPlugin
2024-04-17 19:37:24,857 [INFO] IPUIPlugin:80 - create IPUIPlugin
2024-04-17 19:37:24,857 [INFO] IPUIPlugin:80 - create IPUIPlugin
2024-04-17 19:37:24,857 [INFO] IPUIPlugin:80 - create IPUIPlugin
2024-04-17 19:37:24,858 [INFO] IPUIPlugin:80 - create IPUIPlugin
2024-04-17 19:37:24,858 [INFO] IPUIPlugin:80 - create IPUIPlugin
2024-04-17 19:37:24,858 [INFO] IPUIPlugin:80 - create IPUIPlugin
2024-04-17 19:37:24,866 [INFO] IPUIPlugin:80 - create IPUIPlugin
2024-04-17 19:37:24,866 [INFO] IPUIPlugin:80 - create IPUIPlugin
2024-04-17 19:37:24,867 [INFO] IPUIPlugin:80 - create IPUIPlugin
2024-04-17 19:37:24,867 [INFO] IPUIPlugin:80 - create IPUIPlugin
2024-04-17 19:37:24,868 [INFO] IPUIPlugin:80 - create IPUIPlugin
2024-04-17 19:37:24,868 [INFO] IPUIPlugin:80 - create IPUIPlugin
2024-04-17 19:37:24,868 [INFO] IPUIPlugin:80 - create IPUIPlugin
2024-04-17 19:37:24,869 [INFO] IPUIPlugin:80 - create IPUIPlugin
2024-04-17 19:37:24,869 [INFO] IPUIPlugin:80 - create IPUIPlugin
2024-04-17 19:37:24,869 [INFO] IPUIPlugin:80 - create IPUIPlugin
2024-04-17 19:37:24,870 [INFO] IPUIPlugin:80 - create IPUIPlugin
2024-04-17 19:37:24,870 [INFO] IPUIPlugin:80 - create IPUIPlugin
2024-04-17 19:37:24,871 [INFO] IPUIPlugin:80 - create IPUIPlugin
2024-04-17 19:37:24,871 [INFO] IPUIPlugin:80 - create IPUIPlugin
2024-04-17 19:37:24,872 [INFO] IPUIPlugin:80 - create IPUIPlugin
2024-04-17 19:37:24,873 [INFO] IPUIPlugin:80 - create IPUIPlugin
2024-04-17 19:37:24,884 [INFO] IPUIPlugin:80 - create IPUIPlugin
2024-04-17 19:37:24,885 [INFO] IPUIPlugin:80 - create IPUIPlugin
2024-04-17 19:37:24,886 [INFO] IPUIPlugin:80 - create IPUIPlugin
2024-04-17 19:37:24,887 [INFO] IPUIPlugin:80 - create IPUIPlugin
2024-04-17 19:37:24,888 [INFO] IPUIPlugin:80 - create IPUIPlugin
2024-04-17 19:37:24,889 [INFO] IPUIPlugin:80 - create IPUIPlugin
2024-04-17 19:37:25,027 [INFO] ApiDbMcu:507 - Load IP Config File for PDM2PCM
2024-04-17 19:37:25,415 [INFO] CADModel:165 - CPN selected for project levelSTM32F407VET6
2024-04-17 19:37:25,415 [INFO] CADModel:114 - Register for checkConnection events
2024-04-17 19:37:27,724 [INFO] OpenFileManager:328 - Restore cursor
