2024-03-27 09:54:59,951 [INFO] Activator:176 - 


2024-03-27 09:54:59,953 [INFO] Activator:177 - !SESSION log4j initialized
2024-03-27 09:55:12,476 [INFO] LogOutputStream:77 - [STDOUT_REDIRECT] 
2024-03-27 09:55:16,986 [INFO] ApplicationProperties:184 - Using Application install path: /opt/st/stm32cubeide_1.13.2/plugins/com.st.stm32cube.common.mx_6.9.2.202309101412
2024-03-27 09:55:17,063 [INFO] DbMcusXml:78 - Set database path to: /opt/st/stm32cubeide_1.13.2/plugins/com.st.stm32cube.common.mx_6.9.2.202309101412//db//mcu/
2024-03-27 09:55:17,064 [INFO] ApiDb:274 - Set plugin database path to: /opt/st/stm32cubeide_1.13.2/plugins/com.st.stm32cube.common.mx_6.9.2.202309101412//db//plugins/boardmanager/
2024-03-27 09:55:17,065 [WARN] ApiDb:259 - Overriding images path with different value:  => /opt/st/stm32cubeide_1.13.2/plugins/com.st.stm32cube.common.mx_6.9.2.202309101412//db//plugins/mcufinder/images/
2024-03-27 09:55:17,165 [INFO] ApiDb:250 - Set database path to: /home/leandro/.stmcufinder/plugins/mcufinder//mcu/
2024-03-27 09:55:17,166 [INFO] DbMcusAds:125 - Set database path to: /home/leandro/.stmcufinder/plugins/mcufinder//mcu/
2024-03-27 09:55:17,169 [INFO] CrossReferenceDbSqlite:203 - Set database path to: /home/leandro/.stmcufinder/plugins/mcufinder//mcu/cs/
2024-03-27 09:55:17,402 [INFO] RulesReader:64 - Compatibility file has been processed (293 Rules)
2024-03-27 09:55:17,684 [INFO] DbMcusXml:78 - Set database path to: /opt/st/stm32cubeide_1.13.2/plugins/com.st.stm32cube.common.mx_6.9.2.202309101412//db//mcu/
2024-03-27 09:55:17,684 [INFO] ApiDb:274 - Set plugin database path to: /opt/st/stm32cubeide_1.13.2/plugins/com.st.stm32cube.common.mx_6.9.2.202309101412//db//plugins/boardmanager/
2024-03-27 09:55:17,684 [INFO] ApiDb:261 - Set plugin images path to: /opt/st/stm32cubeide_1.13.2/plugins/com.st.stm32cube.common.mx_6.9.2.202309101412//db//plugins/mcufinder/images/
2024-03-27 09:55:17,685 [WARN] DbFile:41 - Overriding database path with different value: /home/leandro/.stmcufinder/plugins/mcufinder/ => /home/leandro/.stmcufinder/plugins/mcufinder
2024-03-27 09:55:17,685 [INFO] ApiDb:250 - Set database path to: /home/leandro/.stmcufinder/plugins/mcufinder//mcu/
2024-03-27 09:55:17,685 [WARN] DbFile:41 - Overriding database path with different value: /home/leandro/.stmcufinder/plugins/mcufinder/ => /home/leandro/.stmcufinder/plugins/mcufinder
2024-03-27 09:55:17,685 [INFO] DbMcusAds:125 - Set database path to: /home/leandro/.stmcufinder/plugins/mcufinder//mcu/
2024-03-27 09:55:17,685 [WARN] DbFile:41 - Overriding database path with different value: /home/leandro/.stmcufinder/plugins/mcufinder/ => /home/leandro/.stmcufinder/plugins/mcufinder
2024-03-27 09:55:17,686 [WARN] DbFile:41 - Overriding database path with different value: /home/leandro/.stmcufinder/plugins/mcufinder/ => /home/leandro/.stmcufinder/plugins/mcufinder
2024-03-27 09:55:17,686 [INFO] CrossReferenceDbSqlite:203 - Set database path to: /home/leandro/.stmcufinder/plugins/mcufinder//mcu/cs/
2024-03-27 09:55:18,011 [INFO] MainPanel:262 - HeapMemory: 268435456
2024-03-27 09:55:18,579 [INFO] DbMcusXml:78 - Set database path to: /opt/st/stm32cubeide_1.13.2/plugins/com.st.stm32cube.common.mx_6.9.2.202309101412//db//mcu/
2024-03-27 09:55:18,579 [INFO] ApiDb:274 - Set plugin database path to: /opt/st/stm32cubeide_1.13.2/plugins/com.st.stm32cube.common.mx_6.9.2.202309101412//db//plugins/boardmanager/
2024-03-27 09:55:18,580 [INFO] ApiDb:261 - Set plugin images path to: /opt/st/stm32cubeide_1.13.2/plugins/com.st.stm32cube.common.mx_6.9.2.202309101412//db//plugins/mcufinder/images/
2024-03-27 09:55:18,593 [WARN] DbFile:41 - Overriding database path with different value: /home/leandro/.stmcufinder/plugins/mcufinder/ => /home/leandro/.stmcufinder/plugins/mcufinder
2024-03-27 09:55:18,593 [INFO] ApiDb:250 - Set database path to: /home/leandro/.stmcufinder/plugins/mcufinder//mcu/
2024-03-27 09:55:18,593 [WARN] DbFile:41 - Overriding database path with different value: /home/leandro/.stmcufinder/plugins/mcufinder/ => /home/leandro/.stmcufinder/plugins/mcufinder
2024-03-27 09:55:18,594 [INFO] DbMcusAds:125 - Set database path to: /home/leandro/.stmcufinder/plugins/mcufinder//mcu/
2024-03-27 09:55:18,594 [WARN] DbFile:41 - Overriding database path with different value: /home/leandro/.stmcufinder/plugins/mcufinder/ => /home/leandro/.stmcufinder/plugins/mcufinder
2024-03-27 09:55:18,594 [WARN] DbFile:41 - Overriding database path with different value: /home/leandro/.stmcufinder/plugins/mcufinder/ => /home/leandro/.stmcufinder/plugins/mcufinder
2024-03-27 09:55:18,594 [INFO] CrossReferenceDbSqlite:203 - Set database path to: /home/leandro/.stmcufinder/plugins/mcufinder//mcu/cs/
2024-03-27 09:55:18,660 [INFO] ApplicationProperties:184 - Using Application install path: /opt/st/stm32cubeide_1.13.2/plugins/com.st.stm32cube.common.mx_6.9.2.202309101412
2024-03-27 09:55:18,664 [INFO] PluginManage:196 - Search for loadable plugins [exclusion list=, ]
2024-03-27 09:55:18,685 [INFO] PluginManage:310 - Check plugin analytics
2024-03-27 09:55:19,080 [INFO] AnalyticsPlugin:253 - Accepted Software Licenses: STM32CubeMX.6.8.1
2024-03-27 09:55:19,080 [INFO] AnalyticsPlugin:255 - Accepted CMSIS Pack Licenses: 
2024-03-27 09:55:19,080 [INFO] AnalyticsPlugin:257 - Accepted Firmware Licenses: FW.H7.1.11.0,FW.F4.1.27.0
2024-03-27 09:55:19,085 [INFO] PluginManage:359 - Loaded plugin analytics (category:tool,tabindex:-1)
2024-03-27 09:55:19,085 [INFO] PluginManage:310 - Check plugin cadmodel
2024-03-27 09:55:19,216 [INFO] CADModel:105 - Init CAD model plugin
2024-03-27 09:55:19,217 [INFO] PluginManage:359 - Loaded plugin cadmodel (category:power,tabindex:5)
2024-03-27 09:55:19,217 [INFO] PluginManage:310 - Check plugin clock
2024-03-27 09:55:19,277 [INFO] PluginManage:359 - Loaded plugin clock (category:base,tabindex:2)
2024-03-27 09:55:19,277 [INFO] PluginManage:310 - Check plugin ddr
2024-03-27 09:55:19,292 [INFO] PluginManage:359 - Loaded plugin ddr (category:tool,tabindex:6)
2024-03-27 09:55:19,293 [INFO] PluginManage:310 - Check plugin filemanager
2024-03-27 09:55:19,648 [INFO] PluginManage:359 - Loaded plugin filemanager (category:base,tabindex:10)
2024-03-27 09:55:19,648 [INFO] PluginManage:310 - Check plugin ipmanager
2024-03-27 09:55:19,684 [INFO] PluginManage:359 - Loaded plugin ipmanager (category:base,tabindex:5)
2024-03-27 09:55:19,684 [INFO] PluginManage:310 - Check plugin lpbam
2024-03-27 09:55:19,713 [INFO] PluginManage:359 - Loaded plugin lpbam (category:base,tabindex:0)
2024-03-27 09:55:19,714 [INFO] PluginManage:310 - Check plugin memorymap
2024-03-27 09:55:19,756 [INFO] PluginManage:359 - Loaded plugin memorymap (category:base,tabindex:4)
2024-03-27 09:55:19,757 [INFO] PluginManage:310 - Check plugin pinoutandconfiguration
2024-03-27 09:55:19,765 [INFO] PluginManage:359 - Loaded plugin pinoutandconfiguration (category:base,tabindex:1)
2024-03-27 09:55:19,765 [INFO] PluginManage:310 - Check plugin pinoutconfig
2024-03-27 09:55:19,929 [WARN] SupportedApi:132 - Cannot load RTOS API schema: s4s-elt-must-match.1: The content of 'definitions' must match (annotation?, (simpleType | complexType)?, (unique | key | keyref)*)). A problem was found starting at: attribute.
2024-03-27 09:55:20,144 [INFO] PluginManage:359 - Loaded plugin pinoutconfig (category:base,tabindex:0)
2024-03-27 09:55:20,144 [INFO] PluginManage:310 - Check plugin power
2024-03-27 09:55:20,198 [INFO] PluginManage:359 - Loaded plugin power (category:power,tabindex:4)
2024-03-27 09:55:20,198 [INFO] PluginManage:310 - Check plugin projectmanager
2024-03-27 09:55:20,237 [INFO] PluginManage:359 - Loaded plugin projectmanager (category:projectmanager,tabindex:3)
2024-03-27 09:55:20,237 [INFO] PluginManage:310 - Check plugin thirdparty
2024-03-27 09:55:20,613 [INFO] PluginManage:359 - Loaded plugin thirdparty (category:base,tabindex:-1)
2024-03-27 09:55:20,613 [WARN] IntegrityCheckThread:84 - waiting for thirdparty lock release [integrity check]
2024-03-27 09:55:20,613 [INFO] PluginManage:310 - Check plugin tools
2024-03-27 09:55:20,613 [INFO] IntegrityCheckThread:86 - entering critical section [integrity check]
2024-03-27 09:55:20,614 [INFO] ThirdPartyUpdaterWithRetryManager:70 - Updater plugin not ready yet. [1/15]
2024-03-27 09:55:20,637 [INFO] PluginManage:359 - Loaded plugin tools (category:base,tabindex:7)
2024-03-27 09:55:20,637 [INFO] PluginManage:310 - Check plugin tutovideos
2024-03-27 09:55:20,889 [INFO] PluginManage:359 - Loaded plugin tutovideos (category:base,tabindex:-1)
2024-03-27 09:55:20,889 [INFO] PluginManage:310 - Check plugin updater
2024-03-27 09:55:20,927 [INFO] PluginManage:359 - Loaded plugin updater (category:base,tabindex:12)
2024-03-27 09:55:20,927 [INFO] PluginManage:310 - Check plugin userauth
2024-03-27 09:55:20,956 [INFO] UserAuth:113 - Init User Auth plugin
2024-03-27 09:55:20,956 [INFO] PluginManage:359 - Loaded plugin userauth (category:base,tabindex:14)
2024-03-27 09:55:20,956 [INFO] PluginManage:283 - PluginManage : Loaded plugins [17]
2024-03-27 09:55:21,476 [INFO] PinOutPanel:1499 - setPackage(No Configuration,No Configuration)
2024-03-27 09:55:21,643 [INFO] CADModel:165 - CPN selected for project level
2024-03-27 09:55:21,643 [INFO] CADModel:114 - Register for checkConnection events
2024-03-27 09:55:21,721 [INFO] IPUIPlugin:80 - create IPUIPlugin
2024-03-27 09:55:21,722 [INFO] PluginManager:220 - loadIPPluginJar : add i2s
2024-03-27 09:55:21,748 [INFO] IPUIPlugin:80 - create IPUIPlugin
2024-03-27 09:55:21,748 [INFO] PluginManager:220 - loadIPPluginJar : add dfsdm
2024-03-27 09:55:21,750 [INFO] IPUIPlugin:80 - create IPUIPlugin
2024-03-27 09:55:21,751 [INFO] PluginManager:220 - loadIPPluginJar : add dma3
2024-03-27 09:55:21,757 [INFO] IPUIPlugin:80 - create IPUIPlugin
2024-03-27 09:55:21,757 [INFO] PluginManager:220 - loadIPPluginJar : add comp
2024-03-27 09:55:21,761 [INFO] IPUIPlugin:80 - create IPUIPlugin
2024-03-27 09:55:21,761 [INFO] PluginManager:220 - loadIPPluginJar : add pdm2pcm
2024-03-27 09:55:21,766 [INFO] IPUIPlugin:80 - create IPUIPlugin
2024-03-27 09:55:21,766 [INFO] PluginManager:220 - loadIPPluginJar : add fmc
2024-03-27 09:55:21,777 [INFO] IPUIPlugin:80 - create IPUIPlugin
2024-03-27 09:55:21,777 [INFO] PluginManager:220 - loadIPPluginJar : add touchsensing
2024-03-27 09:55:21,779 [INFO] IPUIPlugin:80 - create IPUIPlugin
2024-03-27 09:55:21,779 [INFO] PluginManager:220 - loadIPPluginJar : add cryp
2024-03-27 09:55:21,781 [INFO] IPUIPlugin:80 - create IPUIPlugin
2024-03-27 09:55:21,781 [INFO] PluginManager:220 - loadIPPluginJar : add hash
2024-03-27 09:55:21,783 [INFO] IPUIPlugin:80 - create IPUIPlugin
2024-03-27 09:55:21,783 [INFO] PluginManager:220 - loadIPPluginJar : add ts
2024-03-27 09:55:21,785 [INFO] IPUIPlugin:80 - create IPUIPlugin
2024-03-27 09:55:21,785 [INFO] PluginManager:220 - loadIPPluginJar : add gfxmmu
2024-03-27 09:55:21,787 [INFO] IPUIPlugin:80 - create IPUIPlugin
2024-03-27 09:55:21,787 [INFO] PluginManager:220 - loadIPPluginJar : add spi
2024-03-27 09:55:21,820 [INFO] IPUIPlugin:80 - create IPUIPlugin
2024-03-27 09:55:21,822 [INFO] PluginManager:220 - loadIPPluginJar : add plateformsettings
2024-03-27 09:55:21,825 [INFO] IPUIPlugin:80 - create IPUIPlugin
2024-03-27 09:55:21,825 [INFO] PluginManager:220 - loadIPPluginJar : add sai
2024-03-27 09:55:21,827 [INFO] IPUIPlugin:80 - create IPUIPlugin
2024-03-27 09:55:21,828 [INFO] PluginManager:220 - loadIPPluginJar : add opamp
2024-03-27 09:55:21,833 [INFO] IPUIPlugin:80 - create IPUIPlugin
2024-03-27 09:55:21,833 [INFO] PluginManager:220 - loadIPPluginJar : add adc
2024-03-27 09:55:21,837 [INFO] IPUIPlugin:80 - create IPUIPlugin
2024-03-27 09:55:21,837 [INFO] PluginManager:220 - loadIPPluginJar : add stm32_wpan
2024-03-27 09:55:21,839 [INFO] IPUIPlugin:80 - create IPUIPlugin
2024-03-27 09:55:21,839 [INFO] PluginManager:220 - loadIPPluginJar : add aes
2024-03-27 09:55:21,840 [INFO] IPUIPlugin:80 - create IPUIPlugin
2024-03-27 09:55:21,840 [INFO] PluginManager:220 - loadIPPluginJar : add tim
2024-03-27 09:55:21,842 [INFO] IPUIPlugin:80 - create IPUIPlugin
2024-03-27 09:55:21,842 [INFO] PluginManager:220 - loadIPPluginJar : add i2c
2024-03-27 09:55:21,846 [INFO] IPUIPlugin:80 - create IPUIPlugin
2024-03-27 09:55:21,847 [INFO] PluginManager:220 - loadIPPluginJar : add gic
2024-03-27 09:55:21,848 [INFO] IPUIPlugin:80 - create IPUIPlugin
2024-03-27 09:55:21,848 [INFO] PluginManager:220 - loadIPPluginJar : add tracer_emb
2024-03-27 09:55:21,850 [INFO] IPUIPlugin:80 - create IPUIPlugin
2024-03-27 09:55:21,850 [INFO] PluginManager:220 - loadIPPluginJar : add genericplugin
2024-03-27 09:55:21,852 [INFO] IPUIPlugin:80 - create IPUIPlugin
2024-03-27 09:55:21,852 [INFO] PluginManager:220 - loadIPPluginJar : add tsc
2024-03-27 09:55:21,855 [INFO] IPUIPlugin:80 - create IPUIPlugin
2024-03-27 09:55:21,856 [INFO] PluginManager:220 - loadIPPluginJar : add gtzc
2024-03-27 09:55:21,866 [INFO] IPUIPlugin:80 - create IPUIPlugin
2024-03-27 09:55:21,866 [INFO] PluginManager:220 - loadIPPluginJar : add ipddr
2024-03-27 09:55:21,878 [INFO] IPUIPlugin:80 - create IPUIPlugin
2024-03-27 09:55:21,878 [INFO] PluginManager:220 - loadIPPluginJar : add resmgrutility
2024-03-27 09:55:21,888 [INFO] IPUIPlugin:80 - create IPUIPlugin
2024-03-27 09:55:21,888 [INFO] PluginManager:220 - loadIPPluginJar : add nvic
2024-03-27 09:55:21,910 [INFO] IPUIPlugin:80 - create IPUIPlugin
2024-03-27 09:55:21,910 [INFO] PluginManager:220 - loadIPPluginJar : add mdma
2024-03-27 09:55:21,912 [INFO] IPUIPlugin:80 - create IPUIPlugin
2024-03-27 09:55:21,912 [INFO] PluginManager:220 - loadIPPluginJar : add ucpd
2024-03-27 09:55:21,918 [INFO] IPUIPlugin:80 - create IPUIPlugin
2024-03-27 09:55:21,918 [INFO] PluginManager:220 - loadIPPluginJar : add linkedlist
2024-03-27 09:55:21,920 [INFO] IPUIPlugin:80 - create IPUIPlugin
2024-03-27 09:55:21,921 [INFO] PluginManager:220 - loadIPPluginJar : add usart
2024-03-27 09:55:21,922 [INFO] IPUIPlugin:80 - create IPUIPlugin
2024-03-27 09:55:21,922 [INFO] PluginManager:220 - loadIPPluginJar : add ltdc
2024-03-27 09:55:21,924 [INFO] IPUIPlugin:80 - create IPUIPlugin
2024-03-27 09:55:21,924 [INFO] PluginManager:220 - loadIPPluginJar : add can
2024-03-27 09:55:21,926 [INFO] IPUIPlugin:80 - create IPUIPlugin
2024-03-27 09:55:21,926 [INFO] PluginManager:220 - loadIPPluginJar : add fatfs
2024-03-27 09:55:21,929 [INFO] IPUIPlugin:80 - create IPUIPlugin
2024-03-27 09:55:21,929 [INFO] PluginManager:220 - loadIPPluginJar : add usbx
2024-03-27 09:55:21,942 [INFO] IPUIPlugin:80 - create IPUIPlugin
2024-03-27 09:55:21,943 [INFO] PluginManager:220 - loadIPPluginJar : add dma
2024-03-27 09:55:21,945 [INFO] IPUIPlugin:80 - create IPUIPlugin
2024-03-27 09:55:21,945 [INFO] PluginManager:220 - loadIPPluginJar : add quadspi
2024-03-27 09:55:21,962 [INFO] IPUIPlugin:80 - create IPUIPlugin
2024-03-27 09:55:21,963 [INFO] PluginManager:220 - loadIPPluginJar : add freertos
2024-03-27 09:55:21,969 [INFO] IPUIPlugin:80 - create IPUIPlugin
2024-03-27 09:55:21,969 [INFO] PluginManager:220 - loadIPPluginJar : add lorawan
2024-03-27 09:55:21,975 [INFO] IPUIPlugin:80 - create IPUIPlugin
2024-03-27 09:55:21,976 [INFO] PluginManager:220 - loadIPPluginJar : add i3c
2024-03-27 09:55:21,996 [INFO] IPUIPlugin:80 - create IPUIPlugin
2024-03-27 09:55:21,997 [INFO] PluginManager:220 - loadIPPluginJar : add gpio
2024-03-27 09:55:22,001 [INFO] IPUIPlugin:80 - create IPUIPlugin
2024-03-27 09:55:22,001 [INFO] PluginManager:220 - loadIPPluginJar : add openamp
2024-03-27 09:55:22,155 [INFO] CADModel:165 - CPN selected for project level
2024-03-27 09:55:22,155 [INFO] CADModel:114 - Register for checkConnection events
2024-03-27 09:55:22,156 [FATAL] Updater:308 - Updater called before beeing initialized
2024-03-27 09:55:22,156 [ERROR] CADModel:125 - Updater not yet initialized, retry later 
2024-03-27 09:55:22,499 [INFO] CADModel:165 - CPN selected for project level
2024-03-27 09:55:22,500 [INFO] CADModel:114 - Register for checkConnection events
2024-03-27 09:55:22,500 [FATAL] Updater:308 - Updater called before beeing initialized
2024-03-27 09:55:22,500 [ERROR] CADModel:125 - Updater not yet initialized, retry later 
2024-03-27 09:55:22,506 [FATAL] Updater:308 - Updater called before beeing initialized
2024-03-27 09:55:22,701 [FATAL] Updater:308 - Updater called before beeing initialized
2024-03-27 09:55:22,725 [INFO] DbMcusAds:53 - JSON generation date=Wed Nov 29 07:52:27 BRT 2023 (1701255147349)
2024-03-27 09:55:22,725 [FATAL] Updater:308 - Updater called before beeing initialized
2024-03-27 09:55:22,818 [WARN] DetailPanel:346 - Failed to get advertising image, set to default
2024-03-27 09:55:22,959 [FATAL] Updater:308 - Updater called before beeing initialized
2024-03-27 09:55:22,965 [FATAL] Updater:308 - Updater called before beeing initialized
2024-03-27 09:55:22,965 [FATAL] Updater:308 - Updater called before beeing initialized
2024-03-27 09:55:22,965 [WARN] DetailPanel:346 - Failed to get advertising image, set to default
2024-03-27 09:55:22,967 [FATAL] Updater:308 - Updater called before beeing initialized
2024-03-27 09:55:23,054 [ERROR] Updater:1120 - MainUpdater not yet initialized. External WinMGr cannot be set.
2024-03-27 09:55:23,057 [INFO] Updater:1056 - Updater Version found : 6.9.2
2024-03-27 09:55:23,102 [INFO] ApplicationProperties:184 - Using Application install path: /opt/st/stm32cubeide_1.13.2/plugins/com.st.stm32cube.common.mx_6.9.2.202309101412
2024-03-27 09:55:23,555 [INFO] MainUpdater:2868 - connection check result : 10
2024-03-27 09:55:23,556 [INFO] MainUpdater:285 - Updater Check For Update Now.
2024-03-27 09:55:23,556 [INFO] MicroXplorer:498 - Change Database Version : DB.6.0.92
2024-03-27 09:55:23,576 [INFO] McuFinderGlobals:63 - Set McuFinder mode to 2 (CubeIDE integrated)
2024-03-27 09:55:23,615 [WARN] MainUpdater:1189 - Updater busy. Cannot search thirdparties
2024-03-27 09:55:23,615 [INFO] ThirdPartyUpdaterWithRetryManager:96 - Updater plugin is busy. [1/15]
2024-03-27 09:55:23,891 [INFO] CheckServerUpdateThread:120 - End of CheckServer Thread
2024-03-27 09:55:26,859 [WARN] PackLoader:240 - Cannot read IP mode file for STMicroelectronics.X-CUBE-SMBUS.2.1.0
2024-03-27 09:55:26,888 [WARN] PackLoader:240 - Cannot read IP mode file for STMicroelectronics.X-CUBE-TOUCHGFX.4.23.0
2024-03-27 09:55:26,981 [WARN] PackLoader:240 - Cannot read IP mode file for STMicroelectronics.X-CUBE-AZRTOS-F7.1.1.0
2024-03-27 09:55:27,049 [WARN] PackLoader:240 - Cannot read IP mode file for STMicroelectronics.FP-SNS-MOTENV1.4.3.2
2024-03-27 09:55:27,077 [WARN] PackLoader:240 - Cannot read IP mode file for STMicroelectronics.FP-SNS-FLIGHT1.5.0.1
2024-03-27 09:55:27,101 [WARN] PackLoader:240 - Cannot read IP mode file for STMicroelectronics.X-CUBE-BLE1.6.2.4
2024-03-27 09:55:27,131 [WARN] PackLoader:240 - Cannot read IP mode file for STMicroelectronics.FP-SNS-FLIGHT1.5.0.2
2024-03-27 09:55:27,155 [WARN] PackLoader:240 - Cannot read IP mode file for STMicroelectronics.X-CUBE-DISPLAY.3.0.0
2024-03-27 09:55:27,202 [WARN] PackLoader:240 - Cannot read IP mode file for STMicroelectronics.X-CUBE-BLE1.7.0.0
2024-03-27 09:55:27,222 [WARN] PackLoader:240 - Cannot read IP mode file for emotas.I-CUBE-CANOPEN.1.3.0
2024-03-27 09:55:27,230 [WARN] PackLoader:240 - Cannot read IP mode file for STMicroelectronics.X-CUBE-TOUCHGFX.4.22.0
2024-03-27 09:55:27,248 [WARN] PackLoader:240 - Cannot read IP mode file for STMicroelectronics.X-CUBE-TOUCHGFX.4.22.1
2024-03-27 09:55:27,283 [WARN] PackLoader:240 - Cannot read IP mode file for STMicroelectronics.X-CUBE-BLEMGR.3.1.0
2024-03-27 09:55:27,310 [WARN] PackLoader:240 - Cannot read IP mode file for STMicroelectronics.FP-SNS-SMARTAG2.1.2.0
2024-03-27 09:55:27,351 [INFO] LogOutputStream:77 - [STDOUT_REDIRECT] 1 : Invalid condition id : UX_CORESTACK_Condition cause : null
2024-03-27 09:55:27,353 [INFO] LogOutputStream:77 - [STDOUT_REDIRECT] 1 : Invalid condition id : UX_CORESTACK_Condition cause : null
2024-03-27 09:55:27,354 [INFO] LogOutputStream:77 - [STDOUT_REDIRECT] 1 : Invalid condition id : UX_CORESTACK_Condition cause : null
2024-03-27 09:55:27,354 [INFO] LogOutputStream:77 - [STDOUT_REDIRECT] 1 : Invalid condition id : UX_CORESTACK_Condition cause : null
2024-03-27 09:55:27,355 [INFO] LogOutputStream:77 - [STDOUT_REDIRECT] 1 : Invalid condition id : UX_CORESTACK_Condition cause : null
2024-03-27 09:55:27,366 [WARN] PackLoader:240 - Cannot read IP mode file for STMicroelectronics.X-CUBE-AZRTOS-WL.2.0.0
2024-03-27 09:55:27,384 [WARN] PackLoader:240 - Cannot read IP mode file for WES.I-CUBE-Cesium.1.3.0
2024-03-27 09:55:27,405 [WARN] PackLoader:240 - Cannot read IP mode file for STMicroelectronics.X-CUBE-BLE2.3.3.0
2024-03-27 09:55:27,427 [WARN] PackLoader:240 - Cannot read IP mode file for STMicroelectronics.X-CUBE-ALGOBUILD.1.3.0
2024-03-27 09:55:27,508 [WARN] PackLoader:240 - Cannot read IP mode file for STMicroelectronics.X-CUBE-AZRTOS-G0.1.1.0
2024-03-27 09:55:27,547 [WARN] PackLoader:240 - Cannot read IP mode file for STMicroelectronics.X-CUBE-NFC4.3.0.0
2024-03-27 09:55:27,598 [WARN] PackLoader:240 - Cannot read IP mode file for STMicroelectronics.FP-ATR-SIGFOX1.3.2.0
2024-03-27 09:55:27,623 [WARN] PackLoader:240 - Cannot read IP mode file for STMicroelectronics.X-CUBE-EEPRMA1.5.1.0
2024-03-27 09:55:27,756 [WARN] PackLoader:240 - Cannot read IP mode file for SEGGER.I-CUBE-embOS.1.3.1
2024-03-27 09:55:27,882 [WARN] PackLoader:240 - Cannot read IP mode file for STMicroelectronics.X-CUBE-GNSS1.6.0.0
2024-03-27 09:55:27,930 [WARN] PackLoader:240 - Cannot read IP mode file for STMicroelectronics.X-CUBE-AZRTOS-F4.1.1.0
2024-03-27 09:55:27,947 [WARN] PackLoader:240 - Cannot read IP mode file for wolfSSL.I-CUBE-wolfSSL.5.6.3
2024-03-27 09:55:27,984 [WARN] PackLoader:240 - Cannot read IP mode file for STMicroelectronics.X-CUBE-AZRTOS-L5.2.0.0
2024-03-27 09:55:28,067 [WARN] PackLoader:240 - Cannot read IP mode file for STMicroelectronics.X-CUBE-MEMS1.9.6.0
2024-03-27 09:55:28,456 [WARN] PackLoader:240 - Cannot read IP mode file for STMicroelectronics.X-CUBE-NFC6.3.1.0
2024-03-27 09:55:28,479 [WARN] PackLoader:240 - Cannot read IP mode file for ITTIA_DB.I-CUBE-ITTIADB.8.8.0
2024-03-27 09:55:28,505 [WARN] PackLoader:240 - Cannot read IP mode file for STMicroelectronics.X-CUBE-BLEMGR.2.0.0
2024-03-27 09:55:28,549 [WARN] ConditionMgr:438 - getConditionDescription Invalid condition id : UX DEVICE CLASS RTOS Condition cause : null
2024-03-27 09:55:28,549 [WARN] ConditionMgr:438 - getConditionDescription Invalid condition id : UX DEVICE CLASS RTOS Condition cause : null
2024-03-27 09:55:28,554 [WARN] PackLoader:240 - Cannot read IP mode file for STMicroelectronics.X-CUBE-AZRTOS-H7.3.1.0
2024-03-27 09:55:28,557 [WARN] ConditionMgr:1039 - genDependencies : Invalid condition id : UX DEVICE CLASS RTOS Condition cause : null
2024-03-27 09:55:28,557 [WARN] ConditionMgr:1039 - genDependencies : Invalid condition id : UX DEVICE CLASS RTOS Condition cause : null
2024-03-27 09:55:28,558 [WARN] ConditionMgr:1039 - genDependencies : Invalid condition id : UX DEVICE CLASS RTOS Condition cause : null
2024-03-27 09:55:28,559 [WARN] ConditionMgr:1039 - genDependencies : Invalid condition id : UX DEVICE CLASS RTOS Condition cause : null
2024-03-27 09:55:28,559 [WARN] ConditionMgr:1039 - genDependencies : Invalid condition id : UX DEVICE CLASS RTOS Condition cause : null
2024-03-27 09:55:28,568 [WARN] PackLoader:240 - Cannot read IP mode file for STMicroelectronics.X-CUBE-NFC7.1.0.1
2024-03-27 09:55:28,588 [WARN] PackLoader:240 - Cannot read IP mode file for STMicroelectronics.X-CUBE-NFC6.3.0.0
2024-03-27 09:55:28,609 [WARN] PackLoader:240 - Cannot read IP mode file for STMicroelectronics.X-CUBE-EEPRMA1.4.1.0
2024-03-27 09:55:28,637 [WARN] PackLoader:240 - Cannot read IP mode file for STMicroelectronics.X-CUBE-AI.8.1.0
2024-03-27 09:55:28,681 [WARN] ConditionMgr:438 - getConditionDescription Invalid condition id : LAN8742 Phy interface Condition cause : null
2024-03-27 09:55:28,682 [WARN] PackLoader:240 - Cannot read IP mode file for STMicroelectronics.X-CUBE-AZRTOS-L4.2.0.0
2024-03-27 09:55:28,685 [WARN] ConditionMgr:1039 - genDependencies : Invalid condition id : LAN8742 Phy interface Condition cause : null
2024-03-27 09:55:28,685 [WARN] ConditionMgr:1039 - genDependencies : Invalid condition id : LAN8742 Phy interface Condition cause : null
2024-03-27 09:55:28,687 [WARN] ConditionMgr:1039 - genDependencies : Invalid condition id : LAN8742 Phy interface Condition cause : null
2024-03-27 09:55:28,696 [WARN] PackLoader:240 - Cannot read IP mode file for STMicroelectronics.X-CUBE-SFXS2LP1.4.0.0
2024-03-27 09:55:28,717 [WARN] PackLoader:240 - Cannot read IP mode file for STMicroelectronics.X-CUBE-ISPU.1.1.0
2024-03-27 09:55:28,748 [WARN] ConditionMgr:438 - getConditionDescription Invalid condition id : UX DEVICE CLASS RTOS Condition cause : null
2024-03-27 09:55:28,749 [WARN] ConditionMgr:438 - getConditionDescription Invalid condition id : UX DEVICE CLASS RTOS Condition cause : null
2024-03-27 09:55:28,752 [WARN] PackLoader:240 - Cannot read IP mode file for STMicroelectronics.X-CUBE-AZRTOS-WB.2.0.0
2024-03-27 09:55:28,754 [WARN] ConditionMgr:1039 - genDependencies : Invalid condition id : UX DEVICE CLASS RTOS Condition cause : null
2024-03-27 09:55:28,754 [WARN] ConditionMgr:1039 - genDependencies : Invalid condition id : UX DEVICE CLASS RTOS Condition cause : null
2024-03-27 09:55:28,755 [WARN] ConditionMgr:1039 - genDependencies : Invalid condition id : UX DEVICE CLASS RTOS Condition cause : null
2024-03-27 09:55:28,755 [WARN] ConditionMgr:1039 - genDependencies : Invalid condition id : UX DEVICE CLASS RTOS Condition cause : null
2024-03-27 09:55:28,755 [WARN] ConditionMgr:1039 - genDependencies : Invalid condition id : UX DEVICE CLASS RTOS Condition cause : null
2024-03-27 09:55:28,761 [WARN] PackLoader:240 - Cannot read IP mode file for STMicroelectronics.X-CUBE-FREERTOS.1.0.1
2024-03-27 09:55:28,799 [WARN] PackLoader:240 - Cannot read IP mode file for STMicroelectronics.X-CUBE-AZRTOS-L5.1.1.0
2024-03-27 09:55:28,818 [WARN] PackLoader:240 - Cannot read IP mode file for STMicroelectronics.X-CUBE-AI.8.0.1
2024-03-27 09:55:28,842 [WARN] PackLoader:240 - Cannot read IP mode file for STMicroelectronics.X-CUBE-SUBG2.5.0.0
2024-03-27 09:55:28,870 [WARN] PackLoader:240 - Cannot read IP mode file for STMicroelectronics.X-CUBE-TOF1.3.3.1
2024-03-27 09:55:28,916 [WARN] PackLoader:240 - Cannot read IP mode file for STMicroelectronics.X-CUBE-AZRTOS-G4.2.0.0
2024-03-27 09:55:28,937 [WARN] PackLoader:240 - Cannot read IP mode file for STMicroelectronics.X-CUBE-TOF1.3.3.0
2024-03-27 09:55:28,975 [WARN] PackLoader:240 - Cannot read IP mode file for Infineon.AIROC-Wi-Fi-Bluetooth-STM32.1.5.1
2024-03-27 09:55:29,002 [WARN] PackLoader:240 - Cannot read IP mode file for STMicroelectronics.FP-SNS-MOTENVWB1.1.3.1
2024-03-27 09:55:29,028 [WARN] PackLoader:240 - Cannot read IP mode file for STMicroelectronics.X-CUBE-ISPU.2.0.0
2024-03-27 09:55:29,096 [WARN] PackLoader:240 - Cannot read IP mode file for STMicroelectronics.X-CUBE-MEMS1.10.0.0
2024-03-27 09:55:29,294 [WARN] PackLoader:240 - Cannot read IP mode file for STMicroelectronics.X-CUBE-FREERTOS.1.1.0
2024-03-27 09:55:29,309 [WARN] PackLoader:240 - Cannot read IP mode file for portGmbH.I-Cube-SoM-uGOAL.1.1.0
2024-03-27 09:55:29,325 [WARN] PackLoader:240 - Cannot read IP mode file for STMicroelectronics.X-CUBE-ALS.1.0.1
2024-03-27 09:55:29,351 [WARN] PackLoader:240 - Cannot read IP mode file for STMicroelectronics.X-CUBE-AZRTOS-WB.1.1.0
2024-03-27 09:55:29,359 [WARN] PackLoader:240 - Cannot read IP mode file for STMicroelectronics.FP-ATR-ASTRA1.2.0.0
2024-03-27 09:55:29,393 [WARN] PackLoader:240 - Cannot read IP mode file for STMicroelectronics.X-CUBE-TOF1.3.4.1
2024-03-27 09:55:29,449 [WARN] PackLoader:240 - Cannot read IP mode file for STMicroelectronics.X-CUBE-AZRTOS-H7.3.2.0
2024-03-27 09:55:29,461 [INFO] ThirdParty:978 - Integrity check success = true
2024-03-27 09:55:29,461 [INFO] IntegrityCheckThread:100 - exiting critical section [integrity check]
2024-03-27 09:55:29,461 [INFO] IntegrityCheckThread:103 - End integrity checks thread
2024-03-27 09:55:45,434 [ERROR] LogOutputStream:75 - [STDERR_REDIRECT] SLF4J: Failed to load class "org.slf4j.impl.StaticLoggerBinder".
2024-03-27 09:55:45,435 [ERROR] LogOutputStream:75 - [STDERR_REDIRECT] SLF4J: Defaulting to no-operation (NOP) logger implementation
2024-03-27 09:55:45,435 [ERROR] LogOutputStream:75 - [STDERR_REDIRECT] SLF4J: See http://www.slf4j.org/codes.html#StaticLoggerBinder for further details.
2024-03-27 09:56:53,636 [INFO] McuFinderGlobals:63 - Set McuFinder mode to 2 (CubeIDE integrated)
2024-03-27 09:56:53,658 [INFO] MainUpdater:2868 - connection check result : 10
2024-03-27 09:56:53,676 [INFO] McuFinderGlobals:76 - Set McuFinderConnectedMode to true
2024-03-27 09:56:54,508 [INFO] ServerAccessManage:473 - Download File mcusAds.json._tmp_
2024-03-27 09:56:54,649 [INFO] LoadUrlFilesThread:156 - End of LoadUrlFiles Thread
2024-03-27 09:56:56,174 [INFO] ServerAccessManage:473 - Download File cube-finder-db.zip
2024-03-27 09:57:03,672 [INFO] FileExtend:240 - Unzip File : cube-finder-db.zip
2024-03-27 09:57:03,672 [INFO] FileExtend:255 - Standard Zip Deflate
2024-03-27 09:57:06,175 [INFO] LoadUrlFilesThread:156 - End of LoadUrlFiles Thread
2024-03-27 09:57:07,986 [INFO] ServerAccessManage:473 - Download File crdb.zip
2024-03-27 09:57:09,490 [INFO] FileExtend:240 - Unzip File : crdb.zip
2024-03-27 09:57:09,491 [INFO] FileExtend:255 - Standard Zip Deflate
2024-03-27 09:57:09,665 [INFO] LoadUrlFilesThread:156 - End of LoadUrlFiles Thread
2024-03-27 09:57:14,426 [INFO] ServerAccessManage:473 - Download File tutoVideoDB.zip
2024-03-27 09:57:14,513 [INFO] FileExtend:240 - Unzip File : tutoVideoDB.zip
2024-03-27 09:57:14,514 [INFO] FileExtend:255 - Standard Zip Deflate
2024-03-27 09:57:14,623 [INFO] LoadUrlFilesThread:156 - End of LoadUrlFiles Thread
2024-03-27 09:57:14,628 [WARN] DbFile:41 - Overriding database path with different value: /home/leandro/.stmcufinder/plugins/mcufinder/ => /home/leandro/.stmcufinder/plugins/mcufinder
2024-03-27 09:57:15,789 [INFO] ServerAccessManage:473 - Download File api_config.json
2024-03-27 09:57:15,894 [INFO] LoadUrlFilesThread:156 - End of LoadUrlFiles Thread
2024-03-27 09:57:15,897 [INFO] DbMcusAds:53 - JSON generation date=Wed Nov 29 07:52:27 BRT 2023 (1701255147349)
2024-03-27 09:57:15,940 [INFO] LoadUrlFilesThread:185 - End of LoadServerUrlFiles without Thread
2024-03-27 09:57:15,941 [INFO] TargetSelectorAdapter:259 - Refresh data is successful
2024-03-27 09:57:16,110 [INFO] ApiDb:581 - Connected to CubeFinder SQLite database (/home/leandro/.stmcufinder/plugins/mcufinder/mcu/cube-finder-db.db)
2024-03-27 09:57:16,169 [INFO] ApiDb:668 - CubeFinder database Data Model version=2.1
2024-03-27 09:57:16,169 [INFO] ApiDb:669 - CubeFinder database Configuration version=3.0.39
2024-03-27 09:57:16,169 [INFO] ApiDb:670 - CubeFinder database generation date=2024-03-01 (1709305525)
2024-03-27 09:57:16,169 [INFO] ApiDb:671 - CubeFinder database FW Pack versions=[FP-ATR-ASTRA1_V2.0.0, FP-SNS-FLIGHT1_V5.0.1, FP-SNS-FLIGHT1_V5.0.2, FP-SNS-MOTENV1_V4.3.1, FP-SNS-MOTENV1_V4.3.2, FP-SNS-MOTENVWB1_V1.3.1, FP-SNS-SMARTAG2_V1.2.0, STM32Cube_FW_C0_V1.1.0, STM32Cube_FW_F4_V1.28.0, STM32Cube_FW_F7_V1.17.0, STM32Cube_FW_G0_V1.6.2, STM32Cube_FW_G4_V1.5.2, STM32Cube_FW_H5_V0.5.1, STM32Cube_FW_H5_V1.1.1, STM32Cube_FW_H5_V1.2.0, STM32Cube_FW_H5_V1.2.0RC4, STM32Cube_FW_H7RS_V1.0.0, STM32Cube_FW_H7RS_V1.0.0RC4, STM32Cube_FW_H7_V1.11.0, STM32Cube_FW_L0_V1.12.2, STM32Cube_FW_L5_V1.5.1, STM32Cube_FW_U0_V1.0.0, STM32Cube_FW_U0_V1.0.0RC1, STM32Cube_FW_U5_V1.3.0RC4, STM32Cube_FW_U5_V1.5.0, STM32Cube_FW_U5_V1.5.0RC1, STM32Cube_FW_WBA_V1.0.0RC1, STM32Cube_FW_WBA_V1.2.0, STM32Cube_FW_WBA_V1.2.0RC2, STM32Cube_FW_WBA_V1.3.0, STM32Cube_FW_WBA_V1.3.0RC1, STM32Cube_FW_WB_V1.15.0RC1, STM32Cube_FW_WB_V1.16.0, STM32Cube_FW_WB_V1.16.0RC2, STM32Cube_FW_WB_V1.18.0, STM32Cube_FW_WB_V1.19.0, STM32Cube_FW_WL_V1.3.0, X-CUBE-ALGOBUILD_V1.3.0, X-CUBE-ALS_V1.0.1, X-CUBE-AZRTOS-F4_V1.1.0, X-CUBE-AZRTOS-F7_V1.1.0, X-CUBE-AZRTOS-G0_V1.1.0, X-CUBE-AZRTOS-G4_V2.0.0, X-CUBE-AZRTOS-H7_V3.2.0, X-CUBE-AZRTOS-L4_V1.0.0, X-CUBE-AZRTOS-L4_V2.0.0, X-CUBE-AZRTOS-L5_V1.1.0, X-CUBE-AZRTOS-WB_V2.0.0, X-CUBE-AZRTOS-WL_V2.0.0, X-CUBE-BLE1_V7.0.0, X-CUBE-BLE2_V3.3.0, X-CUBE-BLEMGR_V3.1.0, X-CUBE-EEPRMA1_V4.1.0, X-CUBE-EEPRMA1_V5.1.0, X-CUBE-FREERTOS_V1.1.0, X-CUBE-GNSS1_V6.0.0, X-CUBE-MEMS1_V10.0.0, X-CUBE-MEMS1_V9.1.0, X-CUBE-MEMS1_V9.4.0, X-CUBE-MEMS1_V9.6.0, X-CUBE-NFC4_V3.0.0, X-CUBE-NFC7_V1.0.1, X-CUBE-SFXS2LP1_V4.0.0, X-CUBE-SUBG2_V5.0.0, X-CUBE-TOF1_V3.4.0]
2024-03-27 09:57:18,908 [INFO] ApiDb:240 - Found 323 in-development CPN: [B-G473E-ZEST1S, B-WB1M-WPAN1, B-WL5M-SUBG1, NUCLEO-C031C6, NUCLEO-H503RB, NUCLEO-H563ZI, NUCLEO-U545RE-Q, NUCLEO-U5A5ZJ-Q, NUCLEO-WBA52CG, STEVAL-PROTEUS1, STEVAL-SMARTAG2, STEVAL-STWINBX1, STM320518-EVAL, STM32C0116-DK, STM32C011D6Y3TR, STM32C011D6Y6TR, STM32C011F4P3, STM32C011F4P6, STM32C011F4U3, STM32C011F4U6TR, STM32C011F6P3, STM32C011F6P6, STM32C011F6U3, STM32C011F6U6TR, STM32C011J4M3, STM32C011J4M6, STM32C011J6M3, STM32C011J6M6, STM32C0316-DK, STM32C031C4T3, STM32C031C4T6, STM32C031C4U3, STM32C031C4U6, STM32C031C6T3, STM32C031C6T6, STM32C031C6U3, STM32C031C6U6, STM32C031F4P3, STM32C031F4P6, STM32C031F6P3, STM32C031F6P6, STM32C031G4U3, STM32C031G4U6, STM32C031G6U3, STM32C031G6U6, STM32C031K4T3, STM32C031K4T6, STM32C031K4U3, STM32C031K4U6, STM32C031K6T3, STM32C031K6T6, STM32C031K6U3, STM32C031K6U6, STM32G071K8TXN, STM32G071K8UXN, STM32G081GBU6N, STM32G081KBT6N, STM32G081KBUXN, STM32G0B1CCT6N, STM32G0B1KCT6, STM32G0B1NEY6TR, STM32G0B1RCT6N, STM32G0C1CCT6, STM32G0C1CCT6N, STM32G0C1CCU6N, STM32G0C1CET6N, STM32G0C1CEU6N, STM32G0C1KCT6, STM32G0C1NEY6TR, STM32G0C1RCI6N, STM32G0C1RCT6N, STM32G0C1REI6N, STM32G0C1RET6N, STM32G0C1VCI6, STM32G0C1VEI6, STM32G471CCT6, STM32G471CCU6, STM32G471CET3, STM32G471CET6, STM32G471CEU3, STM32G471CEU6, STM32G471MCT6, STM32G471MET3, STM32G471MET6, STM32G471MEY6TR, STM32G471QCT6, STM32G471QET3, STM32G471RCT6, STM32G471RET3, STM32G471RET6, STM32G471VCH6, STM32G471VCI6, STM32G471VCT6, STM32G471VEH3, STM32G471VEH6, STM32G471VEI3, STM32G471VEI6, STM32G471VET3, STM32G471VET6, STM32G474CCT6, STM32H503CBT6, STM32H503CBU6, STM32H503EBY6TR, STM32H503KBU6, STM32H503RBT6, STM32H562AGI6, STM32H562AII6, STM32H562IGK6, STM32H562IGT6, STM32H562IIK6, STM32H562IIT6, STM32H562RGT6, STM32H562RGV6, STM32H562RIT6, STM32H562RIV6, STM32H562VGT6, STM32H562VIT6, STM32H562ZGT6, STM32H562ZIT6, STM32H563AGI6, STM32H563AII3Q, STM32H563AII6, STM32H563IGK6, STM32H563IGT6, STM32H563IIK3Q, STM32H563IIK6, STM32H563IIT3Q, STM32H563IIT6, STM32H563MIY3QTR, STM32H563RGT6, STM32H563RGV6, STM32H563RIT6, STM32H563RIV6, STM32H563VGT6, STM32H563VIT3Q, STM32H563VIT6, STM32H563ZGT6, STM32H563ZIT3Q, STM32H563ZIT6, STM32H573AII3Q, STM32H573AII6, STM32H573I-DK, STM32H573IIK3Q, STM32H573IIK6, STM32H573IIT3Q, STM32H573IIT6, STM32H573MIY3QTR, STM32H573RIT6, STM32H573RIV6, STM32H573VIT3Q, STM32H573VIT6, STM32H573ZIT3Q, STM32H573ZIT6, STM32L4R5QGI6STR, STM32MP131AAE3, STM32MP131AAF3, STM32MP131AAG3, STM32MP131CAE3, STM32MP131CAF3, STM32MP131CAG3, STM32MP131DAE7, STM32MP131DAF7, STM32MP131DAG7, STM32MP131FAE7, STM32MP131FAF7, STM32MP131FAG7, STM32MP133AAE3, STM32MP133AAF3, STM32MP133AAG3, STM32MP133CAE3, STM32MP133CAF3, STM32MP133CAG3, STM32MP133DAE7, STM32MP133DAF7, STM32MP133DAG7, STM32MP133FAE7, STM32MP133FAF7, STM32MP133FAG7, STM32MP135AAE3, STM32MP135AAF3, STM32MP135AAG3, STM32MP135CAE3, STM32MP135CAF3, STM32MP135CAG3, STM32MP135DAE7, STM32MP135DAF7, STM32MP135DAG7, STM32MP135F-DK, STM32MP135FAE7, STM32MP135FAF7, STM32MP135FAF7T, STM32MP135FAF7U, STM32MP135FAG7, STM32U535CBT6, STM32U535CBT6Q, STM32U535CBU6, STM32U535CBU6Q, STM32U535CCT6, STM32U535CCT6Q, STM32U535CCU6, STM32U535CCU6Q, STM32U535CET6, STM32U535CET6Q, STM32U535CEU6, STM32U535CEU6Q, STM32U535JEY6QTR, STM32U535NCY6QTR, STM32U535NEY6QTR, STM32U535RBI6, STM32U535RBI6Q, STM32U535RBT6, STM32U535RBT6Q, STM32U535RCI6, STM32U535RCI6Q, STM32U535RCT6, STM32U535RCT6Q, STM32U535REI6, STM32U535REI6Q, STM32U535RET6, STM32U535RET6Q, STM32U535VCI6, STM32U535VCI6Q, STM32U535VCT6, STM32U535VCT6Q, STM32U535VEI6, STM32U535VEI6Q, STM32U535VET6, STM32U535VET6Q, STM32U545CET6, STM32U545CET6Q, STM32U545CEU6, STM32U545CEU6Q, STM32U545JEY6QTR, STM32U545NEY6QTR, STM32U545REI6, STM32U545REI6Q, STM32U545RET6, STM32U545RET6Q, STM32U545VEI6, STM32U545VEI6Q, STM32U545VET6, STM32U545VET6Q, STM32U595AIH6, STM32U595AIH6Q, STM32U595AJH6, STM32U595AJH6Q, STM32U595QII6, STM32U595QII6Q, STM32U595QJI6, STM32U595QJI6Q, STM32U595RIT6, STM32U595RIT6Q, STM32U595RJT6, STM32U595RJT6Q, STM32U595VIT6, STM32U595VIT6Q, STM32U595VJT6, STM32U595VJT6Q, STM32U595ZIT6, STM32U595ZIT6Q, STM32U595ZIY6QTR, STM32U595ZJT6, STM32U595ZJT6Q, STM32U595ZJY6QTR, STM32U599BJY6QTR, STM32U599NIH6Q, STM32U599NJH6Q, STM32U599VIT6Q, STM32U599VJT6, STM32U599VJT6Q, STM32U599ZIT6Q, STM32U599ZIY6QTR, STM32U599ZJT6Q, STM32U599ZJY6QTR, STM32U5A5AJH6, STM32U5A5AJH6Q, STM32U5A5QJI6, STM32U5A5QJI6Q, STM32U5A5RJT6, STM32U5A5RJT6Q, STM32U5A5VJT6, STM32U5A5VJT6Q, STM32U5A5ZJT6, STM32U5A5ZJT6Q, STM32U5A5ZJY6QTR, STM32U5A9BJY6QTR, STM32U5A9J-DK, STM32U5A9NJH6Q, STM32U5A9VJT6Q, STM32U5A9ZJT6Q, STM32U5A9ZJY6QTR, STM32U5F7VIT6, STM32U5F7VIT6Q, STM32U5F7VJT6, STM32U5F7VJT6Q, STM32U5F9BJY6QTR, STM32U5F9NJH6Q, STM32U5F9VIT6Q, STM32U5F9VJT6Q, STM32U5F9ZIJ6QTR, STM32U5F9ZIT6Q, STM32U5F9ZJJ6QTR, STM32U5F9ZJT6Q, STM32U5G7VJT6, STM32U5G7VJT6Q, STM32U5G9BJY6QTR, STM32U5G9J-DK1, STM32U5G9J-DK2, STM32U5G9NJH6Q, STM32U5G9VJT6Q, STM32U5G9ZJJ6QTR, STM32U5G9ZJT6Q, STM32WB1MMCH6, STM32WBA52CEU6, STM32WBA52CEU6T, STM32WBA52CGU6, STM32WBA52CGU6T, STM32WBA52KEU6, STM32WBA52KEU6T, STM32WBA52KGU6, STM32WBA52KGU6T, STM32WL5MOCH6, STM32WL5MOCH6TR]
2024-03-27 09:57:18,918 [INFO] DbMcus:217 - Found 3938 MCUs, 3938 are supported
2024-03-27 09:57:18,958 [INFO] ApiDb:423 - Load user favorites file /home/leandro/.stm32cubeide/favorites.mcus.txt: 3 item(s)
2024-03-27 09:57:18,960 [INFO] ApiDb:427 - User favorites MCUs=[STM32F103C6T6A, STM32F407VET6, STM32H747XIH6]
2024-03-27 09:57:18,960 [INFO] DbMcus:223 - Set 3 / 3 favorites MCUs
2024-03-27 09:57:19,876 [INFO] ApiDb:668 - CubeFinder database Data Model version=2.1
2024-03-27 09:57:19,876 [INFO] ApiDb:669 - CubeFinder database Configuration version=3.0.39
2024-03-27 09:57:19,877 [INFO] ApiDb:670 - CubeFinder database generation date=2024-03-01 (1709305525)
2024-03-27 09:57:19,877 [INFO] ApiDb:671 - CubeFinder database FW Pack versions=[FP-ATR-ASTRA1_V2.0.0, FP-SNS-FLIGHT1_V5.0.1, FP-SNS-FLIGHT1_V5.0.2, FP-SNS-MOTENV1_V4.3.1, FP-SNS-MOTENV1_V4.3.2, FP-SNS-MOTENVWB1_V1.3.1, FP-SNS-SMARTAG2_V1.2.0, STM32Cube_FW_C0_V1.1.0, STM32Cube_FW_F4_V1.28.0, STM32Cube_FW_F7_V1.17.0, STM32Cube_FW_G0_V1.6.2, STM32Cube_FW_G4_V1.5.2, STM32Cube_FW_H5_V0.5.1, STM32Cube_FW_H5_V1.1.1, STM32Cube_FW_H5_V1.2.0, STM32Cube_FW_H5_V1.2.0RC4, STM32Cube_FW_H7RS_V1.0.0, STM32Cube_FW_H7RS_V1.0.0RC4, STM32Cube_FW_H7_V1.11.0, STM32Cube_FW_L0_V1.12.2, STM32Cube_FW_L5_V1.5.1, STM32Cube_FW_U0_V1.0.0, STM32Cube_FW_U0_V1.0.0RC1, STM32Cube_FW_U5_V1.3.0RC4, STM32Cube_FW_U5_V1.5.0, STM32Cube_FW_U5_V1.5.0RC1, STM32Cube_FW_WBA_V1.0.0RC1, STM32Cube_FW_WBA_V1.2.0, STM32Cube_FW_WBA_V1.2.0RC2, STM32Cube_FW_WBA_V1.3.0, STM32Cube_FW_WBA_V1.3.0RC1, STM32Cube_FW_WB_V1.15.0RC1, STM32Cube_FW_WB_V1.16.0, STM32Cube_FW_WB_V1.16.0RC2, STM32Cube_FW_WB_V1.18.0, STM32Cube_FW_WB_V1.19.0, STM32Cube_FW_WL_V1.3.0, X-CUBE-ALGOBUILD_V1.3.0, X-CUBE-ALS_V1.0.1, X-CUBE-AZRTOS-F4_V1.1.0, X-CUBE-AZRTOS-F7_V1.1.0, X-CUBE-AZRTOS-G0_V1.1.0, X-CUBE-AZRTOS-G4_V2.0.0, X-CUBE-AZRTOS-H7_V3.2.0, X-CUBE-AZRTOS-L4_V1.0.0, X-CUBE-AZRTOS-L4_V2.0.0, X-CUBE-AZRTOS-L5_V1.1.0, X-CUBE-AZRTOS-WB_V2.0.0, X-CUBE-AZRTOS-WL_V2.0.0, X-CUBE-BLE1_V7.0.0, X-CUBE-BLE2_V3.3.0, X-CUBE-BLEMGR_V3.1.0, X-CUBE-EEPRMA1_V4.1.0, X-CUBE-EEPRMA1_V5.1.0, X-CUBE-FREERTOS_V1.1.0, X-CUBE-GNSS1_V6.0.0, X-CUBE-MEMS1_V10.0.0, X-CUBE-MEMS1_V9.1.0, X-CUBE-MEMS1_V9.4.0, X-CUBE-MEMS1_V9.6.0, X-CUBE-NFC4_V3.0.0, X-CUBE-NFC7_V1.0.1, X-CUBE-SFXS2LP1_V4.0.0, X-CUBE-SUBG2_V5.0.0, X-CUBE-TOF1_V3.4.0]
2024-03-27 09:57:19,942 [INFO] DbBoardsSqlite:226 - include board P-NUCLEO-WB55-NUCLEO as a kit item of type 'Nucleo-64'
2024-03-27 09:57:19,943 [INFO] DbBoardsSqlite:226 - include board P-NUCLEO-WB55-USBDONGLE as a kit item of type 'Nucleo USB Dongle'
2024-03-27 09:57:19,943 [INFO] DbBoardsSqlite:226 - include board STEVAL-IDP005V1 as a kit item of type 'Evaluation Board'
2024-03-27 09:57:19,943 [INFO] DbBoardsSqlite:226 - include board STEVAL-IDP005V2 as a kit item of type 'Evaluation Board'
2024-03-27 09:57:19,996 [INFO] ApiDb:240 - Found 323 in-development CPN: [B-G473E-ZEST1S, B-WB1M-WPAN1, B-WL5M-SUBG1, NUCLEO-C031C6, NUCLEO-H503RB, NUCLEO-H563ZI, NUCLEO-U545RE-Q, NUCLEO-U5A5ZJ-Q, NUCLEO-WBA52CG, STEVAL-PROTEUS1, STEVAL-SMARTAG2, STEVAL-STWINBX1, STM320518-EVAL, STM32C0116-DK, STM32C011D6Y3TR, STM32C011D6Y6TR, STM32C011F4P3, STM32C011F4P6, STM32C011F4U3, STM32C011F4U6TR, STM32C011F6P3, STM32C011F6P6, STM32C011F6U3, STM32C011F6U6TR, STM32C011J4M3, STM32C011J4M6, STM32C011J6M3, STM32C011J6M6, STM32C0316-DK, STM32C031C4T3, STM32C031C4T6, STM32C031C4U3, STM32C031C4U6, STM32C031C6T3, STM32C031C6T6, STM32C031C6U3, STM32C031C6U6, STM32C031F4P3, STM32C031F4P6, STM32C031F6P3, STM32C031F6P6, STM32C031G4U3, STM32C031G4U6, STM32C031G6U3, STM32C031G6U6, STM32C031K4T3, STM32C031K4T6, STM32C031K4U3, STM32C031K4U6, STM32C031K6T3, STM32C031K6T6, STM32C031K6U3, STM32C031K6U6, STM32G071K8TXN, STM32G071K8UXN, STM32G081GBU6N, STM32G081KBT6N, STM32G081KBUXN, STM32G0B1CCT6N, STM32G0B1KCT6, STM32G0B1NEY6TR, STM32G0B1RCT6N, STM32G0C1CCT6, STM32G0C1CCT6N, STM32G0C1CCU6N, STM32G0C1CET6N, STM32G0C1CEU6N, STM32G0C1KCT6, STM32G0C1NEY6TR, STM32G0C1RCI6N, STM32G0C1RCT6N, STM32G0C1REI6N, STM32G0C1RET6N, STM32G0C1VCI6, STM32G0C1VEI6, STM32G471CCT6, STM32G471CCU6, STM32G471CET3, STM32G471CET6, STM32G471CEU3, STM32G471CEU6, STM32G471MCT6, STM32G471MET3, STM32G471MET6, STM32G471MEY6TR, STM32G471QCT6, STM32G471QET3, STM32G471RCT6, STM32G471RET3, STM32G471RET6, STM32G471VCH6, STM32G471VCI6, STM32G471VCT6, STM32G471VEH3, STM32G471VEH6, STM32G471VEI3, STM32G471VEI6, STM32G471VET3, STM32G471VET6, STM32G474CCT6, STM32H503CBT6, STM32H503CBU6, STM32H503EBY6TR, STM32H503KBU6, STM32H503RBT6, STM32H562AGI6, STM32H562AII6, STM32H562IGK6, STM32H562IGT6, STM32H562IIK6, STM32H562IIT6, STM32H562RGT6, STM32H562RGV6, STM32H562RIT6, STM32H562RIV6, STM32H562VGT6, STM32H562VIT6, STM32H562ZGT6, STM32H562ZIT6, STM32H563AGI6, STM32H563AII3Q, STM32H563AII6, STM32H563IGK6, STM32H563IGT6, STM32H563IIK3Q, STM32H563IIK6, STM32H563IIT3Q, STM32H563IIT6, STM32H563MIY3QTR, STM32H563RGT6, STM32H563RGV6, STM32H563RIT6, STM32H563RIV6, STM32H563VGT6, STM32H563VIT3Q, STM32H563VIT6, STM32H563ZGT6, STM32H563ZIT3Q, STM32H563ZIT6, STM32H573AII3Q, STM32H573AII6, STM32H573I-DK, STM32H573IIK3Q, STM32H573IIK6, STM32H573IIT3Q, STM32H573IIT6, STM32H573MIY3QTR, STM32H573RIT6, STM32H573RIV6, STM32H573VIT3Q, STM32H573VIT6, STM32H573ZIT3Q, STM32H573ZIT6, STM32L4R5QGI6STR, STM32MP131AAE3, STM32MP131AAF3, STM32MP131AAG3, STM32MP131CAE3, STM32MP131CAF3, STM32MP131CAG3, STM32MP131DAE7, STM32MP131DAF7, STM32MP131DAG7, STM32MP131FAE7, STM32MP131FAF7, STM32MP131FAG7, STM32MP133AAE3, STM32MP133AAF3, STM32MP133AAG3, STM32MP133CAE3, STM32MP133CAF3, STM32MP133CAG3, STM32MP133DAE7, STM32MP133DAF7, STM32MP133DAG7, STM32MP133FAE7, STM32MP133FAF7, STM32MP133FAG7, STM32MP135AAE3, STM32MP135AAF3, STM32MP135AAG3, STM32MP135CAE3, STM32MP135CAF3, STM32MP135CAG3, STM32MP135DAE7, STM32MP135DAF7, STM32MP135DAG7, STM32MP135F-DK, STM32MP135FAE7, STM32MP135FAF7, STM32MP135FAF7T, STM32MP135FAF7U, STM32MP135FAG7, STM32U535CBT6, STM32U535CBT6Q, STM32U535CBU6, STM32U535CBU6Q, STM32U535CCT6, STM32U535CCT6Q, STM32U535CCU6, STM32U535CCU6Q, STM32U535CET6, STM32U535CET6Q, STM32U535CEU6, STM32U535CEU6Q, STM32U535JEY6QTR, STM32U535NCY6QTR, STM32U535NEY6QTR, STM32U535RBI6, STM32U535RBI6Q, STM32U535RBT6, STM32U535RBT6Q, STM32U535RCI6, STM32U535RCI6Q, STM32U535RCT6, STM32U535RCT6Q, STM32U535REI6, STM32U535REI6Q, STM32U535RET6, STM32U535RET6Q, STM32U535VCI6, STM32U535VCI6Q, STM32U535VCT6, STM32U535VCT6Q, STM32U535VEI6, STM32U535VEI6Q, STM32U535VET6, STM32U535VET6Q, STM32U545CET6, STM32U545CET6Q, STM32U545CEU6, STM32U545CEU6Q, STM32U545JEY6QTR, STM32U545NEY6QTR, STM32U545REI6, STM32U545REI6Q, STM32U545RET6, STM32U545RET6Q, STM32U545VEI6, STM32U545VEI6Q, STM32U545VET6, STM32U545VET6Q, STM32U595AIH6, STM32U595AIH6Q, STM32U595AJH6, STM32U595AJH6Q, STM32U595QII6, STM32U595QII6Q, STM32U595QJI6, STM32U595QJI6Q, STM32U595RIT6, STM32U595RIT6Q, STM32U595RJT6, STM32U595RJT6Q, STM32U595VIT6, STM32U595VIT6Q, STM32U595VJT6, STM32U595VJT6Q, STM32U595ZIT6, STM32U595ZIT6Q, STM32U595ZIY6QTR, STM32U595ZJT6, STM32U595ZJT6Q, STM32U595ZJY6QTR, STM32U599BJY6QTR, STM32U599NIH6Q, STM32U599NJH6Q, STM32U599VIT6Q, STM32U599VJT6, STM32U599VJT6Q, STM32U599ZIT6Q, STM32U599ZIY6QTR, STM32U599ZJT6Q, STM32U599ZJY6QTR, STM32U5A5AJH6, STM32U5A5AJH6Q, STM32U5A5QJI6, STM32U5A5QJI6Q, STM32U5A5RJT6, STM32U5A5RJT6Q, STM32U5A5VJT6, STM32U5A5VJT6Q, STM32U5A5ZJT6, STM32U5A5ZJT6Q, STM32U5A5ZJY6QTR, STM32U5A9BJY6QTR, STM32U5A9J-DK, STM32U5A9NJH6Q, STM32U5A9VJT6Q, STM32U5A9ZJT6Q, STM32U5A9ZJY6QTR, STM32U5F7VIT6, STM32U5F7VIT6Q, STM32U5F7VJT6, STM32U5F7VJT6Q, STM32U5F9BJY6QTR, STM32U5F9NJH6Q, STM32U5F9VIT6Q, STM32U5F9VJT6Q, STM32U5F9ZIJ6QTR, STM32U5F9ZIT6Q, STM32U5F9ZJJ6QTR, STM32U5F9ZJT6Q, STM32U5G7VJT6, STM32U5G7VJT6Q, STM32U5G9BJY6QTR, STM32U5G9J-DK1, STM32U5G9J-DK2, STM32U5G9NJH6Q, STM32U5G9VJT6Q, STM32U5G9ZJJ6QTR, STM32U5G9ZJT6Q, STM32WB1MMCH6, STM32WBA52CEU6, STM32WBA52CEU6T, STM32WBA52CGU6, STM32WBA52CGU6T, STM32WBA52KEU6, STM32WBA52KEU6T, STM32WBA52KGU6, STM32WBA52KGU6T, STM32WL5MOCH6, STM32WL5MOCH6TR]
2024-03-27 09:57:20,135 [INFO] BoardInfo:880 - No configuration file found for board P-NUCLEO-WB55
2024-03-27 09:57:20,137 [INFO] DbBoards:157 - Kit is not supported: P-NUCLEO-WB55
2024-03-27 09:57:20,145 [INFO] BoardInfo:880 - No configuration file found for board STEVAL-BFA001V1B
2024-03-27 09:57:20,145 [INFO] DbBoards:157 - Kit is not supported: STEVAL-BFA001V1B
2024-03-27 09:57:20,147 [INFO] BoardInfo:880 - No configuration file found for board STEVAL-BFA001V2B
2024-03-27 09:57:20,147 [INFO] DbBoards:157 - Kit is not supported: STEVAL-BFA001V2B
2024-03-27 09:57:20,155 [INFO] BoardInfo:880 - No configuration file found for board STEVAL-MKBOXPRO
2024-03-27 09:57:20,155 [INFO] DbBoards:157 - Board is not supported: STEVAL-MKBOXPRO
2024-03-27 09:57:20,319 [INFO] DbBoards:161 - Found 191 boards, 187 are supported
2024-03-27 09:57:20,323 [INFO] ApiDb:414 - User favorites file not found: /home/leandro/.stm32cubeide/favorites.boards.txt
2024-03-27 09:57:20,324 [INFO] DbBoards:190 - Set 0 / 0 favorites Boards
2024-03-27 09:57:20,328 [INFO] ApiDb:668 - CubeFinder database Data Model version=2.1
2024-03-27 09:57:20,328 [INFO] ApiDb:669 - CubeFinder database Configuration version=3.0.39
2024-03-27 09:57:20,328 [INFO] ApiDb:670 - CubeFinder database generation date=2024-03-01 (1709305525)
2024-03-27 09:57:20,328 [INFO] ApiDb:671 - CubeFinder database FW Pack versions=[FP-ATR-ASTRA1_V2.0.0, FP-SNS-FLIGHT1_V5.0.1, FP-SNS-FLIGHT1_V5.0.2, FP-SNS-MOTENV1_V4.3.1, FP-SNS-MOTENV1_V4.3.2, FP-SNS-MOTENVWB1_V1.3.1, FP-SNS-SMARTAG2_V1.2.0, STM32Cube_FW_C0_V1.1.0, STM32Cube_FW_F4_V1.28.0, STM32Cube_FW_F7_V1.17.0, STM32Cube_FW_G0_V1.6.2, STM32Cube_FW_G4_V1.5.2, STM32Cube_FW_H5_V0.5.1, STM32Cube_FW_H5_V1.1.1, STM32Cube_FW_H5_V1.2.0, STM32Cube_FW_H5_V1.2.0RC4, STM32Cube_FW_H7RS_V1.0.0, STM32Cube_FW_H7RS_V1.0.0RC4, STM32Cube_FW_H7_V1.11.0, STM32Cube_FW_L0_V1.12.2, STM32Cube_FW_L5_V1.5.1, STM32Cube_FW_U0_V1.0.0, STM32Cube_FW_U0_V1.0.0RC1, STM32Cube_FW_U5_V1.3.0RC4, STM32Cube_FW_U5_V1.5.0, STM32Cube_FW_U5_V1.5.0RC1, STM32Cube_FW_WBA_V1.0.0RC1, STM32Cube_FW_WBA_V1.2.0, STM32Cube_FW_WBA_V1.2.0RC2, STM32Cube_FW_WBA_V1.3.0, STM32Cube_FW_WBA_V1.3.0RC1, STM32Cube_FW_WB_V1.15.0RC1, STM32Cube_FW_WB_V1.16.0, STM32Cube_FW_WB_V1.16.0RC2, STM32Cube_FW_WB_V1.18.0, STM32Cube_FW_WB_V1.19.0, STM32Cube_FW_WL_V1.3.0, X-CUBE-ALGOBUILD_V1.3.0, X-CUBE-ALS_V1.0.1, X-CUBE-AZRTOS-F4_V1.1.0, X-CUBE-AZRTOS-F7_V1.1.0, X-CUBE-AZRTOS-G0_V1.1.0, X-CUBE-AZRTOS-G4_V2.0.0, X-CUBE-AZRTOS-H7_V3.2.0, X-CUBE-AZRTOS-L4_V1.0.0, X-CUBE-AZRTOS-L4_V2.0.0, X-CUBE-AZRTOS-L5_V1.1.0, X-CUBE-AZRTOS-WB_V2.0.0, X-CUBE-AZRTOS-WL_V2.0.0, X-CUBE-BLE1_V7.0.0, X-CUBE-BLE2_V3.3.0, X-CUBE-BLEMGR_V3.1.0, X-CUBE-EEPRMA1_V4.1.0, X-CUBE-EEPRMA1_V5.1.0, X-CUBE-FREERTOS_V1.1.0, X-CUBE-GNSS1_V6.0.0, X-CUBE-MEMS1_V10.0.0, X-CUBE-MEMS1_V9.1.0, X-CUBE-MEMS1_V9.4.0, X-CUBE-MEMS1_V9.6.0, X-CUBE-NFC4_V3.0.0, X-CUBE-NFC7_V1.0.1, X-CUBE-SFXS2LP1_V4.0.0, X-CUBE-SUBG2_V5.0.0, X-CUBE-TOF1_V3.4.0]
2024-03-27 09:57:21,457 [ERROR] DbExamplesSqlite:437 - Missing JSON key: board_cpn
2024-03-27 09:57:21,457 [ERROR] DbExamplesSqlite:437 - Missing JSON key: board_cpn
2024-03-27 09:57:21,458 [ERROR] DbExamplesSqlite:437 - Missing JSON key: board_cpn
2024-03-27 09:57:21,458 [ERROR] DbExamplesSqlite:437 - Missing JSON key: board_cpn
2024-03-27 09:57:21,574 [INFO] DbExamplesSqlite:395 - Ignored 60 examples not supported by CubeIDE
2024-03-27 09:57:21,574 [INFO] DbExamplesSqlite:396 - Found 8152 examples active
2024-03-27 09:57:21,575 [INFO] DbExamplesSqlite:397 - Found 871 examples obsolete
2024-03-27 09:57:21,575 [INFO] DbExamplesSqlite:398 - Found 0 examples under development
2024-03-27 09:57:21,575 [INFO] DbExamplesSqlite:399 - Found 10 examples not building
2024-03-27 09:57:21,577 [INFO] DbExamples:125 - Found 8102 examples
2024-03-27 09:57:21,955 [ERROR] DbExamples:208 - Found 822 examples with invalid data (board or MCU)
2024-03-27 09:57:21,955 [INFO] DbExamples:222 - Found 93 boards with related examples
2024-03-27 09:57:21,956 [INFO] DbExamples:235 - Found 79 MCUs with related examples
2024-03-27 09:57:21,981 [INFO] ApiDb:414 - User favorites file not found: /home/leandro/.stm32cubeide/favorites.examples.txt
2024-03-27 09:57:21,981 [INFO] DbExamples:250 - Set 0 / 0 favorites Examples
2024-03-27 09:57:22,339 [INFO] McuFinderGlobals:76 - Set McuFinderConnectedMode to true
2024-03-27 09:57:22,369 [INFO] MultiScanPanel:200 - Auto-refresh data requested => check proxy status ongoing
2024-03-27 09:57:22,380 [INFO] FinderPluginLoader:95 - Searching for filters in installed packs
2024-03-27 09:57:25,417 [INFO] LoadUrlFilesThread:185 - End of LoadServerUrlFiles without Thread
2024-03-27 09:57:25,468 [INFO] DetailPanel:341 - Set advertising image to /home/leandro/STM32Cube/Repository//en.prom-stm32wl3-mcu-finder.jpg
2024-03-27 09:59:50,725 [INFO] MainUpdater:2868 - connection check result : 10
2024-03-27 09:59:50,726 [INFO] MainUpdater:2868 - connection check result : 10
2024-03-27 09:59:50,750 [INFO] MicroXplorer:468 - Change Database Path : 
2024-03-27 09:59:50,750 [INFO] MicroXplorer:498 - Change Database Version : DB.6.0.92
2024-03-27 09:59:50,755 [WARN] ThirdParty:871 - waiting for thirdparty lock release [close project]
2024-03-27 09:59:50,755 [INFO] ThirdParty:873 - entering critical section [close project]
2024-03-27 09:59:50,756 [INFO] ThirdParty:883 - exiting critical section [close project]
2024-03-27 09:59:50,762 [INFO] PinOutPanel:1499 - setPackage(No Configuration,No Configuration)
2024-03-27 09:59:50,771 [INFO] UtilMem:75 - Begin LoadConfig() Used Memory: 662256752 Bytes (1016070144)
2024-03-27 09:59:50,773 [INFO] MicroXplorer:468 - Change Database Path : 
2024-03-27 09:59:50,773 [INFO] MicroXplorer:498 - Change Database Version : DB.6.0.92
2024-03-27 09:59:50,775 [INFO] OpenFileManager:308 - Change cursor
2024-03-27 09:59:51,008 [INFO] Mcu:1946 - Initializing MCU STM32F103C6Tx STM32F103C6Tx STM32F103C6T6A
2024-03-27 09:59:52,488 [INFO] Context:659 - Trying to add GPIOservice into a context  which must be forbidden
2024-03-27 09:59:52,897 [INFO] ImportTextPane:194 - (OptionalMessage_ERROR) Unable to find key (Mcu.ThirdPartyNb) in loaded IOC file
2024-03-27 09:59:52,898 [INFO] ImportTextPane:194 - (OptionalMessage_ERROR) Unable to find key (Mcu.PinsNb) in loaded IOC file
2024-03-27 09:59:52,898 [INFO] ImportTextPane:194 - (OptionalMessage_ERROR) Unable to find key (Mcu.IPNb) in loaded IOC file
2024-03-27 09:59:53,556 [INFO] RtosManager:555 - Registered RTOS mode: class=CMSIS, group=RTOS, mode=CMSIS_V1, owner=FREERTOS
2024-03-27 09:59:53,557 [INFO] RtosManager:555 - Registered RTOS mode: class=CMSIS, group=RTOS2, mode=CMSIS_V2, owner=FREERTOS
2024-03-27 09:59:53,558 [INFO] RtosManager:555 - Registered RTOS mode: class=RTOS, group=Core, mode=CMSIS_V1, owner=FREERTOS
2024-03-27 09:59:53,558 [INFO] RtosManager:555 - Registered RTOS mode: class=RTOS, group=Core, mode=CMSIS_V2, owner=FREERTOS
2024-03-27 09:59:53,559 [WARN] ModelIntegratedComponent:184 - Missing modes for component STMicroelectronics:FreeRTOS:0.0.1:STMicroelectronics:RTOS:FreeRTOS:Core:::10.2.0:
2024-03-27 09:59:53,641 [WARN] ModelIntegratedComponent:63 - No mode defined for component null
2024-03-27 09:59:53,642 [WARN] ModelIntegratedComponent:63 - No mode defined for component null
2024-03-27 09:59:53,642 [WARN] ModelIntegratedComponent:63 - No mode defined for component null
2024-03-27 09:59:53,642 [WARN] ModelIntegratedComponent:63 - No mode defined for component null
2024-03-27 09:59:53,642 [WARN] ModelIntegratedComponent:63 - No mode defined for component null
2024-03-27 09:59:53,642 [WARN] ModelIntegratedComponent:63 - No mode defined for component null
2024-03-27 09:59:53,642 [WARN] ModelIntegratedComponent:63 - No mode defined for component null
2024-03-27 09:59:53,642 [WARN] ModelIntegratedComponent:63 - No mode defined for component null
2024-03-27 09:59:53,642 [WARN] ModelIntegratedComponent:63 - No mode defined for component null
2024-03-27 09:59:53,643 [WARN] ModelIntegratedComponent:63 - No mode defined for component null
2024-03-27 09:59:53,643 [WARN] ModelIntegratedComponent:63 - No mode defined for component null
2024-03-27 09:59:53,643 [WARN] ModelIntegratedComponent:63 - No mode defined for component null
2024-03-27 09:59:53,643 [WARN] ModelIntegratedComponent:63 - No mode defined for component null
2024-03-27 09:59:53,643 [WARN] ModelIntegratedComponent:63 - No mode defined for component null
2024-03-27 09:59:53,643 [WARN] ModelIntegratedComponent:63 - No mode defined for component null
2024-03-27 09:59:53,643 [WARN] ModelIntegratedComponent:63 - No mode defined for component null
2024-03-27 09:59:53,643 [WARN] ModelIntegratedComponent:63 - No mode defined for component null
2024-03-27 09:59:53,643 [WARN] ModelIntegratedComponent:63 - No mode defined for component null
2024-03-27 09:59:53,643 [WARN] ModelIntegratedComponent:63 - No mode defined for component null
2024-03-27 09:59:53,643 [WARN] ModelIntegratedComponent:63 - No mode defined for component null
2024-03-27 09:59:53,644 [WARN] ModelIntegratedComponent:63 - No mode defined for component null
2024-03-27 09:59:53,644 [WARN] ModelIntegratedComponent:63 - No mode defined for component null
2024-03-27 09:59:53,644 [WARN] ModelIntegratedComponent:63 - No mode defined for component null
2024-03-27 09:59:53,644 [WARN] ModelIntegratedComponent:63 - No mode defined for component null
2024-03-27 09:59:53,644 [WARN] ModelIntegratedComponent:63 - No mode defined for component null
2024-03-27 09:59:53,644 [WARN] ModelIntegratedComponent:63 - No mode defined for component null
2024-03-27 09:59:53,644 [WARN] ModelIntegratedComponent:63 - No mode defined for component null
2024-03-27 09:59:53,644 [WARN] ModelIntegratedComponent:63 - No mode defined for component null
2024-03-27 09:59:53,644 [WARN] ModelIntegratedComponent:63 - No mode defined for component null
2024-03-27 09:59:53,644 [WARN] ModelIntegratedComponent:63 - No mode defined for component null
2024-03-27 09:59:53,644 [WARN] ModelIntegratedComponent:63 - No mode defined for component null
2024-03-27 09:59:53,645 [WARN] ModelIntegratedComponent:63 - No mode defined for component null
2024-03-27 09:59:53,645 [WARN] ModelIntegratedComponent:63 - No mode defined for component null
2024-03-27 09:59:53,956 [INFO] ThirdPartyModel:298 - Start build external matchings
2024-03-27 09:59:55,835 [INFO] ThirdPartyModel:316 - End build external matchings
2024-03-27 09:59:56,096 [INFO] UtilMem:75 - End LoadConfig() Used Memory: 730711048 Bytes (1073741824)
2024-03-27 09:59:56,144 [WARN] ThirdParty:833 - waiting for thirdparty lock release [change project]
2024-03-27 09:59:56,144 [INFO] ThirdParty:835 - entering critical section [change project]
2024-03-27 09:59:56,144 [INFO] ThirdParty:1030 - CMSIS Pack Vendor :STMicroelectronics X-CUBE-ISPU 1.1.0
2024-03-27 09:59:56,144 [INFO] ThirdParty:1030 - CMSIS Pack Vendor :STMicroelectronics USBPD 4.1
2024-03-27 09:59:56,144 [INFO] ThirdParty:1030 - CMSIS Pack Vendor :STMicroelectronics X-CUBE-GNSS1 6.0.0
2024-03-27 09:59:56,144 [INFO] ThirdParty:1030 - CMSIS Pack Vendor :STMicroelectronics USB_HOST 2.0.0
2024-03-27 09:59:56,144 [INFO] ThirdParty:1030 - CMSIS Pack Vendor :STMicroelectronics X-CUBE-AZRTOS-F4 1.1.0
2024-03-27 09:59:56,145 [INFO] ThirdParty:1030 - CMSIS Pack Vendor :STMicroelectronics LIBJPEG 8.0.0
2024-03-27 09:59:56,145 [INFO] ThirdParty:1030 - CMSIS Pack Vendor :wolfSSL I-CUBE-wolfSSL 5.6.3
2024-03-27 09:59:56,145 [INFO] ThirdParty:1030 - CMSIS Pack Vendor :STMicroelectronics X-CUBE-SMBUS 2.1.0
2024-03-27 09:59:56,145 [INFO] ThirdParty:1030 - CMSIS Pack Vendor :STMicroelectronics USB_DEVICE 3.0.0
2024-03-27 09:59:56,145 [INFO] ThirdParty:1030 - CMSIS Pack Vendor :STMicroelectronics X-CUBE-AZRTOS-WB 2.0.0
2024-03-27 09:59:56,145 [INFO] ThirdParty:1030 - CMSIS Pack Vendor :STMicroelectronics X-CUBE-FREERTOS 1.0.1
2024-03-27 09:59:56,145 [INFO] ThirdParty:1030 - CMSIS Pack Vendor :STMicroelectronics X-CUBE-TOUCHGFX 4.23.0
2024-03-27 09:59:56,145 [INFO] ThirdParty:1030 - CMSIS Pack Vendor :STMicroelectronics X-CUBE-AZRTOS-F7 1.1.0
2024-03-27 09:59:56,145 [INFO] ThirdParty:1030 - CMSIS Pack Vendor :STMicroelectronics X-CUBE-AZRTOS-L5 2.0.0
2024-03-27 09:59:56,145 [INFO] ThirdParty:1030 - CMSIS Pack Vendor :STMicroelectronics USB_DEVICE 2.0.0
2024-03-27 09:59:56,145 [INFO] ThirdParty:1030 - CMSIS Pack Vendor :STMicroelectronics X-CUBE-MEMS1 9.6.0
2024-03-27 09:59:56,145 [INFO] ThirdParty:1030 - CMSIS Pack Vendor :STMicroelectronics X-CUBE-NFC6 3.1.0
2024-03-27 09:59:56,146 [INFO] ThirdParty:1030 - CMSIS Pack Vendor :ITTIA_DB I-CUBE-ITTIADB 8.8.0
2024-03-27 09:59:56,146 [INFO] ThirdParty:1030 - CMSIS Pack Vendor :STMicroelectronics FP-SNS-MOTENV1 4.3.2
2024-03-27 09:59:56,146 [INFO] ThirdParty:1030 - CMSIS Pack Vendor :STMicroelectronics FP-SNS-FLIGHT1 5.0.1
2024-03-27 09:59:56,146 [INFO] ThirdParty:1030 - CMSIS Pack Vendor :STMicroelectronics X-CUBE-ALGOBUILD 1.3.0
2024-03-27 09:59:56,146 [INFO] ThirdParty:1030 - CMSIS Pack Vendor :STMicroelectronics X-CUBE-BLE1 6.2.4
2024-03-27 09:59:56,146 [INFO] ThirdParty:1030 - CMSIS Pack Vendor :STMicroelectronics X-CUBE-AZRTOS-L5 1.1.0
2024-03-27 09:59:56,146 [INFO] ThirdParty:1030 - CMSIS Pack Vendor :STMicroelectronics FreeRTOS 0.0.1
2024-03-27 09:59:56,146 [INFO] ThirdParty:1030 - CMSIS Pack Vendor :STMicroelectronics X-CUBE-AZRTOS-G0 1.1.0
2024-03-27 09:59:56,146 [INFO] ThirdParty:1030 - CMSIS Pack Vendor :STMicroelectronics X-CUBE-BLEMGR 2.0.0
2024-03-27 09:59:56,146 [INFO] ThirdParty:1030 - CMSIS Pack Vendor :STMicroelectronics X-CUBE-AI 8.0.1
2024-03-27 09:59:56,146 [INFO] ThirdParty:1030 - CMSIS Pack Vendor :STMicroelectronics X-CUBE-NFC4 3.0.0
2024-03-27 09:59:56,146 [INFO] ThirdParty:1030 - CMSIS Pack Vendor :STMicroelectronics X-CUBE-SUBG2 5.0.0
2024-03-27 09:59:56,146 [INFO] ThirdParty:1030 - CMSIS Pack Vendor :STMicroelectronics STM32_WPAN 1.0.0
2024-03-27 09:59:56,147 [INFO] ThirdParty:1030 - CMSIS Pack Vendor :STMicroelectronics lwIP 2.0.3
2024-03-27 09:59:56,147 [INFO] ThirdParty:1030 - CMSIS Pack Vendor :STMicroelectronics FP-SNS-FLIGHT1 5.0.2
2024-03-27 09:59:56,147 [INFO] ThirdParty:1030 - CMSIS Pack Vendor :STMicroelectronics USB_HOST 1.0.0
2024-03-27 09:59:56,147 [INFO] ThirdParty:1030 - CMSIS Pack Vendor :STMicroelectronics X-CUBE-TOF1 3.3.1
2024-03-27 09:59:56,147 [INFO] ThirdParty:1030 - CMSIS Pack Vendor :STMicroelectronics X-CUBE-AZRTOS-G4 2.0.0
2024-03-27 09:59:56,147 [INFO] ThirdParty:1030 - CMSIS Pack Vendor :STMicroelectronics PDM2PCM 3.1.0
2024-03-27 09:59:56,147 [INFO] ThirdParty:1030 - CMSIS Pack Vendor :STMicroelectronics X-CUBE-AZRTOS-H7 3.1.0
2024-03-27 09:59:56,147 [INFO] ThirdParty:1030 - CMSIS Pack Vendor :STMicroelectronics X-CUBE-TOF1 3.3.0
2024-03-27 09:59:56,147 [INFO] ThirdParty:1030 - CMSIS Pack Vendor :Infineon AIROC-Wi-Fi-Bluetooth-STM32 1.5.1
2024-03-27 09:59:56,147 [INFO] ThirdParty:1030 - CMSIS Pack Vendor :STMicroelectronics PDM2PCM 3.3.0
2024-03-27 09:59:56,147 [INFO] ThirdParty:1030 - CMSIS Pack Vendor :STMicroelectronics X-CUBE-DISPLAY 3.0.0
2024-03-27 09:59:56,147 [INFO] ThirdParty:1030 - CMSIS Pack Vendor :STMicroelectronics FP-SNS-MOTENVWB1 1.3.1
2024-03-27 09:59:56,147 [INFO] ThirdParty:1030 - CMSIS Pack Vendor :STMicroelectronics X-CUBE-BLE1 7.0.0
2024-03-27 09:59:56,147 [INFO] ThirdParty:1030 - CMSIS Pack Vendor :STMicroelectronics FP-ATR-SIGFOX1 3.2.0
2024-03-27 09:59:56,148 [INFO] ThirdParty:1030 - CMSIS Pack Vendor :STMicroelectronics X-CUBE-ISPU 2.0.0
2024-03-27 09:59:56,148 [INFO] ThirdParty:1030 - CMSIS Pack Vendor :STMicroelectronics X-CUBE-EEPRMA1 5.1.0
2024-03-27 09:59:56,148 [INFO] ThirdParty:1030 - CMSIS Pack Vendor :STMicroelectronics HAL Drivers 0.0.0
2024-03-27 09:59:56,148 [INFO] ThirdParty:1030 - CMSIS Pack Vendor :STMicroelectronics MBEDTLS 2.16.2
2024-03-27 09:59:56,148 [INFO] ThirdParty:1030 - CMSIS Pack Vendor :emotas I-CUBE-CANOPEN 1.3.0
2024-03-27 09:59:56,148 [INFO] ThirdParty:1030 - CMSIS Pack Vendor :STMicroelectronics X-CUBE-MEMS1 10.0.0
2024-03-27 09:59:56,148 [INFO] ThirdParty:1030 - CMSIS Pack Vendor :STMicroelectronics X-CUBE-FREERTOS 1.1.0
2024-03-27 09:59:56,150 [INFO] ThirdParty:1030 - CMSIS Pack Vendor :STMicroelectronics X-CUBE-TOUCHGFX 4.22.0
2024-03-27 09:59:56,151 [INFO] ThirdParty:1030 - CMSIS Pack Vendor :STMicroelectronics X-CUBE-NFC7 1.0.1
2024-03-27 09:59:56,151 [INFO] ThirdParty:1030 - CMSIS Pack Vendor :STMicroelectronics MBEDTLS 2.14.1
2024-03-27 09:59:56,151 [INFO] ThirdParty:1030 - CMSIS Pack Vendor :STMicroelectronics X-CUBE-TOUCHGFX 4.22.1
2024-03-27 09:59:56,151 [INFO] ThirdParty:1030 - CMSIS Pack Vendor :STMicroelectronics X-CUBE-NFC6 3.0.0
2024-03-27 09:59:56,151 [INFO] ThirdParty:1030 - CMSIS Pack Vendor :STMicroelectronics X-CUBE-EEPRMA1 4.1.0
2024-03-27 09:59:56,151 [INFO] ThirdParty:1030 - CMSIS Pack Vendor :portGmbH I-Cube-SoM-uGOAL 1.1.0
2024-03-27 09:59:56,152 [INFO] ThirdParty:1030 - CMSIS Pack Vendor :STMicroelectronics X-CUBE-ALS 1.0.1
2024-03-27 09:59:56,152 [INFO] ThirdParty:1030 - CMSIS Pack Vendor :STMicroelectronics X-CUBE-BLEMGR 3.1.0
2024-03-27 09:59:56,152 [INFO] ThirdParty:1030 - CMSIS Pack Vendor :STMicroelectronics ThreadX 1.0.0
2024-03-27 09:59:56,152 [INFO] ThirdParty:1030 - CMSIS Pack Vendor :STMicroelectronics FP-SNS-SMARTAG2 1.2.0
2024-03-27 09:59:56,152 [INFO] ThirdParty:1030 - CMSIS Pack Vendor :STMicroelectronics X-CUBE-AZRTOS-WB 1.1.0
2024-03-27 09:59:56,152 [INFO] ThirdParty:1030 - CMSIS Pack Vendor :STMicroelectronics X-CUBE-AZRTOS-WL 2.0.0
2024-03-27 09:59:56,153 [INFO] ThirdParty:1030 - CMSIS Pack Vendor :SEGGER I-CUBE-embOS 1.3.1
2024-03-27 09:59:56,153 [INFO] ThirdParty:1030 - CMSIS Pack Vendor :STMicroelectronics USB_DEVICE 1.0.0
2024-03-27 09:59:56,153 [INFO] ThirdParty:1030 - CMSIS Pack Vendor :STMicroelectronics X-CUBE-AI 8.1.0
2024-03-27 09:59:56,153 [INFO] ThirdParty:1030 - CMSIS Pack Vendor :STMicroelectronics X-CUBE-AZRTOS-L4 2.0.0
2024-03-27 09:59:56,153 [INFO] ThirdParty:1030 - CMSIS Pack Vendor :STMicroelectronics ThreadX 0.0.2
2024-03-27 09:59:56,153 [INFO] ThirdParty:1030 - CMSIS Pack Vendor :WES I-CUBE-Cesium 1.3.0
2024-03-27 09:59:56,153 [INFO] ThirdParty:1030 - CMSIS Pack Vendor :STMicroelectronics FP-ATR-ASTRA1 2.0.0
2024-03-27 09:59:56,153 [INFO] ThirdParty:1030 - CMSIS Pack Vendor :STMicroelectronics lwIP 2.1.2
2024-03-27 09:59:56,153 [INFO] ThirdParty:1030 - CMSIS Pack Vendor :STMicroelectronics X-CUBE-SFXS2LP1 4.0.0
2024-03-27 09:59:56,154 [INFO] ThirdParty:1030 - CMSIS Pack Vendor :STMicroelectronics X-CUBE-BLE2 3.3.0
2024-03-27 09:59:56,154 [INFO] ThirdParty:1030 - CMSIS Pack Vendor :STMicroelectronics X-CUBE-TOF1 3.4.1
2024-03-27 09:59:56,154 [INFO] ThirdParty:1030 - CMSIS Pack Vendor :STMicroelectronics X-CUBE-AZRTOS-H7 3.2.0
2024-03-27 09:59:56,154 [INFO] ThirdParty:1030 - CMSIS Pack Vendor :STMicroelectronics PDM2PCM 3.2.0
2024-03-27 09:59:56,154 [INFO] ThirdParty:841 - exiting critical section [change project]
2024-03-27 09:59:56,809 [INFO] PinOutPanel:1499 - setPackage(No Configuration,No Configuration)
2024-03-27 09:59:56,811 [INFO] PinOutPanel:1499 - setPackage(STM32F103C6Tx,LQFP48)
2024-03-27 09:59:57,758 [INFO] UtilMem:75 - Before build in PCC Used Memory: 843424368 Bytes (1073741824)
2024-03-27 09:59:59,228 [INFO] UtilMem:75 - After build in PCC Used Memory: 636989952 Bytes (1073741824)
2024-03-27 09:59:59,283 [INFO] IPUIPlugin:80 - create IPUIPlugin
2024-03-27 09:59:59,283 [INFO] IPUIPlugin:80 - create IPUIPlugin
2024-03-27 09:59:59,283 [INFO] IPUIPlugin:80 - create IPUIPlugin
2024-03-27 09:59:59,284 [INFO] IPUIPlugin:80 - create IPUIPlugin
2024-03-27 09:59:59,284 [INFO] IPUIPlugin:80 - create IPUIPlugin
2024-03-27 09:59:59,284 [INFO] IPUIPlugin:80 - create IPUIPlugin
2024-03-27 09:59:59,285 [INFO] IPUIPlugin:80 - create IPUIPlugin
2024-03-27 09:59:59,285 [INFO] IPUIPlugin:80 - create IPUIPlugin
2024-03-27 09:59:59,285 [INFO] IPUIPlugin:80 - create IPUIPlugin
2024-03-27 09:59:59,286 [INFO] IPUIPlugin:80 - create IPUIPlugin
2024-03-27 09:59:59,286 [INFO] IPUIPlugin:80 - create IPUIPlugin
2024-03-27 09:59:59,287 [INFO] IPUIPlugin:80 - create IPUIPlugin
2024-03-27 09:59:59,287 [INFO] IPUIPlugin:80 - create IPUIPlugin
2024-03-27 09:59:59,287 [INFO] IPUIPlugin:80 - create IPUIPlugin
2024-03-27 09:59:59,288 [INFO] IPUIPlugin:80 - create IPUIPlugin
2024-03-27 09:59:59,288 [INFO] IPUIPlugin:80 - create IPUIPlugin
2024-03-27 09:59:59,288 [INFO] IPUIPlugin:80 - create IPUIPlugin
2024-03-27 09:59:59,288 [INFO] IPUIPlugin:80 - create IPUIPlugin
2024-03-27 09:59:59,289 [INFO] IPUIPlugin:80 - create IPUIPlugin
2024-03-27 09:59:59,289 [INFO] IPUIPlugin:80 - create IPUIPlugin
2024-03-27 09:59:59,290 [INFO] IPUIPlugin:80 - create IPUIPlugin
2024-03-27 09:59:59,291 [INFO] IPUIPlugin:80 - create IPUIPlugin
2024-03-27 09:59:59,292 [INFO] IPUIPlugin:80 - create IPUIPlugin
2024-03-27 09:59:59,619 [INFO] CADModel:165 - CPN selected for project levelSTM32F103C6T6A
2024-03-27 09:59:59,619 [INFO] CADModel:114 - Register for checkConnection events
2024-03-27 09:59:59,664 [INFO] OpenFileManager:328 - Restore cursor
2024-03-27 10:00:00,227 [INFO] UtilMem:75 - End SaveConfig() Used Memory: 722450944 Bytes (1073741824)
2024-03-27 10:00:00,352 [INFO] UtilMem:75 - End SaveConfig() Used Memory: 735556096 Bytes (1073741824)
2024-03-27 10:00:01,446 [INFO] BlockDiagram:2759 - set Specific Code input for plugin: NVIC
2024-03-27 10:00:01,447 [INFO] BlockDiagram:2759 - set Specific Code input for plugin: RCC
2024-03-27 10:00:01,448 [INFO] CodeGenerator:799 - code generatio: config db path: /opt/st/stm32cubeide_1.13.2/plugins/com.st.stm32cube.common.mx_6.9.2.202309101412//db/
2024-03-27 10:00:02,053 [INFO] CodeEngine:255 - oldGeneratedFile, /home/leandro/Documentos/code/micro/dev/devProject/MXTmpFiles/license.tmp_save
2024-03-27 10:00:03,323 [INFO] CodeEngine:279 - Generated code: /home/leandro/Documentos/code/micro/dev/devProject/MXTmpFiles/license.tmp
2024-03-27 10:00:03,345 [INFO] CodeEngine:255 - oldGeneratedFile, /home/leandro/Documentos/code/micro/dev/devProject/Core/Src/stm32f1xx_it.c_save
2024-03-27 10:00:03,638 [INFO] CodeEngine:279 - Generated code: /home/leandro/Documentos/code/micro/dev/devProject/Core/Src/stm32f1xx_it.c
2024-03-27 10:00:03,641 [INFO] CodeEngine:255 - oldGeneratedFile, /home/leandro/Documentos/code/micro/dev/devProject/Core/Inc/stm32f1xx_it.h_save
2024-03-27 10:00:03,797 [INFO] CodeEngine:279 - Generated code: /home/leandro/Documentos/code/micro/dev/devProject/Core/Inc/stm32f1xx_it.h
2024-03-27 10:00:04,089 [INFO] CodeEngine:255 - oldGeneratedFile, /home/leandro/Documentos/code/micro/dev/devProject/Core/Src/stm32f1xx_hal_msp.c_save
2024-03-27 10:00:04,378 [INFO] CodeEngine:279 - Generated code: /home/leandro/Documentos/code/micro/dev/devProject/Core/Src/stm32f1xx_hal_msp.c
2024-03-27 10:00:04,408 [INFO] CodeEngine:255 - oldGeneratedFile, /home/leandro/Documentos/code/micro/dev/devProject/MXTmpFiles/system.tmp_save
2024-03-27 10:00:04,559 [INFO] CodeEngine:279 - Generated code: /home/leandro/Documentos/code/micro/dev/devProject/MXTmpFiles/system.tmp
2024-03-27 10:00:04,591 [INFO] CodeEngine:311 - oldGeneratedFile, /home/leandro/Documentos/code/micro/dev/devProject/Core/Inc/stm32f1xx_hal_conf.h_save
2024-03-27 10:00:04,753 [INFO] CodeEngine:335 - Generated code: /home/leandro/Documentos/code/micro/dev/devProject/Core/Inc/stm32f1xx_hal_conf.h
2024-03-27 10:00:04,891 [INFO] CodeEngine:255 - oldGeneratedFile, /home/leandro/Documentos/code/micro/dev/devProject/Core/Inc/main.h_save
2024-03-27 10:00:05,098 [INFO] CodeEngine:279 - Generated code: /home/leandro/Documentos/code/micro/dev/devProject/Core/Inc/main.h
2024-03-27 10:00:05,328 [INFO] CodeEngine:255 - oldGeneratedFile, /home/leandro/Documentos/code/micro/dev/devProject/Core/Src/main.c_save
2024-03-27 10:00:05,624 [INFO] CodeEngine:279 - Generated code: /home/leandro/Documentos/code/micro/dev/devProject/Core/Src/main.c
2024-03-27 10:00:07,386 [INFO] ProjectBuilder:3064 - Time for Copy HAL[1] : 716mS.
2024-03-27 10:00:07,392 [INFO] ProjectBuilder:4404 - Project Generator version: 4.1.0
2024-03-27 10:00:07,911 [INFO] ConfigFileManager:1457 - The Die is : DIE412
2024-03-27 10:00:07,957 [INFO] ApiDbMcu:507 - Load IP Config File for FATFS
2024-03-27 10:00:08,099 [INFO] ApiDbMcu:507 - Load IP Config File for FREERTOS
2024-03-27 10:00:08,173 [INFO] ApiDbMcu:507 - Load IP Config File for USB_DEVICE
2024-03-27 10:00:09,701 [INFO] LogOutputStream:77 - [STDOUT_REDIRECT] 
2024-03-27 10:00:16,678 [INFO] ProjectBuilder:4626 - Time for Generating toolchain IDE Files: 9286mS.
2024-03-27 10:00:16,679 [INFO] ProjectBuilder:2935 - Time for Copy CMSIS : 0mS.
2024-03-27 10:00:16,680 [INFO] ProjectBuilder:2935 - Time for Copy CMSIS : 0mS.
2024-03-27 10:00:18,156 [INFO] McuFinderGlobals:76 - Set McuFinderConnectedMode to true
2024-03-27 10:00:18,159 [INFO] ApiDb:448 - Save user favorites file /home/leandro/.stm32cubeide/favorites.mcus.txt: 3 item(s)
2024-03-27 10:00:18,159 [INFO] ApiDb:452 - User favorites MCUs=[STM32F103C6T6A, STM32F407VET6, STM32H747XIH6]
2024-03-27 10:54:13,028 [WARN] IP:2114 - I2C_Coeff_DF not found: check if there is a RefParameter without a condition.
2024-03-27 10:54:13,028 [WARN] IP:2114 - Analog_Filter not found: check if there is a RefParameter without a condition.
2024-03-27 10:54:13,052 [WARN] IP:2114 - I2C_Coeff_DF not found: check if there is a RefParameter without a condition.
2024-03-27 10:54:13,052 [WARN] IP:2114 - Analog_Filter not found: check if there is a RefParameter without a condition.
2024-03-27 10:54:13,053 [WARN] IP:2114 - I2C_Coeff_DF not found: check if there is a RefParameter without a condition.
2024-03-27 10:54:13,053 [WARN] IP:2114 - Analog_Filter not found: check if there is a RefParameter without a condition.
2024-03-27 10:54:13,155 [WARN] IP:2114 - I2C_Coeff_DF not found: check if there is a RefParameter without a condition.
2024-03-27 10:54:13,155 [WARN] IP:2114 - Analog_Filter not found: check if there is a RefParameter without a condition.
2024-03-27 10:54:13,159 [WARN] IP:2114 - I2C_Coeff_DF not found: check if there is a RefParameter without a condition.
2024-03-27 10:54:13,159 [WARN] IP:2114 - Analog_Filter not found: check if there is a RefParameter without a condition.
2024-03-27 10:54:38,206 [INFO] UtilMem:75 - End SaveConfig() Used Memory: 476004856 Bytes (744488960)
2024-03-27 10:54:39,662 [INFO] UtilMem:75 - End SaveConfig() Used Memory: 500478968 Bytes (744488960)
2024-03-27 10:54:42,940 [INFO] UtilMem:75 - End SaveConfig() Used Memory: 211412816 Bytes (744488960)
2024-03-27 10:54:43,417 [INFO] BlockDiagram:2759 - set Specific Code input for plugin: NVIC
2024-03-27 10:54:43,417 [INFO] BlockDiagram:2759 - set Specific Code input for plugin: GPIO
2024-03-27 10:54:43,418 [INFO] BlockDiagram:2759 - set Specific Code input for plugin: RCC
2024-03-27 10:54:43,418 [INFO] BlockDiagram:2759 - set Specific Code input for plugin: I2C
2024-03-27 10:54:43,418 [INFO] CodeGenerator:799 - code generatio: config db path: /opt/st/stm32cubeide_1.13.2/plugins/com.st.stm32cube.common.mx_6.9.2.202309101412//db/
2024-03-27 10:54:43,419 [WARN] IP:2114 - I2C_Coeff_DF not found: check if there is a RefParameter without a condition.
2024-03-27 10:54:43,419 [WARN] IP:2114 - Analog_Filter not found: check if there is a RefParameter without a condition.
2024-03-27 10:54:43,758 [INFO] CodeEngine:255 - oldGeneratedFile, /home/leandro/Documentos/code/micro/dev/devProject/MXTmpFiles/license.tmp_save
2024-03-27 10:54:44,050 [INFO] CodeEngine:279 - Generated code: /home/leandro/Documentos/code/micro/dev/devProject/MXTmpFiles/license.tmp
2024-03-27 10:54:44,153 [INFO] CodeEngine:255 - oldGeneratedFile, /home/leandro/Documentos/code/micro/dev/devProject/MXTmpFiles/gpio.tmp_save
2024-03-27 10:54:44,255 [INFO] CodeEngine:279 - Generated code: /home/leandro/Documentos/code/micro/dev/devProject/MXTmpFiles/gpio.tmp
2024-03-27 10:54:44,346 [INFO] CodeEngine:255 - oldGeneratedFile, /home/leandro/Documentos/code/micro/dev/devProject/Core/Src/stm32f1xx_it.c_save
2024-03-27 10:54:44,794 [INFO] CodeEngine:279 - Generated code: /home/leandro/Documentos/code/micro/dev/devProject/Core/Src/stm32f1xx_it.c
2024-03-27 10:54:44,797 [INFO] CodeEngine:255 - oldGeneratedFile, /home/leandro/Documentos/code/micro/dev/devProject/Core/Inc/stm32f1xx_it.h_save
2024-03-27 10:54:44,930 [INFO] CodeEngine:279 - Generated code: /home/leandro/Documentos/code/micro/dev/devProject/Core/Inc/stm32f1xx_it.h
2024-03-27 10:54:44,957 [INFO] CodeEngine:255 - oldGeneratedFile, /home/leandro/Documentos/code/micro/dev/devProject/Core/Src/stm32f1xx_hal_msp.c_save
2024-03-27 10:54:45,183 [INFO] CodeEngine:279 - Generated code: /home/leandro/Documentos/code/micro/dev/devProject/Core/Src/stm32f1xx_hal_msp.c
2024-03-27 10:54:45,186 [INFO] CodeEngine:255 - oldGeneratedFile, /home/leandro/Documentos/code/micro/dev/devProject/MXTmpFiles/system.tmp_save
2024-03-27 10:54:45,279 [INFO] CodeEngine:279 - Generated code: /home/leandro/Documentos/code/micro/dev/devProject/MXTmpFiles/system.tmp
2024-03-27 10:54:45,284 [INFO] CodeEngine:311 - oldGeneratedFile, /home/leandro/Documentos/code/micro/dev/devProject/Core/Inc/stm32f1xx_hal_conf.h_save
2024-03-27 10:54:45,394 [INFO] CodeEngine:335 - Generated code: /home/leandro/Documentos/code/micro/dev/devProject/Core/Inc/stm32f1xx_hal_conf.h
2024-03-27 10:54:45,433 [INFO] CodeEngine:255 - oldGeneratedFile, /home/leandro/Documentos/code/micro/dev/devProject/Core/Inc/main.h_save
2024-03-27 10:54:45,557 [INFO] CodeEngine:279 - Generated code: /home/leandro/Documentos/code/micro/dev/devProject/Core/Inc/main.h
2024-03-27 10:54:45,559 [INFO] CodeEngine:255 - oldGeneratedFile, /home/leandro/Documentos/code/micro/dev/devProject/Core/Src/main.c_save
2024-03-27 10:54:45,764 [INFO] CodeEngine:279 - Generated code: /home/leandro/Documentos/code/micro/dev/devProject/Core/Src/main.c
2024-03-27 10:54:46,768 [INFO] ProjectBuilder:3064 - Time for Copy HAL[1] : 81mS.
2024-03-27 10:54:46,771 [INFO] ProjectBuilder:4404 - Project Generator version: 4.1.0
2024-03-27 10:54:47,309 [INFO] ConfigFileManager:1457 - The Die is : DIE412
2024-03-27 10:54:50,000 [INFO] ProjectBuilder:4626 - Time for Generating toolchain IDE Files: 3228mS.
2024-03-27 10:54:50,002 [INFO] ProjectBuilder:2935 - Time for Copy CMSIS : 0mS.
2024-03-27 10:54:50,003 [INFO] ProjectBuilder:2935 - Time for Copy CMSIS : 0mS.
