2024-04-23 11:28:50,297 [INFO] Activator:176 - 


2024-04-23 11:28:50,304 [INFO] Activator:177 - !SESSION log4j initialized
2024-04-23 11:28:53,483 [INFO] LogOutputStream:77 - [STDOUT_REDIRECT] 
2024-04-23 11:28:58,701 [INFO] ApplicationProperties:184 - Using Application install path: /opt/st/stm32cubeide_1.13.2/plugins/com.st.stm32cube.common.mx_6.9.2.202309101412
2024-04-23 11:28:58,723 [INFO] DbMcusXml:78 - Set database path to: /opt/st/stm32cubeide_1.13.2/plugins/com.st.stm32cube.common.mx_6.9.2.202309101412//db//mcu/
2024-04-23 11:28:58,724 [INFO] ApiDb:274 - Set plugin database path to: /opt/st/stm32cubeide_1.13.2/plugins/com.st.stm32cube.common.mx_6.9.2.202309101412//db//plugins/boardmanager/
2024-04-23 11:28:58,724 [WARN] ApiDb:259 - Overriding images path with different value:  => /opt/st/stm32cubeide_1.13.2/plugins/com.st.stm32cube.common.mx_6.9.2.202309101412//db//plugins/mcufinder/images/
2024-04-23 11:28:58,735 [INFO] ApiDb:250 - Set database path to: /home/leandro/.stmcufinder/plugins/mcufinder//mcu/
2024-04-23 11:28:58,736 [INFO] DbMcusAds:125 - Set database path to: /home/leandro/.stmcufinder/plugins/mcufinder//mcu/
2024-04-23 11:28:58,739 [INFO] CrossReferenceDbSqlite:203 - Set database path to: /home/leandro/.stmcufinder/plugins/mcufinder//mcu/cs/
2024-04-23 11:28:58,894 [INFO] RulesReader:64 - Compatibility file has been processed (293 Rules)
2024-04-23 11:28:58,985 [INFO] DbMcusXml:78 - Set database path to: /opt/st/stm32cubeide_1.13.2/plugins/com.st.stm32cube.common.mx_6.9.2.202309101412//db//mcu/
2024-04-23 11:28:58,985 [INFO] ApiDb:274 - Set plugin database path to: /opt/st/stm32cubeide_1.13.2/plugins/com.st.stm32cube.common.mx_6.9.2.202309101412//db//plugins/boardmanager/
2024-04-23 11:28:58,986 [INFO] ApiDb:261 - Set plugin images path to: /opt/st/stm32cubeide_1.13.2/plugins/com.st.stm32cube.common.mx_6.9.2.202309101412//db//plugins/mcufinder/images/
2024-04-23 11:28:58,987 [WARN] DbFile:41 - Overriding database path with different value: /home/leandro/.stmcufinder/plugins/mcufinder/ => /home/leandro/.stmcufinder/plugins/mcufinder
2024-04-23 11:28:58,987 [INFO] ApiDb:250 - Set database path to: /home/leandro/.stmcufinder/plugins/mcufinder//mcu/
2024-04-23 11:28:58,987 [WARN] DbFile:41 - Overriding database path with different value: /home/leandro/.stmcufinder/plugins/mcufinder/ => /home/leandro/.stmcufinder/plugins/mcufinder
2024-04-23 11:28:58,988 [INFO] DbMcusAds:125 - Set database path to: /home/leandro/.stmcufinder/plugins/mcufinder//mcu/
2024-04-23 11:28:58,988 [WARN] DbFile:41 - Overriding database path with different value: /home/leandro/.stmcufinder/plugins/mcufinder/ => /home/leandro/.stmcufinder/plugins/mcufinder
2024-04-23 11:28:58,988 [WARN] DbFile:41 - Overriding database path with different value: /home/leandro/.stmcufinder/plugins/mcufinder/ => /home/leandro/.stmcufinder/plugins/mcufinder
2024-04-23 11:28:58,988 [INFO] CrossReferenceDbSqlite:203 - Set database path to: /home/leandro/.stmcufinder/plugins/mcufinder//mcu/cs/
2024-04-23 11:28:59,070 [INFO] MainPanel:262 - HeapMemory: 268435456
2024-04-23 11:28:59,162 [INFO] DbMcusXml:78 - Set database path to: /opt/st/stm32cubeide_1.13.2/plugins/com.st.stm32cube.common.mx_6.9.2.202309101412//db//mcu/
2024-04-23 11:28:59,162 [INFO] ApiDb:274 - Set plugin database path to: /opt/st/stm32cubeide_1.13.2/plugins/com.st.stm32cube.common.mx_6.9.2.202309101412//db//plugins/boardmanager/
2024-04-23 11:28:59,162 [INFO] ApiDb:261 - Set plugin images path to: /opt/st/stm32cubeide_1.13.2/plugins/com.st.stm32cube.common.mx_6.9.2.202309101412//db//plugins/mcufinder/images/
2024-04-23 11:28:59,163 [WARN] DbFile:41 - Overriding database path with different value: /home/leandro/.stmcufinder/plugins/mcufinder/ => /home/leandro/.stmcufinder/plugins/mcufinder
2024-04-23 11:28:59,163 [INFO] ApiDb:250 - Set database path to: /home/leandro/.stmcufinder/plugins/mcufinder//mcu/
2024-04-23 11:28:59,163 [WARN] DbFile:41 - Overriding database path with different value: /home/leandro/.stmcufinder/plugins/mcufinder/ => /home/leandro/.stmcufinder/plugins/mcufinder
2024-04-23 11:28:59,163 [INFO] DbMcusAds:125 - Set database path to: /home/leandro/.stmcufinder/plugins/mcufinder//mcu/
2024-04-23 11:28:59,163 [WARN] DbFile:41 - Overriding database path with different value: /home/leandro/.stmcufinder/plugins/mcufinder/ => /home/leandro/.stmcufinder/plugins/mcufinder
2024-04-23 11:28:59,163 [WARN] DbFile:41 - Overriding database path with different value: /home/leandro/.stmcufinder/plugins/mcufinder/ => /home/leandro/.stmcufinder/plugins/mcufinder
2024-04-23 11:28:59,164 [INFO] CrossReferenceDbSqlite:203 - Set database path to: /home/leandro/.stmcufinder/plugins/mcufinder//mcu/cs/
2024-04-23 11:28:59,183 [INFO] ApplicationProperties:184 - Using Application install path: /opt/st/stm32cubeide_1.13.2/plugins/com.st.stm32cube.common.mx_6.9.2.202309101412
2024-04-23 11:28:59,185 [INFO] PluginManage:196 - Search for loadable plugins [exclusion list=, ]
2024-04-23 11:28:59,186 [INFO] PluginManage:310 - Check plugin analytics
2024-04-23 11:28:59,392 [INFO] AnalyticsPlugin:253 - Accepted Software Licenses: STM32CubeMX.6.8.1
2024-04-23 11:28:59,392 [INFO] AnalyticsPlugin:255 - Accepted CMSIS Pack Licenses: 
2024-04-23 11:28:59,392 [INFO] AnalyticsPlugin:257 - Accepted Firmware Licenses: FW.H7.1.11.0,FW.F4.1.27.0
2024-04-23 11:28:59,396 [INFO] PluginManage:359 - Loaded plugin analytics (category:tool,tabindex:-1)
2024-04-23 11:28:59,397 [INFO] PluginManage:310 - Check plugin cadmodel
2024-04-23 11:28:59,428 [INFO] CADModel:105 - Init CAD model plugin
2024-04-23 11:28:59,429 [INFO] PluginManage:359 - Loaded plugin cadmodel (category:power,tabindex:5)
2024-04-23 11:28:59,429 [INFO] PluginManage:310 - Check plugin clock
2024-04-23 11:28:59,440 [INFO] PluginManage:359 - Loaded plugin clock (category:base,tabindex:2)
2024-04-23 11:28:59,440 [INFO] PluginManage:310 - Check plugin ddr
2024-04-23 11:28:59,442 [INFO] PluginManage:359 - Loaded plugin ddr (category:tool,tabindex:6)
2024-04-23 11:28:59,442 [INFO] PluginManage:310 - Check plugin filemanager
2024-04-23 11:28:59,581 [INFO] PluginManage:359 - Loaded plugin filemanager (category:base,tabindex:10)
2024-04-23 11:28:59,581 [INFO] PluginManage:310 - Check plugin ipmanager
2024-04-23 11:28:59,588 [INFO] PluginManage:359 - Loaded plugin ipmanager (category:base,tabindex:5)
2024-04-23 11:28:59,588 [INFO] PluginManage:310 - Check plugin lpbam
2024-04-23 11:28:59,598 [INFO] PluginManage:359 - Loaded plugin lpbam (category:base,tabindex:0)
2024-04-23 11:28:59,598 [INFO] PluginManage:310 - Check plugin memorymap
2024-04-23 11:28:59,609 [INFO] PluginManage:359 - Loaded plugin memorymap (category:base,tabindex:4)
2024-04-23 11:28:59,609 [INFO] PluginManage:310 - Check plugin pinoutandconfiguration
2024-04-23 11:28:59,616 [INFO] PluginManage:359 - Loaded plugin pinoutandconfiguration (category:base,tabindex:1)
2024-04-23 11:28:59,616 [INFO] PluginManage:310 - Check plugin pinoutconfig
2024-04-23 11:28:59,703 [WARN] SupportedApi:132 - Cannot load RTOS API schema: s4s-elt-must-match.1: The content of 'definitions' must match (annotation?, (simpleType | complexType)?, (unique | key | keyref)*)). A problem was found starting at: attribute.
2024-04-23 11:28:59,862 [INFO] PluginManage:359 - Loaded plugin pinoutconfig (category:base,tabindex:0)
2024-04-23 11:28:59,862 [INFO] PluginManage:310 - Check plugin power
2024-04-23 11:28:59,874 [INFO] PluginManage:359 - Loaded plugin power (category:power,tabindex:4)
2024-04-23 11:28:59,874 [INFO] PluginManage:310 - Check plugin projectmanager
2024-04-23 11:28:59,897 [INFO] PluginManage:359 - Loaded plugin projectmanager (category:projectmanager,tabindex:3)
2024-04-23 11:28:59,898 [INFO] PluginManage:310 - Check plugin thirdparty
2024-04-23 11:29:00,111 [INFO] PluginManage:359 - Loaded plugin thirdparty (category:base,tabindex:-1)
2024-04-23 11:29:00,111 [INFO] PluginManage:310 - Check plugin tools
2024-04-23 11:29:00,113 [WARN] IntegrityCheckThread:84 - waiting for thirdparty lock release [integrity check]
2024-04-23 11:29:00,115 [INFO] PluginManage:359 - Loaded plugin tools (category:base,tabindex:7)
2024-04-23 11:29:00,116 [INFO] PluginManage:310 - Check plugin tutovideos
2024-04-23 11:29:00,118 [INFO] IntegrityCheckThread:86 - entering critical section [integrity check]
2024-04-23 11:29:00,119 [INFO] ThirdPartyUpdaterWithRetryManager:70 - Updater plugin not ready yet. [1/15]
2024-04-23 11:29:00,326 [INFO] PluginManage:359 - Loaded plugin tutovideos (category:base,tabindex:-1)
2024-04-23 11:29:00,327 [INFO] PluginManage:310 - Check plugin updater
2024-04-23 11:29:00,339 [INFO] PluginManage:359 - Loaded plugin updater (category:base,tabindex:12)
2024-04-23 11:29:00,339 [INFO] PluginManage:310 - Check plugin userauth
2024-04-23 11:29:00,345 [INFO] UserAuth:113 - Init User Auth plugin
2024-04-23 11:29:00,345 [INFO] PluginManage:359 - Loaded plugin userauth (category:base,tabindex:14)
2024-04-23 11:29:00,346 [INFO] PluginManage:283 - PluginManage : Loaded plugins [17]
2024-04-23 11:29:00,579 [INFO] PinOutPanel:1499 - setPackage(No Configuration,No Configuration)
2024-04-23 11:29:00,703 [INFO] CADModel:165 - CPN selected for project level
2024-04-23 11:29:00,704 [INFO] CADModel:114 - Register for checkConnection events
2024-04-23 11:29:00,720 [INFO] IPUIPlugin:80 - create IPUIPlugin
2024-04-23 11:29:00,720 [INFO] PluginManager:220 - loadIPPluginJar : add i2s
2024-04-23 11:29:00,724 [INFO] IPUIPlugin:80 - create IPUIPlugin
2024-04-23 11:29:00,724 [INFO] PluginManager:220 - loadIPPluginJar : add dfsdm
2024-04-23 11:29:00,727 [INFO] IPUIPlugin:80 - create IPUIPlugin
2024-04-23 11:29:00,728 [INFO] PluginManager:220 - loadIPPluginJar : add dma3
2024-04-23 11:29:00,730 [INFO] IPUIPlugin:80 - create IPUIPlugin
2024-04-23 11:29:00,730 [INFO] PluginManager:220 - loadIPPluginJar : add comp
2024-04-23 11:29:00,734 [INFO] IPUIPlugin:80 - create IPUIPlugin
2024-04-23 11:29:00,735 [INFO] PluginManager:220 - loadIPPluginJar : add pdm2pcm
2024-04-23 11:29:00,742 [INFO] IPUIPlugin:80 - create IPUIPlugin
2024-04-23 11:29:00,743 [INFO] PluginManager:220 - loadIPPluginJar : add fmc
2024-04-23 11:29:00,747 [INFO] IPUIPlugin:80 - create IPUIPlugin
2024-04-23 11:29:00,747 [INFO] PluginManager:220 - loadIPPluginJar : add touchsensing
2024-04-23 11:29:00,750 [INFO] IPUIPlugin:80 - create IPUIPlugin
2024-04-23 11:29:00,750 [INFO] PluginManager:220 - loadIPPluginJar : add cryp
2024-04-23 11:29:00,753 [INFO] IPUIPlugin:80 - create IPUIPlugin
2024-04-23 11:29:00,753 [INFO] PluginManager:220 - loadIPPluginJar : add hash
2024-04-23 11:29:00,756 [INFO] IPUIPlugin:80 - create IPUIPlugin
2024-04-23 11:29:00,756 [INFO] PluginManager:220 - loadIPPluginJar : add ts
2024-04-23 11:29:00,758 [INFO] IPUIPlugin:80 - create IPUIPlugin
2024-04-23 11:29:00,759 [INFO] PluginManager:220 - loadIPPluginJar : add gfxmmu
2024-04-23 11:29:00,762 [INFO] IPUIPlugin:80 - create IPUIPlugin
2024-04-23 11:29:00,762 [INFO] PluginManager:220 - loadIPPluginJar : add spi
2024-04-23 11:29:00,769 [INFO] IPUIPlugin:80 - create IPUIPlugin
2024-04-23 11:29:00,774 [INFO] PluginManager:220 - loadIPPluginJar : add plateformsettings
2024-04-23 11:29:00,778 [INFO] IPUIPlugin:80 - create IPUIPlugin
2024-04-23 11:29:00,778 [INFO] PluginManager:220 - loadIPPluginJar : add sai
2024-04-23 11:29:00,782 [INFO] IPUIPlugin:80 - create IPUIPlugin
2024-04-23 11:29:00,782 [INFO] PluginManager:220 - loadIPPluginJar : add opamp
2024-04-23 11:29:00,791 [INFO] IPUIPlugin:80 - create IPUIPlugin
2024-04-23 11:29:00,792 [INFO] PluginManager:220 - loadIPPluginJar : add adc
2024-04-23 11:29:00,798 [INFO] IPUIPlugin:80 - create IPUIPlugin
2024-04-23 11:29:00,799 [INFO] PluginManager:220 - loadIPPluginJar : add stm32_wpan
2024-04-23 11:29:00,802 [INFO] IPUIPlugin:80 - create IPUIPlugin
2024-04-23 11:29:00,802 [INFO] PluginManager:220 - loadIPPluginJar : add aes
2024-04-23 11:29:00,804 [INFO] IPUIPlugin:80 - create IPUIPlugin
2024-04-23 11:29:00,804 [INFO] PluginManager:220 - loadIPPluginJar : add tim
2024-04-23 11:29:00,807 [INFO] IPUIPlugin:80 - create IPUIPlugin
2024-04-23 11:29:00,808 [INFO] PluginManager:220 - loadIPPluginJar : add i2c
2024-04-23 11:29:00,814 [INFO] IPUIPlugin:80 - create IPUIPlugin
2024-04-23 11:29:00,814 [INFO] PluginManager:220 - loadIPPluginJar : add gic
2024-04-23 11:29:00,816 [INFO] IPUIPlugin:80 - create IPUIPlugin
2024-04-23 11:29:00,817 [INFO] PluginManager:220 - loadIPPluginJar : add tracer_emb
2024-04-23 11:29:00,819 [INFO] IPUIPlugin:80 - create IPUIPlugin
2024-04-23 11:29:00,819 [INFO] PluginManager:220 - loadIPPluginJar : add genericplugin
2024-04-23 11:29:00,821 [INFO] IPUIPlugin:80 - create IPUIPlugin
2024-04-23 11:29:00,821 [INFO] PluginManager:220 - loadIPPluginJar : add tsc
2024-04-23 11:29:00,824 [INFO] IPUIPlugin:80 - create IPUIPlugin
2024-04-23 11:29:00,824 [INFO] PluginManager:220 - loadIPPluginJar : add gtzc
2024-04-23 11:29:00,828 [INFO] IPUIPlugin:80 - create IPUIPlugin
2024-04-23 11:29:00,828 [INFO] PluginManager:220 - loadIPPluginJar : add ipddr
2024-04-23 11:29:00,832 [INFO] IPUIPlugin:80 - create IPUIPlugin
2024-04-23 11:29:00,832 [INFO] PluginManager:220 - loadIPPluginJar : add resmgrutility
2024-04-23 11:29:00,836 [INFO] IPUIPlugin:80 - create IPUIPlugin
2024-04-23 11:29:00,836 [INFO] PluginManager:220 - loadIPPluginJar : add nvic
2024-04-23 11:29:00,843 [INFO] IPUIPlugin:80 - create IPUIPlugin
2024-04-23 11:29:00,843 [INFO] PluginManager:220 - loadIPPluginJar : add mdma
2024-04-23 11:29:00,845 [INFO] IPUIPlugin:80 - create IPUIPlugin
2024-04-23 11:29:00,845 [INFO] PluginManager:220 - loadIPPluginJar : add ucpd
2024-04-23 11:29:00,853 [INFO] IPUIPlugin:80 - create IPUIPlugin
2024-04-23 11:29:00,853 [INFO] PluginManager:220 - loadIPPluginJar : add linkedlist
2024-04-23 11:29:00,855 [INFO] IPUIPlugin:80 - create IPUIPlugin
2024-04-23 11:29:00,856 [INFO] PluginManager:220 - loadIPPluginJar : add usart
2024-04-23 11:29:00,857 [INFO] IPUIPlugin:80 - create IPUIPlugin
2024-04-23 11:29:00,857 [INFO] PluginManager:220 - loadIPPluginJar : add ltdc
2024-04-23 11:29:00,860 [INFO] IPUIPlugin:80 - create IPUIPlugin
2024-04-23 11:29:00,860 [INFO] PluginManager:220 - loadIPPluginJar : add can
2024-04-23 11:29:00,862 [INFO] IPUIPlugin:80 - create IPUIPlugin
2024-04-23 11:29:00,862 [INFO] PluginManager:220 - loadIPPluginJar : add fatfs
2024-04-23 11:29:00,865 [INFO] IPUIPlugin:80 - create IPUIPlugin
2024-04-23 11:29:00,865 [INFO] PluginManager:220 - loadIPPluginJar : add usbx
2024-04-23 11:29:00,871 [INFO] IPUIPlugin:80 - create IPUIPlugin
2024-04-23 11:29:00,871 [INFO] PluginManager:220 - loadIPPluginJar : add dma
2024-04-23 11:29:00,873 [INFO] IPUIPlugin:80 - create IPUIPlugin
2024-04-23 11:29:00,873 [INFO] PluginManager:220 - loadIPPluginJar : add quadspi
2024-04-23 11:29:00,879 [INFO] IPUIPlugin:80 - create IPUIPlugin
2024-04-23 11:29:00,880 [INFO] PluginManager:220 - loadIPPluginJar : add freertos
2024-04-23 11:29:00,882 [INFO] IPUIPlugin:80 - create IPUIPlugin
2024-04-23 11:29:00,883 [INFO] PluginManager:220 - loadIPPluginJar : add lorawan
2024-04-23 11:29:00,886 [INFO] IPUIPlugin:80 - create IPUIPlugin
2024-04-23 11:29:00,886 [INFO] PluginManager:220 - loadIPPluginJar : add i3c
2024-04-23 11:29:00,890 [INFO] IPUIPlugin:80 - create IPUIPlugin
2024-04-23 11:29:00,890 [INFO] PluginManager:220 - loadIPPluginJar : add gpio
2024-04-23 11:29:00,894 [INFO] IPUIPlugin:80 - create IPUIPlugin
2024-04-23 11:29:00,895 [INFO] PluginManager:220 - loadIPPluginJar : add openamp
2024-04-23 11:29:01,019 [INFO] CADModel:165 - CPN selected for project level
2024-04-23 11:29:01,019 [INFO] CADModel:114 - Register for checkConnection events
2024-04-23 11:29:01,019 [FATAL] Updater:308 - Updater called before beeing initialized
2024-04-23 11:29:01,020 [ERROR] CADModel:125 - Updater not yet initialized, retry later 
2024-04-23 11:29:01,172 [INFO] CADModel:165 - CPN selected for project level
2024-04-23 11:29:01,173 [INFO] CADModel:114 - Register for checkConnection events
2024-04-23 11:29:01,173 [FATAL] Updater:308 - Updater called before beeing initialized
2024-04-23 11:29:01,173 [ERROR] CADModel:125 - Updater not yet initialized, retry later 
2024-04-23 11:29:01,177 [FATAL] Updater:308 - Updater called before beeing initialized
2024-04-23 11:29:01,289 [FATAL] Updater:308 - Updater called before beeing initialized
2024-04-23 11:29:01,297 [INFO] DbMcusAds:53 - JSON generation date=Wed Nov 29 07:52:27 BRT 2023 (1701255147349)
2024-04-23 11:29:01,297 [FATAL] Updater:308 - Updater called before beeing initialized
2024-04-23 11:29:01,337 [WARN] DetailPanel:346 - Failed to get advertising image, set to default
2024-04-23 11:29:01,439 [FATAL] Updater:308 - Updater called before beeing initialized
2024-04-23 11:29:01,441 [FATAL] Updater:308 - Updater called before beeing initialized
2024-04-23 11:29:01,441 [FATAL] Updater:308 - Updater called before beeing initialized
2024-04-23 11:29:01,441 [WARN] DetailPanel:346 - Failed to get advertising image, set to default
2024-04-23 11:29:01,442 [FATAL] Updater:308 - Updater called before beeing initialized
2024-04-23 11:29:01,484 [ERROR] Updater:1120 - MainUpdater not yet initialized. External WinMGr cannot be set.
2024-04-23 11:29:01,486 [INFO] Updater:1056 - Updater Version found : 6.9.2
2024-04-23 11:29:01,507 [INFO] ApplicationProperties:184 - Using Application install path: /opt/st/stm32cubeide_1.13.2/plugins/com.st.stm32cube.common.mx_6.9.2.202309101412
2024-04-23 11:29:01,813 [INFO] MainUpdater:2868 - connection check result : 10
2024-04-23 11:29:01,814 [INFO] MainUpdater:285 - Updater Check For Update Now.
2024-04-23 11:29:01,814 [INFO] MicroXplorer:498 - Change Database Version : DB.6.0.92
2024-04-23 11:29:01,820 [INFO] McuFinderGlobals:63 - Set McuFinder mode to 2 (CubeIDE integrated)
2024-04-23 11:29:02,055 [INFO] CheckServerUpdateThread:120 - End of CheckServer Thread
2024-04-23 11:29:03,282 [WARN] PackLoader:240 - Cannot read IP mode file for STMicroelectronics.FP-SNS-MOTENVWB1.1.4.0
2024-04-23 11:29:03,295 [WARN] PackLoader:240 - Cannot read IP mode file for STMicroelectronics.X-CUBE-SMBUS.2.1.0
2024-04-23 11:29:03,300 [WARN] PackLoader:240 - Cannot read IP mode file for STMicroelectronics.X-CUBE-TOUCHGFX.4.23.0
2024-04-23 11:29:03,303 [WARN] PackLoader:240 - Cannot read IP mode file for STMicroelectronics.X-CUBE-TOUCHGFX.4.23.2
2024-04-23 11:29:03,344 [WARN] PackLoader:240 - Cannot read IP mode file for STMicroelectronics.X-CUBE-AZRTOS-F7.1.1.0
2024-04-23 11:29:03,376 [WARN] PackLoader:240 - Cannot read IP mode file for STMicroelectronics.FP-SNS-MOTENV1.4.3.2
2024-04-23 11:29:03,385 [WARN] PackLoader:240 - Cannot read IP mode file for STMicroelectronics.FP-SNS-FLIGHT1.5.0.1
2024-04-23 11:29:03,394 [WARN] PackLoader:240 - Cannot read IP mode file for STMicroelectronics.X-CUBE-BLE1.6.2.4
2024-04-23 11:29:03,399 [WARN] PackLoader:240 - Cannot read IP mode file for STMicroelectronics.FP-SNS-FLIGHT1.5.0.2
2024-04-23 11:29:03,409 [WARN] PackLoader:240 - Cannot read IP mode file for STMicroelectronics.X-CUBE-DISPLAY.3.0.0
2024-04-23 11:29:03,422 [WARN] PackLoader:240 - Cannot read IP mode file for STMicroelectronics.X-CUBE-BLE1.7.0.0
2024-04-23 11:29:03,430 [WARN] PackLoader:240 - Cannot read IP mode file for emotas.I-CUBE-CANOPEN.1.3.0
2024-04-23 11:29:03,433 [WARN] PackLoader:240 - Cannot read IP mode file for STMicroelectronics.X-CUBE-TOUCHGFX.4.22.0
2024-04-23 11:29:03,436 [WARN] PackLoader:240 - Cannot read IP mode file for STMicroelectronics.X-CUBE-TOUCHGFX.4.22.1
2024-04-23 11:29:03,448 [WARN] PackLoader:240 - Cannot read IP mode file for STMicroelectronics.X-CUBE-BLEMGR.3.1.0
2024-04-23 11:29:03,457 [WARN] PackLoader:240 - Cannot read IP mode file for STMicroelectronics.FP-SNS-SMARTAG2.1.2.0
2024-04-23 11:29:03,475 [INFO] LogOutputStream:77 - [STDOUT_REDIRECT] 1 : Invalid condition id : UX_CORESTACK_Condition cause : null
2024-04-23 11:29:03,476 [INFO] LogOutputStream:77 - [STDOUT_REDIRECT] 1 : Invalid condition id : UX_CORESTACK_Condition cause : null
2024-04-23 11:29:03,477 [INFO] LogOutputStream:77 - [STDOUT_REDIRECT] 1 : Invalid condition id : UX_CORESTACK_Condition cause : null
2024-04-23 11:29:03,477 [INFO] LogOutputStream:77 - [STDOUT_REDIRECT] 1 : Invalid condition id : UX_CORESTACK_Condition cause : null
2024-04-23 11:29:03,477 [INFO] LogOutputStream:77 - [STDOUT_REDIRECT] 1 : Invalid condition id : UX_CORESTACK_Condition cause : null
2024-04-23 11:29:03,486 [WARN] PackLoader:240 - Cannot read IP mode file for STMicroelectronics.X-CUBE-AZRTOS-WL.2.0.0
2024-04-23 11:29:03,494 [WARN] PackLoader:240 - Cannot read IP mode file for STMicroelectronics.FP-SNS-MOTENV1.5.0.0
2024-04-23 11:29:03,504 [WARN] PackLoader:240 - Cannot read IP mode file for WES.I-CUBE-Cesium.1.3.0
2024-04-23 11:29:03,508 [WARN] PackLoader:240 - Cannot read IP mode file for STMicroelectronics.X-CUBE-BLE2.3.3.0
2024-04-23 11:29:03,516 [WARN] PackLoader:240 - Cannot read IP mode file for STMicroelectronics.X-CUBE-TCPP.4.1.0
2024-04-23 11:29:03,527 [WARN] PackLoader:240 - Cannot read IP mode file for STMicroelectronics.X-CUBE-ALGOBUILD.1.3.0
2024-04-23 11:29:03,555 [WARN] PackLoader:240 - Cannot read IP mode file for STMicroelectronics.X-CUBE-AZRTOS-G0.1.1.0
2024-04-23 11:29:03,568 [WARN] PackLoader:240 - Cannot read IP mode file for STMicroelectronics.X-CUBE-SAFEA1.1.2.2
2024-04-23 11:29:03,576 [WARN] PackLoader:240 - Cannot read IP mode file for STMicroelectronics.X-CUBE-NFC4.3.0.0
2024-04-23 11:29:03,583 [WARN] PackLoader:240 - Cannot read IP mode file for STMicroelectronics.FP-ATR-SIGFOX1.3.2.0
2024-04-23 11:29:03,591 [WARN] PackLoader:240 - Cannot read IP mode file for STMicroelectronics.X-CUBE-EEPRMA1.5.1.0
2024-04-23 11:29:03,636 [WARN] PackLoader:240 - Cannot read IP mode file for SEGGER.I-CUBE-embOS.1.3.1
2024-04-23 11:29:03,696 [WARN] PackLoader:240 - Cannot read IP mode file for STMicroelectronics.X-CUBE-GNSS1.6.0.0
2024-04-23 11:29:03,727 [WARN] PackLoader:240 - Cannot read IP mode file for STMicroelectronics.X-CUBE-AZRTOS-F4.1.1.0
2024-04-23 11:29:03,735 [WARN] PackLoader:240 - Cannot read IP mode file for wolfSSL.I-CUBE-wolfSSL.5.6.3
2024-04-23 11:29:03,742 [WARN] PackLoader:240 - Cannot read IP mode file for STMicroelectronics.X-CUBE-FREERTOS.1.2.0
2024-04-23 11:29:03,767 [WARN] PackLoader:240 - Cannot read IP mode file for STMicroelectronics.X-CUBE-AZRTOS-L5.2.0.0
2024-04-23 11:29:03,807 [WARN] PackLoader:240 - Cannot read IP mode file for STMicroelectronics.X-CUBE-MEMS1.9.6.0
2024-04-23 11:29:04,080 [WARN] PackLoader:240 - Cannot read IP mode file for STMicroelectronics.X-CUBE-NFC6.3.1.0
2024-04-23 11:29:04,090 [WARN] PackLoader:240 - Cannot read IP mode file for ITTIA_DB.I-CUBE-ITTIADB.8.8.0
2024-04-23 11:29:04,100 [WARN] PackLoader:240 - Cannot read IP mode file for STMicroelectronics.X-CUBE-BLEMGR.2.0.0
2024-04-23 11:29:04,107 [WARN] PackLoader:240 - Cannot read IP mode file for STMicroelectronics.X-CUBE-AI.9.0.0
2024-04-23 11:29:04,132 [WARN] ConditionMgr:438 - getConditionDescription Invalid condition id : UX DEVICE CLASS RTOS Condition cause : null
2024-04-23 11:29:04,133 [WARN] ConditionMgr:438 - getConditionDescription Invalid condition id : UX DEVICE CLASS RTOS Condition cause : null
2024-04-23 11:29:04,137 [WARN] PackLoader:240 - Cannot read IP mode file for STMicroelectronics.X-CUBE-AZRTOS-H7.3.1.0
2024-04-23 11:29:04,139 [WARN] ConditionMgr:1039 - genDependencies : Invalid condition id : UX DEVICE CLASS RTOS Condition cause : null
2024-04-23 11:29:04,139 [WARN] ConditionMgr:1039 - genDependencies : Invalid condition id : UX DEVICE CLASS RTOS Condition cause : null
2024-04-23 11:29:04,140 [WARN] ConditionMgr:1039 - genDependencies : Invalid condition id : UX DEVICE CLASS RTOS Condition cause : null
2024-04-23 11:29:04,140 [WARN] ConditionMgr:1039 - genDependencies : Invalid condition id : UX DEVICE CLASS RTOS Condition cause : null
2024-04-23 11:29:04,140 [WARN] ConditionMgr:1039 - genDependencies : Invalid condition id : UX DEVICE CLASS RTOS Condition cause : null
2024-04-23 11:29:04,146 [WARN] PackLoader:240 - Cannot read IP mode file for STMicroelectronics.X-CUBE-NFC7.1.0.1
2024-04-23 11:29:04,153 [WARN] PackLoader:240 - Cannot read IP mode file for STMicroelectronics.X-CUBE-NFC6.3.0.0
2024-04-23 11:29:04,161 [WARN] PackLoader:240 - Cannot read IP mode file for STMicroelectronics.X-CUBE-EEPRMA1.4.1.0
2024-04-23 11:29:04,165 [WARN] PackLoader:240 - Cannot read IP mode file for STMicroelectronics.X-CUBE-AI.8.1.0
2024-04-23 11:29:04,185 [WARN] ConditionMgr:438 - getConditionDescription Invalid condition id : LAN8742 Phy interface Condition cause : null
2024-04-23 11:29:04,186 [WARN] PackLoader:240 - Cannot read IP mode file for STMicroelectronics.X-CUBE-AZRTOS-L4.2.0.0
2024-04-23 11:29:04,188 [WARN] ConditionMgr:1039 - genDependencies : Invalid condition id : LAN8742 Phy interface Condition cause : null
2024-04-23 11:29:04,189 [WARN] ConditionMgr:1039 - genDependencies : Invalid condition id : LAN8742 Phy interface Condition cause : null
2024-04-23 11:29:04,190 [WARN] ConditionMgr:1039 - genDependencies : Invalid condition id : LAN8742 Phy interface Condition cause : null
2024-04-23 11:29:04,201 [WARN] PackLoader:240 - Cannot read IP mode file for STMicroelectronics.X-CUBE-SFXS2LP1.4.0.0
2024-04-23 11:29:04,208 [WARN] PackLoader:240 - Cannot read IP mode file for STMicroelectronics.X-CUBE-ISPU.1.1.0
2024-04-23 11:29:04,225 [WARN] ConditionMgr:438 - getConditionDescription Invalid condition id : UX DEVICE CLASS RTOS Condition cause : null
2024-04-23 11:29:04,226 [WARN] ConditionMgr:438 - getConditionDescription Invalid condition id : UX DEVICE CLASS RTOS Condition cause : null
2024-04-23 11:29:04,230 [WARN] PackLoader:240 - Cannot read IP mode file for STMicroelectronics.X-CUBE-AZRTOS-WB.2.0.0
2024-04-23 11:29:04,230 [WARN] ConditionMgr:1039 - genDependencies : Invalid condition id : UX DEVICE CLASS RTOS Condition cause : null
2024-04-23 11:29:04,231 [WARN] ConditionMgr:1039 - genDependencies : Invalid condition id : UX DEVICE CLASS RTOS Condition cause : null
2024-04-23 11:29:04,231 [WARN] ConditionMgr:1039 - genDependencies : Invalid condition id : UX DEVICE CLASS RTOS Condition cause : null
2024-04-23 11:29:04,232 [WARN] ConditionMgr:1039 - genDependencies : Invalid condition id : UX DEVICE CLASS RTOS Condition cause : null
2024-04-23 11:29:04,232 [WARN] ConditionMgr:1039 - genDependencies : Invalid condition id : UX DEVICE CLASS RTOS Condition cause : null
2024-04-23 11:29:04,237 [WARN] PackLoader:240 - Cannot read IP mode file for STMicroelectronics.X-CUBE-FREERTOS.1.0.1
2024-04-23 11:29:04,291 [WARN] PackLoader:240 - Cannot read IP mode file for STMicroelectronics.X-CUBE-AZRTOS-L5.1.1.0
2024-04-23 11:29:04,302 [WARN] PackLoader:240 - Cannot read IP mode file for STMicroelectronics.X-CUBE-AI.8.0.1
2024-04-23 11:29:04,333 [WARN] PackLoader:240 - Cannot read IP mode file for STMicroelectronics.X-CUBE-SUBG2.5.0.0
2024-04-23 11:29:04,358 [WARN] PackLoader:240 - Cannot read IP mode file for STMicroelectronics.X-CUBE-TOF1.3.3.1
2024-04-23 11:29:04,388 [WARN] PackLoader:240 - Cannot read IP mode file for STMicroelectronics.X-CUBE-AZRTOS-G4.2.0.0
2024-04-23 11:29:04,402 [WARN] PackLoader:240 - Cannot read IP mode file for STMicroelectronics.X-CUBE-TOF1.3.3.0
2024-04-23 11:29:04,432 [WARN] PackLoader:240 - Cannot read IP mode file for Infineon.AIROC-Wi-Fi-Bluetooth-STM32.1.5.1
2024-04-23 11:29:04,441 [WARN] PackLoader:240 - Cannot read IP mode file for STMicroelectronics.FP-SNS-MOTENVWB1.1.3.1
2024-04-23 11:29:04,445 [WARN] PackLoader:240 - Cannot read IP mode file for STMicroelectronics.X-CUBE-ISPU.2.0.0
2024-04-23 11:29:04,499 [WARN] PackLoader:240 - Cannot read IP mode file for STMicroelectronics.X-CUBE-MEMS1.10.0.0
2024-04-23 11:29:04,633 [WARN] PackLoader:240 - Cannot read IP mode file for STMicroelectronics.X-CUBE-FREERTOS.1.1.0
2024-04-23 11:29:04,638 [WARN] PackLoader:240 - Cannot read IP mode file for portGmbH.I-Cube-SoM-uGOAL.1.1.0
2024-04-23 11:29:04,640 [WARN] PackLoader:240 - Cannot read IP mode file for STMicroelectronics.X-CUBE-ALS.1.0.1
2024-04-23 11:29:04,653 [WARN] PackLoader:240 - Cannot read IP mode file for STMicroelectronics.X-CUBE-AZRTOS-WB.1.1.0
2024-04-23 11:29:04,677 [WARN] PackLoader:240 - Cannot read IP mode file for STMicroelectronics.X-CUBE-AZRTOS-H7RS.1.0.0
2024-04-23 11:29:04,685 [WARN] PackLoader:240 - Cannot read IP mode file for STMicroelectronics.FP-ATR-ASTRA1.2.0.0
2024-04-23 11:29:04,701 [WARN] PackLoader:240 - Cannot read IP mode file for STMicroelectronics.X-CUBE-TOF1.3.4.1
2024-04-23 11:29:04,754 [WARN] PackLoader:240 - Cannot read IP mode file for STMicroelectronics.X-CUBE-AZRTOS-H7.3.2.0
2024-04-23 11:29:04,759 [INFO] ThirdParty:978 - Integrity check success = true
2024-04-23 11:29:04,759 [INFO] IntegrityCheckThread:100 - exiting critical section [integrity check]
2024-04-23 11:29:04,759 [INFO] IntegrityCheckThread:103 - End integrity checks thread
2024-04-23 11:29:23,111 [ERROR] LogOutputStream:75 - [STDERR_REDIRECT] SLF4J: Failed to load class "org.slf4j.impl.StaticLoggerBinder".
2024-04-23 11:29:23,111 [ERROR] LogOutputStream:75 - [STDERR_REDIRECT] SLF4J: Defaulting to no-operation (NOP) logger implementation
2024-04-23 11:29:23,112 [ERROR] LogOutputStream:75 - [STDERR_REDIRECT] SLF4J: See http://www.slf4j.org/codes.html#StaticLoggerBinder for further details.
2024-04-23 11:43:47,028 [INFO] Activator:176 - 


2024-04-23 11:43:47,031 [INFO] Activator:177 - !SESSION log4j initialized
2024-04-23 11:43:55,862 [INFO] LogOutputStream:77 - [STDOUT_REDIRECT] 
2024-04-23 11:43:57,765 [INFO] ApplicationProperties:184 - Using Application install path: /opt/st/stm32cubeide_1.13.2/plugins/com.st.stm32cube.common.mx_6.9.2.202309101412
2024-04-23 11:43:57,808 [INFO] DbMcusXml:78 - Set database path to: /opt/st/stm32cubeide_1.13.2/plugins/com.st.stm32cube.common.mx_6.9.2.202309101412//db//mcu/
2024-04-23 11:43:57,808 [INFO] ApiDb:274 - Set plugin database path to: /opt/st/stm32cubeide_1.13.2/plugins/com.st.stm32cube.common.mx_6.9.2.202309101412//db//plugins/boardmanager/
2024-04-23 11:43:57,809 [WARN] ApiDb:259 - Overriding images path with different value:  => /opt/st/stm32cubeide_1.13.2/plugins/com.st.stm32cube.common.mx_6.9.2.202309101412//db//plugins/mcufinder/images/
2024-04-23 11:43:57,849 [INFO] ApiDb:250 - Set database path to: /home/leandro/.stmcufinder/plugins/mcufinder//mcu/
2024-04-23 11:43:57,851 [INFO] DbMcusAds:125 - Set database path to: /home/leandro/.stmcufinder/plugins/mcufinder//mcu/
2024-04-23 11:43:57,881 [INFO] CrossReferenceDbSqlite:203 - Set database path to: /home/leandro/.stmcufinder/plugins/mcufinder//mcu/cs/
2024-04-23 11:43:58,058 [INFO] RulesReader:64 - Compatibility file has been processed (293 Rules)
2024-04-23 11:43:58,232 [INFO] DbMcusXml:78 - Set database path to: /opt/st/stm32cubeide_1.13.2/plugins/com.st.stm32cube.common.mx_6.9.2.202309101412//db//mcu/
2024-04-23 11:43:58,232 [INFO] ApiDb:274 - Set plugin database path to: /opt/st/stm32cubeide_1.13.2/plugins/com.st.stm32cube.common.mx_6.9.2.202309101412//db//plugins/boardmanager/
2024-04-23 11:43:58,232 [INFO] ApiDb:261 - Set plugin images path to: /opt/st/stm32cubeide_1.13.2/plugins/com.st.stm32cube.common.mx_6.9.2.202309101412//db//plugins/mcufinder/images/
2024-04-23 11:43:58,233 [WARN] DbFile:41 - Overriding database path with different value: /home/leandro/.stmcufinder/plugins/mcufinder/ => /home/leandro/.stmcufinder/plugins/mcufinder
2024-04-23 11:43:58,233 [INFO] ApiDb:250 - Set database path to: /home/leandro/.stmcufinder/plugins/mcufinder//mcu/
2024-04-23 11:43:58,233 [WARN] DbFile:41 - Overriding database path with different value: /home/leandro/.stmcufinder/plugins/mcufinder/ => /home/leandro/.stmcufinder/plugins/mcufinder
2024-04-23 11:43:58,234 [INFO] DbMcusAds:125 - Set database path to: /home/leandro/.stmcufinder/plugins/mcufinder//mcu/
2024-04-23 11:43:58,234 [WARN] DbFile:41 - Overriding database path with different value: /home/leandro/.stmcufinder/plugins/mcufinder/ => /home/leandro/.stmcufinder/plugins/mcufinder
2024-04-23 11:43:58,234 [WARN] DbFile:41 - Overriding database path with different value: /home/leandro/.stmcufinder/plugins/mcufinder/ => /home/leandro/.stmcufinder/plugins/mcufinder
2024-04-23 11:43:58,234 [INFO] CrossReferenceDbSqlite:203 - Set database path to: /home/leandro/.stmcufinder/plugins/mcufinder//mcu/cs/
2024-04-23 11:43:58,433 [INFO] MainPanel:262 - HeapMemory: 268435456
2024-04-23 11:43:58,809 [INFO] DbMcusXml:78 - Set database path to: /opt/st/stm32cubeide_1.13.2/plugins/com.st.stm32cube.common.mx_6.9.2.202309101412//db//mcu/
2024-04-23 11:43:58,810 [INFO] ApiDb:274 - Set plugin database path to: /opt/st/stm32cubeide_1.13.2/plugins/com.st.stm32cube.common.mx_6.9.2.202309101412//db//plugins/boardmanager/
2024-04-23 11:43:58,810 [INFO] ApiDb:261 - Set plugin images path to: /opt/st/stm32cubeide_1.13.2/plugins/com.st.stm32cube.common.mx_6.9.2.202309101412//db//plugins/mcufinder/images/
2024-04-23 11:43:58,811 [WARN] DbFile:41 - Overriding database path with different value: /home/leandro/.stmcufinder/plugins/mcufinder/ => /home/leandro/.stmcufinder/plugins/mcufinder
2024-04-23 11:43:58,811 [INFO] ApiDb:250 - Set database path to: /home/leandro/.stmcufinder/plugins/mcufinder//mcu/
2024-04-23 11:43:58,811 [WARN] DbFile:41 - Overriding database path with different value: /home/leandro/.stmcufinder/plugins/mcufinder/ => /home/leandro/.stmcufinder/plugins/mcufinder
2024-04-23 11:43:58,811 [INFO] DbMcusAds:125 - Set database path to: /home/leandro/.stmcufinder/plugins/mcufinder//mcu/
2024-04-23 11:43:58,812 [WARN] DbFile:41 - Overriding database path with different value: /home/leandro/.stmcufinder/plugins/mcufinder/ => /home/leandro/.stmcufinder/plugins/mcufinder
2024-04-23 11:43:58,812 [WARN] DbFile:41 - Overriding database path with different value: /home/leandro/.stmcufinder/plugins/mcufinder/ => /home/leandro/.stmcufinder/plugins/mcufinder
2024-04-23 11:43:58,812 [INFO] CrossReferenceDbSqlite:203 - Set database path to: /home/leandro/.stmcufinder/plugins/mcufinder//mcu/cs/
2024-04-23 11:43:58,886 [INFO] ApplicationProperties:184 - Using Application install path: /opt/st/stm32cubeide_1.13.2/plugins/com.st.stm32cube.common.mx_6.9.2.202309101412
2024-04-23 11:43:58,890 [INFO] PluginManage:196 - Search for loadable plugins [exclusion list=, ]
2024-04-23 11:43:58,892 [INFO] PluginManage:310 - Check plugin analytics
2024-04-23 11:43:59,237 [INFO] AnalyticsPlugin:253 - Accepted Software Licenses: STM32CubeMX.6.8.1
2024-04-23 11:43:59,237 [INFO] AnalyticsPlugin:255 - Accepted CMSIS Pack Licenses: 
2024-04-23 11:43:59,237 [INFO] AnalyticsPlugin:257 - Accepted Firmware Licenses: FW.H7.1.11.0,FW.F4.1.27.0
2024-04-23 11:43:59,241 [INFO] PluginManage:359 - Loaded plugin analytics (category:tool,tabindex:-1)
2024-04-23 11:43:59,242 [INFO] PluginManage:310 - Check plugin cadmodel
2024-04-23 11:43:59,322 [INFO] CADModel:105 - Init CAD model plugin
2024-04-23 11:43:59,322 [INFO] PluginManage:359 - Loaded plugin cadmodel (category:power,tabindex:5)
2024-04-23 11:43:59,323 [INFO] PluginManage:310 - Check plugin clock
2024-04-23 11:43:59,355 [INFO] PluginManage:359 - Loaded plugin clock (category:base,tabindex:2)
2024-04-23 11:43:59,356 [INFO] PluginManage:310 - Check plugin ddr
2024-04-23 11:43:59,368 [INFO] PluginManage:359 - Loaded plugin ddr (category:tool,tabindex:6)
2024-04-23 11:43:59,368 [INFO] PluginManage:310 - Check plugin filemanager
2024-04-23 11:43:59,574 [INFO] PluginManage:359 - Loaded plugin filemanager (category:base,tabindex:10)
2024-04-23 11:43:59,574 [INFO] PluginManage:310 - Check plugin ipmanager
2024-04-23 11:43:59,603 [INFO] PluginManage:359 - Loaded plugin ipmanager (category:base,tabindex:5)
2024-04-23 11:43:59,604 [INFO] PluginManage:310 - Check plugin lpbam
2024-04-23 11:43:59,628 [INFO] PluginManage:359 - Loaded plugin lpbam (category:base,tabindex:0)
2024-04-23 11:43:59,628 [INFO] PluginManage:310 - Check plugin memorymap
2024-04-23 11:43:59,652 [INFO] PluginManage:359 - Loaded plugin memorymap (category:base,tabindex:4)
2024-04-23 11:43:59,653 [INFO] PluginManage:310 - Check plugin pinoutandconfiguration
2024-04-23 11:43:59,663 [INFO] PluginManage:359 - Loaded plugin pinoutandconfiguration (category:base,tabindex:1)
2024-04-23 11:43:59,664 [INFO] PluginManage:310 - Check plugin pinoutconfig
2024-04-23 11:43:59,879 [WARN] SupportedApi:132 - Cannot load RTOS API schema: s4s-elt-must-match.1: The content of 'definitions' must match (annotation?, (simpleType | complexType)?, (unique | key | keyref)*)). A problem was found starting at: attribute.
2024-04-23 11:44:00,059 [INFO] PluginManage:359 - Loaded plugin pinoutconfig (category:base,tabindex:0)
2024-04-23 11:44:00,060 [INFO] PluginManage:310 - Check plugin power
2024-04-23 11:44:00,091 [INFO] PluginManage:359 - Loaded plugin power (category:power,tabindex:4)
2024-04-23 11:44:00,091 [INFO] PluginManage:310 - Check plugin projectmanager
2024-04-23 11:44:00,127 [INFO] PluginManage:359 - Loaded plugin projectmanager (category:projectmanager,tabindex:3)
2024-04-23 11:44:00,127 [INFO] PluginManage:310 - Check plugin thirdparty
2024-04-23 11:44:00,369 [INFO] PluginManage:359 - Loaded plugin thirdparty (category:base,tabindex:-1)
2024-04-23 11:44:00,368 [WARN] IntegrityCheckThread:84 - waiting for thirdparty lock release [integrity check]
2024-04-23 11:44:00,369 [INFO] PluginManage:310 - Check plugin tools
2024-04-23 11:44:00,369 [INFO] IntegrityCheckThread:86 - entering critical section [integrity check]
2024-04-23 11:44:00,372 [INFO] ThirdPartyUpdaterWithRetryManager:70 - Updater plugin not ready yet. [1/15]
2024-04-23 11:44:00,372 [INFO] PluginManage:359 - Loaded plugin tools (category:base,tabindex:7)
2024-04-23 11:44:00,373 [INFO] PluginManage:310 - Check plugin tutovideos
2024-04-23 11:44:00,619 [INFO] PluginManage:359 - Loaded plugin tutovideos (category:base,tabindex:-1)
2024-04-23 11:44:00,620 [INFO] PluginManage:310 - Check plugin updater
2024-04-23 11:44:00,649 [INFO] PluginManage:359 - Loaded plugin updater (category:base,tabindex:12)
2024-04-23 11:44:00,649 [INFO] PluginManage:310 - Check plugin userauth
2024-04-23 11:44:00,677 [INFO] UserAuth:113 - Init User Auth plugin
2024-04-23 11:44:00,677 [INFO] PluginManage:359 - Loaded plugin userauth (category:base,tabindex:14)
2024-04-23 11:44:00,678 [INFO] PluginManage:283 - PluginManage : Loaded plugins [17]
2024-04-23 11:44:01,177 [INFO] PinOutPanel:1499 - setPackage(No Configuration,No Configuration)
2024-04-23 11:44:01,358 [INFO] CADModel:165 - CPN selected for project level
2024-04-23 11:44:01,358 [INFO] CADModel:114 - Register for checkConnection events
2024-04-23 11:44:01,420 [INFO] IPUIPlugin:80 - create IPUIPlugin
2024-04-23 11:44:01,420 [INFO] PluginManager:220 - loadIPPluginJar : add i2s
2024-04-23 11:44:01,447 [INFO] IPUIPlugin:80 - create IPUIPlugin
2024-04-23 11:44:01,447 [INFO] PluginManager:220 - loadIPPluginJar : add dfsdm
2024-04-23 11:44:01,449 [INFO] IPUIPlugin:80 - create IPUIPlugin
2024-04-23 11:44:01,450 [INFO] PluginManager:220 - loadIPPluginJar : add dma3
2024-04-23 11:44:01,456 [INFO] IPUIPlugin:80 - create IPUIPlugin
2024-04-23 11:44:01,456 [INFO] PluginManager:220 - loadIPPluginJar : add comp
2024-04-23 11:44:01,461 [INFO] IPUIPlugin:80 - create IPUIPlugin
2024-04-23 11:44:01,461 [INFO] PluginManager:220 - loadIPPluginJar : add pdm2pcm
2024-04-23 11:44:01,477 [INFO] IPUIPlugin:80 - create IPUIPlugin
2024-04-23 11:44:01,478 [INFO] PluginManager:220 - loadIPPluginJar : add fmc
2024-04-23 11:44:01,508 [INFO] IPUIPlugin:80 - create IPUIPlugin
2024-04-23 11:44:01,508 [INFO] PluginManager:220 - loadIPPluginJar : add touchsensing
2024-04-23 11:44:01,511 [INFO] IPUIPlugin:80 - create IPUIPlugin
2024-04-23 11:44:01,511 [INFO] PluginManager:220 - loadIPPluginJar : add cryp
2024-04-23 11:44:01,514 [INFO] IPUIPlugin:80 - create IPUIPlugin
2024-04-23 11:44:01,514 [INFO] PluginManager:220 - loadIPPluginJar : add hash
2024-04-23 11:44:01,518 [INFO] IPUIPlugin:80 - create IPUIPlugin
2024-04-23 11:44:01,518 [INFO] PluginManager:220 - loadIPPluginJar : add ts
2024-04-23 11:44:01,522 [INFO] IPUIPlugin:80 - create IPUIPlugin
2024-04-23 11:44:01,522 [INFO] PluginManager:220 - loadIPPluginJar : add gfxmmu
2024-04-23 11:44:01,526 [INFO] IPUIPlugin:80 - create IPUIPlugin
2024-04-23 11:44:01,527 [INFO] PluginManager:220 - loadIPPluginJar : add spi
2024-04-23 11:44:01,553 [INFO] IPUIPlugin:80 - create IPUIPlugin
2024-04-23 11:44:01,558 [INFO] PluginManager:220 - loadIPPluginJar : add plateformsettings
2024-04-23 11:44:01,562 [INFO] IPUIPlugin:80 - create IPUIPlugin
2024-04-23 11:44:01,563 [INFO] PluginManager:220 - loadIPPluginJar : add sai
2024-04-23 11:44:01,575 [INFO] IPUIPlugin:80 - create IPUIPlugin
2024-04-23 11:44:01,575 [INFO] PluginManager:220 - loadIPPluginJar : add opamp
2024-04-23 11:44:01,582 [INFO] IPUIPlugin:80 - create IPUIPlugin
2024-04-23 11:44:01,582 [INFO] PluginManager:220 - loadIPPluginJar : add adc
2024-04-23 11:44:01,587 [INFO] IPUIPlugin:80 - create IPUIPlugin
2024-04-23 11:44:01,587 [INFO] PluginManager:220 - loadIPPluginJar : add stm32_wpan
2024-04-23 11:44:01,590 [INFO] IPUIPlugin:80 - create IPUIPlugin
2024-04-23 11:44:01,590 [INFO] PluginManager:220 - loadIPPluginJar : add aes
2024-04-23 11:44:01,592 [INFO] IPUIPlugin:80 - create IPUIPlugin
2024-04-23 11:44:01,592 [INFO] PluginManager:220 - loadIPPluginJar : add tim
2024-04-23 11:44:01,595 [INFO] IPUIPlugin:80 - create IPUIPlugin
2024-04-23 11:44:01,595 [INFO] PluginManager:220 - loadIPPluginJar : add i2c
2024-04-23 11:44:01,601 [INFO] IPUIPlugin:80 - create IPUIPlugin
2024-04-23 11:44:01,601 [INFO] PluginManager:220 - loadIPPluginJar : add gic
2024-04-23 11:44:01,604 [INFO] IPUIPlugin:80 - create IPUIPlugin
2024-04-23 11:44:01,604 [INFO] PluginManager:220 - loadIPPluginJar : add tracer_emb
2024-04-23 11:44:01,606 [INFO] IPUIPlugin:80 - create IPUIPlugin
2024-04-23 11:44:01,606 [INFO] PluginManager:220 - loadIPPluginJar : add genericplugin
2024-04-23 11:44:01,607 [INFO] IPUIPlugin:80 - create IPUIPlugin
2024-04-23 11:44:01,607 [INFO] PluginManager:220 - loadIPPluginJar : add tsc
2024-04-23 11:44:01,610 [INFO] IPUIPlugin:80 - create IPUIPlugin
2024-04-23 11:44:01,610 [INFO] PluginManager:220 - loadIPPluginJar : add gtzc
2024-04-23 11:44:01,632 [INFO] IPUIPlugin:80 - create IPUIPlugin
2024-04-23 11:44:01,632 [INFO] PluginManager:220 - loadIPPluginJar : add ipddr
2024-04-23 11:44:01,639 [INFO] IPUIPlugin:80 - create IPUIPlugin
2024-04-23 11:44:01,639 [INFO] PluginManager:220 - loadIPPluginJar : add resmgrutility
2024-04-23 11:44:01,653 [INFO] IPUIPlugin:80 - create IPUIPlugin
2024-04-23 11:44:01,654 [INFO] PluginManager:220 - loadIPPluginJar : add nvic
2024-04-23 11:44:01,666 [INFO] IPUIPlugin:80 - create IPUIPlugin
2024-04-23 11:44:01,666 [INFO] PluginManager:220 - loadIPPluginJar : add mdma
2024-04-23 11:44:01,668 [INFO] IPUIPlugin:80 - create IPUIPlugin
2024-04-23 11:44:01,668 [INFO] PluginManager:220 - loadIPPluginJar : add ucpd
2024-04-23 11:44:01,688 [INFO] IPUIPlugin:80 - create IPUIPlugin
2024-04-23 11:44:01,688 [INFO] PluginManager:220 - loadIPPluginJar : add linkedlist
2024-04-23 11:44:01,691 [INFO] IPUIPlugin:80 - create IPUIPlugin
2024-04-23 11:44:01,691 [INFO] PluginManager:220 - loadIPPluginJar : add usart
2024-04-23 11:44:01,716 [INFO] IPUIPlugin:80 - create IPUIPlugin
2024-04-23 11:44:01,716 [INFO] PluginManager:220 - loadIPPluginJar : add ltdc
2024-04-23 11:44:01,719 [INFO] IPUIPlugin:80 - create IPUIPlugin
2024-04-23 11:44:01,719 [INFO] PluginManager:220 - loadIPPluginJar : add can
2024-04-23 11:44:01,721 [INFO] IPUIPlugin:80 - create IPUIPlugin
2024-04-23 11:44:01,721 [INFO] PluginManager:220 - loadIPPluginJar : add fatfs
2024-04-23 11:44:01,725 [INFO] IPUIPlugin:80 - create IPUIPlugin
2024-04-23 11:44:01,725 [INFO] PluginManager:220 - loadIPPluginJar : add usbx
2024-04-23 11:44:01,761 [INFO] IPUIPlugin:80 - create IPUIPlugin
2024-04-23 11:44:01,761 [INFO] PluginManager:220 - loadIPPluginJar : add dma
2024-04-23 11:44:01,764 [INFO] IPUIPlugin:80 - create IPUIPlugin
2024-04-23 11:44:01,764 [INFO] PluginManager:220 - loadIPPluginJar : add quadspi
2024-04-23 11:44:01,786 [INFO] IPUIPlugin:80 - create IPUIPlugin
2024-04-23 11:44:01,786 [INFO] PluginManager:220 - loadIPPluginJar : add freertos
2024-04-23 11:44:01,808 [INFO] IPUIPlugin:80 - create IPUIPlugin
2024-04-23 11:44:01,808 [INFO] PluginManager:220 - loadIPPluginJar : add lorawan
2024-04-23 11:44:01,813 [INFO] IPUIPlugin:80 - create IPUIPlugin
2024-04-23 11:44:01,813 [INFO] PluginManager:220 - loadIPPluginJar : add i3c
2024-04-23 11:44:01,820 [INFO] IPUIPlugin:80 - create IPUIPlugin
2024-04-23 11:44:01,821 [INFO] PluginManager:220 - loadIPPluginJar : add gpio
2024-04-23 11:44:01,825 [INFO] IPUIPlugin:80 - create IPUIPlugin
2024-04-23 11:44:01,825 [INFO] PluginManager:220 - loadIPPluginJar : add openamp
2024-04-23 11:44:01,961 [INFO] CADModel:165 - CPN selected for project level
2024-04-23 11:44:01,962 [INFO] CADModel:114 - Register for checkConnection events
2024-04-23 11:44:01,962 [FATAL] Updater:308 - Updater called before beeing initialized
2024-04-23 11:44:01,962 [ERROR] CADModel:125 - Updater not yet initialized, retry later 
2024-04-23 11:44:02,207 [INFO] CADModel:165 - CPN selected for project level
2024-04-23 11:44:02,207 [INFO] CADModel:114 - Register for checkConnection events
2024-04-23 11:44:02,207 [FATAL] Updater:308 - Updater called before beeing initialized
2024-04-23 11:44:02,208 [ERROR] CADModel:125 - Updater not yet initialized, retry later 
2024-04-23 11:44:02,212 [FATAL] Updater:308 - Updater called before beeing initialized
2024-04-23 11:44:02,332 [FATAL] Updater:308 - Updater called before beeing initialized
2024-04-23 11:44:02,337 [INFO] DbMcusAds:53 - JSON generation date=Wed Nov 29 07:52:27 BRT 2023 (1701255147349)
2024-04-23 11:44:02,338 [FATAL] Updater:308 - Updater called before beeing initialized
2024-04-23 11:44:02,411 [WARN] DetailPanel:346 - Failed to get advertising image, set to default
2024-04-23 11:44:02,512 [FATAL] Updater:308 - Updater called before beeing initialized
2024-04-23 11:44:02,514 [FATAL] Updater:308 - Updater called before beeing initialized
2024-04-23 11:44:02,514 [FATAL] Updater:308 - Updater called before beeing initialized
2024-04-23 11:44:02,514 [WARN] DetailPanel:346 - Failed to get advertising image, set to default
2024-04-23 11:44:02,515 [FATAL] Updater:308 - Updater called before beeing initialized
2024-04-23 11:44:02,587 [ERROR] Updater:1120 - MainUpdater not yet initialized. External WinMGr cannot be set.
2024-04-23 11:44:02,589 [INFO] Updater:1056 - Updater Version found : 6.9.2
2024-04-23 11:44:02,636 [INFO] ApplicationProperties:184 - Using Application install path: /opt/st/stm32cubeide_1.13.2/plugins/com.st.stm32cube.common.mx_6.9.2.202309101412
2024-04-23 11:44:02,829 [INFO] MainUpdater:2868 - connection check result : 10
2024-04-23 11:44:02,830 [INFO] MainUpdater:285 - Updater Check For Update Now.
2024-04-23 11:44:02,830 [INFO] MicroXplorer:498 - Change Database Version : DB.6.0.92
2024-04-23 11:44:02,836 [INFO] McuFinderGlobals:63 - Set McuFinder mode to 2 (CubeIDE integrated)
2024-04-23 11:44:03,082 [INFO] CheckServerUpdateThread:120 - End of CheckServer Thread
2024-04-23 11:44:03,580 [WARN] PackLoader:240 - Cannot read IP mode file for STMicroelectronics.FP-SNS-MOTENVWB1.1.4.0
2024-04-23 11:44:03,597 [WARN] PackLoader:240 - Cannot read IP mode file for STMicroelectronics.X-CUBE-SMBUS.2.1.0
2024-04-23 11:44:03,617 [WARN] PackLoader:240 - Cannot read IP mode file for STMicroelectronics.X-CUBE-TOUCHGFX.4.23.0
2024-04-23 11:44:03,652 [WARN] PackLoader:240 - Cannot read IP mode file for STMicroelectronics.X-CUBE-TOUCHGFX.4.23.2
2024-04-23 11:44:03,718 [WARN] PackLoader:240 - Cannot read IP mode file for STMicroelectronics.X-CUBE-AZRTOS-F7.1.1.0
2024-04-23 11:44:03,749 [WARN] PackLoader:240 - Cannot read IP mode file for STMicroelectronics.FP-SNS-MOTENV1.4.3.2
2024-04-23 11:44:03,773 [WARN] PackLoader:240 - Cannot read IP mode file for STMicroelectronics.FP-SNS-FLIGHT1.5.0.1
2024-04-23 11:44:03,805 [WARN] PackLoader:240 - Cannot read IP mode file for STMicroelectronics.X-CUBE-BLE1.6.2.4
2024-04-23 11:44:03,827 [WARN] PackLoader:240 - Cannot read IP mode file for STMicroelectronics.FP-SNS-FLIGHT1.5.0.2
2024-04-23 11:44:03,870 [WARN] PackLoader:240 - Cannot read IP mode file for STMicroelectronics.X-CUBE-DISPLAY.3.0.0
2024-04-23 11:44:03,900 [WARN] PackLoader:240 - Cannot read IP mode file for STMicroelectronics.X-CUBE-BLE1.7.0.0
2024-04-23 11:44:03,908 [WARN] PackLoader:240 - Cannot read IP mode file for emotas.I-CUBE-CANOPEN.1.3.0
2024-04-23 11:44:03,936 [WARN] PackLoader:240 - Cannot read IP mode file for STMicroelectronics.X-CUBE-TOUCHGFX.4.22.0
2024-04-23 11:44:03,964 [WARN] PackLoader:240 - Cannot read IP mode file for STMicroelectronics.X-CUBE-TOUCHGFX.4.22.1
2024-04-23 11:44:04,021 [WARN] PackLoader:240 - Cannot read IP mode file for STMicroelectronics.X-CUBE-BLEMGR.3.1.0
2024-04-23 11:44:04,049 [WARN] PackLoader:240 - Cannot read IP mode file for STMicroelectronics.FP-SNS-SMARTAG2.1.2.0
2024-04-23 11:44:04,080 [INFO] LogOutputStream:77 - [STDOUT_REDIRECT] 1 : Invalid condition id : UX_CORESTACK_Condition cause : null
2024-04-23 11:44:04,081 [INFO] LogOutputStream:77 - [STDOUT_REDIRECT] 1 : Invalid condition id : UX_CORESTACK_Condition cause : null
2024-04-23 11:44:04,081 [INFO] LogOutputStream:77 - [STDOUT_REDIRECT] 1 : Invalid condition id : UX_CORESTACK_Condition cause : null
2024-04-23 11:44:04,082 [INFO] LogOutputStream:77 - [STDOUT_REDIRECT] 1 : Invalid condition id : UX_CORESTACK_Condition cause : null
2024-04-23 11:44:04,082 [INFO] LogOutputStream:77 - [STDOUT_REDIRECT] 1 : Invalid condition id : UX_CORESTACK_Condition cause : null
2024-04-23 11:44:04,089 [WARN] PackLoader:240 - Cannot read IP mode file for STMicroelectronics.X-CUBE-AZRTOS-WL.2.0.0
2024-04-23 11:44:04,122 [WARN] PackLoader:240 - Cannot read IP mode file for STMicroelectronics.FP-SNS-MOTENV1.5.0.0
2024-04-23 11:44:04,150 [WARN] PackLoader:240 - Cannot read IP mode file for WES.I-CUBE-Cesium.1.3.0
2024-04-23 11:44:04,169 [WARN] PackLoader:240 - Cannot read IP mode file for STMicroelectronics.X-CUBE-BLE2.3.3.0
2024-04-23 11:44:04,191 [WARN] PackLoader:240 - Cannot read IP mode file for STMicroelectronics.X-CUBE-TCPP.4.1.0
2024-04-23 11:44:04,215 [WARN] PackLoader:240 - Cannot read IP mode file for STMicroelectronics.X-CUBE-ALGOBUILD.1.3.0
2024-04-23 11:44:04,260 [WARN] PackLoader:240 - Cannot read IP mode file for STMicroelectronics.X-CUBE-AZRTOS-G0.1.1.0
2024-04-23 11:44:04,287 [WARN] PackLoader:240 - Cannot read IP mode file for STMicroelectronics.X-CUBE-SAFEA1.1.2.2
2024-04-23 11:44:04,295 [WARN] PackLoader:240 - Cannot read IP mode file for STMicroelectronics.X-CUBE-NFC4.3.0.0
2024-04-23 11:44:04,312 [WARN] PackLoader:240 - Cannot read IP mode file for STMicroelectronics.FP-ATR-SIGFOX1.3.2.0
2024-04-23 11:44:04,332 [WARN] PackLoader:240 - Cannot read IP mode file for STMicroelectronics.X-CUBE-EEPRMA1.5.1.0
2024-04-23 11:44:04,399 [WARN] PackLoader:240 - Cannot read IP mode file for SEGGER.I-CUBE-embOS.1.3.1
2024-04-23 11:44:04,478 [WARN] PackLoader:240 - Cannot read IP mode file for STMicroelectronics.X-CUBE-GNSS1.6.0.0
2024-04-23 11:44:04,503 [WARN] PackLoader:240 - Cannot read IP mode file for STMicroelectronics.X-CUBE-AZRTOS-F4.1.1.0
2024-04-23 11:44:04,510 [WARN] PackLoader:240 - Cannot read IP mode file for wolfSSL.I-CUBE-wolfSSL.5.6.3
2024-04-23 11:44:04,531 [WARN] PackLoader:240 - Cannot read IP mode file for STMicroelectronics.X-CUBE-FREERTOS.1.2.0
2024-04-23 11:44:04,565 [WARN] PackLoader:240 - Cannot read IP mode file for STMicroelectronics.X-CUBE-AZRTOS-L5.2.0.0
2024-04-23 11:44:04,634 [WARN] PackLoader:240 - Cannot read IP mode file for STMicroelectronics.X-CUBE-MEMS1.9.6.0
2024-04-23 11:44:04,895 [WARN] PackLoader:240 - Cannot read IP mode file for STMicroelectronics.X-CUBE-NFC6.3.1.0
2024-04-23 11:44:04,911 [WARN] PackLoader:240 - Cannot read IP mode file for ITTIA_DB.I-CUBE-ITTIADB.8.8.0
2024-04-23 11:44:04,958 [WARN] PackLoader:240 - Cannot read IP mode file for STMicroelectronics.X-CUBE-BLEMGR.2.0.0
2024-04-23 11:44:04,983 [WARN] PackLoader:240 - Cannot read IP mode file for STMicroelectronics.X-CUBE-AI.9.0.0
2024-04-23 11:44:05,032 [WARN] ConditionMgr:438 - getConditionDescription Invalid condition id : UX DEVICE CLASS RTOS Condition cause : null
2024-04-23 11:44:05,032 [WARN] ConditionMgr:438 - getConditionDescription Invalid condition id : UX DEVICE CLASS RTOS Condition cause : null
2024-04-23 11:44:05,038 [WARN] PackLoader:240 - Cannot read IP mode file for STMicroelectronics.X-CUBE-AZRTOS-H7.3.1.0
2024-04-23 11:44:05,041 [WARN] ConditionMgr:1039 - genDependencies : Invalid condition id : UX DEVICE CLASS RTOS Condition cause : null
2024-04-23 11:44:05,041 [WARN] ConditionMgr:1039 - genDependencies : Invalid condition id : UX DEVICE CLASS RTOS Condition cause : null
2024-04-23 11:44:05,043 [WARN] ConditionMgr:1039 - genDependencies : Invalid condition id : UX DEVICE CLASS RTOS Condition cause : null
2024-04-23 11:44:05,044 [WARN] ConditionMgr:1039 - genDependencies : Invalid condition id : UX DEVICE CLASS RTOS Condition cause : null
2024-04-23 11:44:05,044 [WARN] ConditionMgr:1039 - genDependencies : Invalid condition id : UX DEVICE CLASS RTOS Condition cause : null
2024-04-23 11:44:05,073 [WARN] PackLoader:240 - Cannot read IP mode file for STMicroelectronics.X-CUBE-NFC7.1.0.1
2024-04-23 11:44:05,101 [WARN] PackLoader:240 - Cannot read IP mode file for STMicroelectronics.X-CUBE-NFC6.3.0.0
2024-04-23 11:44:05,143 [WARN] PackLoader:240 - Cannot read IP mode file for STMicroelectronics.X-CUBE-EEPRMA1.4.1.0
2024-04-23 11:44:05,170 [WARN] PackLoader:240 - Cannot read IP mode file for STMicroelectronics.X-CUBE-AI.8.1.0
2024-04-23 11:44:05,207 [WARN] ConditionMgr:438 - getConditionDescription Invalid condition id : LAN8742 Phy interface Condition cause : null
2024-04-23 11:44:05,209 [WARN] PackLoader:240 - Cannot read IP mode file for STMicroelectronics.X-CUBE-AZRTOS-L4.2.0.0
2024-04-23 11:44:05,212 [WARN] ConditionMgr:1039 - genDependencies : Invalid condition id : LAN8742 Phy interface Condition cause : null
2024-04-23 11:44:05,212 [WARN] ConditionMgr:1039 - genDependencies : Invalid condition id : LAN8742 Phy interface Condition cause : null
2024-04-23 11:44:05,213 [WARN] ConditionMgr:1039 - genDependencies : Invalid condition id : LAN8742 Phy interface Condition cause : null
2024-04-23 11:44:05,236 [WARN] PackLoader:240 - Cannot read IP mode file for STMicroelectronics.X-CUBE-SFXS2LP1.4.0.0
2024-04-23 11:44:05,250 [WARN] PackLoader:240 - Cannot read IP mode file for STMicroelectronics.X-CUBE-ISPU.1.1.0
2024-04-23 11:44:05,277 [WARN] ConditionMgr:438 - getConditionDescription Invalid condition id : UX DEVICE CLASS RTOS Condition cause : null
2024-04-23 11:44:05,278 [WARN] ConditionMgr:438 - getConditionDescription Invalid condition id : UX DEVICE CLASS RTOS Condition cause : null
2024-04-23 11:44:05,281 [WARN] PackLoader:240 - Cannot read IP mode file for STMicroelectronics.X-CUBE-AZRTOS-WB.2.0.0
2024-04-23 11:44:05,282 [WARN] ConditionMgr:1039 - genDependencies : Invalid condition id : UX DEVICE CLASS RTOS Condition cause : null
2024-04-23 11:44:05,282 [WARN] ConditionMgr:1039 - genDependencies : Invalid condition id : UX DEVICE CLASS RTOS Condition cause : null
2024-04-23 11:44:05,283 [WARN] ConditionMgr:1039 - genDependencies : Invalid condition id : UX DEVICE CLASS RTOS Condition cause : null
2024-04-23 11:44:05,283 [WARN] ConditionMgr:1039 - genDependencies : Invalid condition id : UX DEVICE CLASS RTOS Condition cause : null
2024-04-23 11:44:05,283 [WARN] ConditionMgr:1039 - genDependencies : Invalid condition id : UX DEVICE CLASS RTOS Condition cause : null
2024-04-23 11:44:05,289 [WARN] PackLoader:240 - Cannot read IP mode file for STMicroelectronics.X-CUBE-FREERTOS.1.0.1
2024-04-23 11:44:05,319 [WARN] PackLoader:240 - Cannot read IP mode file for STMicroelectronics.X-CUBE-AZRTOS-L5.1.1.0
2024-04-23 11:44:05,339 [WARN] PackLoader:240 - Cannot read IP mode file for STMicroelectronics.X-CUBE-AI.8.0.1
2024-04-23 11:44:05,360 [WARN] PackLoader:240 - Cannot read IP mode file for STMicroelectronics.X-CUBE-SUBG2.5.0.0
2024-04-23 11:44:05,388 [WARN] PackLoader:240 - Cannot read IP mode file for STMicroelectronics.X-CUBE-TOF1.3.3.1
2024-04-23 11:44:05,421 [WARN] PackLoader:240 - Cannot read IP mode file for STMicroelectronics.X-CUBE-AZRTOS-G4.2.0.0
2024-04-23 11:44:05,443 [WARN] PackLoader:240 - Cannot read IP mode file for STMicroelectronics.X-CUBE-TOF1.3.3.0
2024-04-23 11:44:05,471 [WARN] PackLoader:240 - Cannot read IP mode file for Infineon.AIROC-Wi-Fi-Bluetooth-STM32.1.5.1
2024-04-23 11:44:05,489 [WARN] PackLoader:240 - Cannot read IP mode file for STMicroelectronics.FP-SNS-MOTENVWB1.1.3.1
2024-04-23 11:44:05,505 [WARN] PackLoader:240 - Cannot read IP mode file for STMicroelectronics.X-CUBE-ISPU.2.0.0
2024-04-23 11:44:05,553 [WARN] PackLoader:240 - Cannot read IP mode file for STMicroelectronics.X-CUBE-MEMS1.10.0.0
2024-04-23 11:44:05,683 [WARN] PackLoader:240 - Cannot read IP mode file for STMicroelectronics.X-CUBE-FREERTOS.1.1.0
2024-04-23 11:44:05,698 [WARN] PackLoader:240 - Cannot read IP mode file for portGmbH.I-Cube-SoM-uGOAL.1.1.0
2024-04-23 11:44:05,722 [WARN] PackLoader:240 - Cannot read IP mode file for STMicroelectronics.X-CUBE-ALS.1.0.1
2024-04-23 11:44:05,754 [WARN] PackLoader:240 - Cannot read IP mode file for STMicroelectronics.X-CUBE-AZRTOS-WB.1.1.0
2024-04-23 11:44:05,783 [WARN] PackLoader:240 - Cannot read IP mode file for STMicroelectronics.X-CUBE-AZRTOS-H7RS.1.0.0
2024-04-23 11:44:05,815 [WARN] PackLoader:240 - Cannot read IP mode file for STMicroelectronics.FP-ATR-ASTRA1.2.0.0
2024-04-23 11:44:05,843 [WARN] PackLoader:240 - Cannot read IP mode file for STMicroelectronics.X-CUBE-TOF1.3.4.1
2024-04-23 11:44:05,914 [WARN] PackLoader:240 - Cannot read IP mode file for STMicroelectronics.X-CUBE-AZRTOS-H7.3.2.0
2024-04-23 11:44:05,924 [INFO] ThirdParty:978 - Integrity check success = true
2024-04-23 11:44:05,924 [INFO] IntegrityCheckThread:100 - exiting critical section [integrity check]
2024-04-23 11:44:05,924 [INFO] IntegrityCheckThread:103 - End integrity checks thread
2024-04-23 11:44:24,745 [ERROR] LogOutputStream:75 - [STDERR_REDIRECT] SLF4J: Failed to load class "org.slf4j.impl.StaticLoggerBinder".
2024-04-23 11:44:24,746 [ERROR] LogOutputStream:75 - [STDERR_REDIRECT] SLF4J: Defaulting to no-operation (NOP) logger implementation
2024-04-23 11:44:24,747 [ERROR] LogOutputStream:75 - [STDERR_REDIRECT] SLF4J: See http://www.slf4j.org/codes.html#StaticLoggerBinder for further details.
